[0.015s] Invoking command in '/home/chen/Task/navigation_ws/build/velodyne_gazebo_plugins': CONDA_PROMPT_MODIFIER=(base) /usr/bin/cmake /home/chen/Task/navigation_ws/src/velodyne_simulator/velodyne_gazebo_plugins -DCATKIN_INSTALL_INTO_PREFIX_ROOT=0 -DCMAKE_INSTALL_PREFIX=/home/chen/Task/navigation_ws/install/velodyne_gazebo_plugins
[0.158s] -- The C compiler identification is GNU 11.4.0
[0.159s] -- The CXX compiler identification is GNU 11.4.0
[0.159s] -- Detecting C compiler ABI info
[0.159s] -- Detecting C compiler ABI info - done
[0.162s] -- Check for working C compiler: /usr/bin/cc - skipped
[0.162s] -- Detecting C compile features
[0.162s] -- Detecting C compile features - done
[0.164s] -- Detecting CXX compiler ABI info
[0.223s] -- Detecting CXX compiler ABI info - done
[0.228s] -- Check for working CXX compiler: /usr/bin/c++ - skipped
[0.228s] -- Detecting CXX compile features
[0.229s] -- Detecting CXX compile features - done
[0.237s] [31mCMake Error at CMakeLists.txt:4 (find_package):
[0.237s]   By not providing "Findcatkin.cmake" in CMAKE_MODULE_PATH this project has
[0.237s]   asked CMake to find a package configuration file provided by "catkin", but
[0.237s]   CMake did not find one.
[0.237s] 
[0.237s]   Could not find a package configuration file provided by "catkin" with any
[0.237s]   of the following names:
[0.237s] 
[0.237s]     catkinConfig.cmake
[0.237s]     catkin-config.cmake
[0.237s] 
[0.237s]   Add the installation prefix of "catkin" to CMAKE_PREFIX_PATH or set
[0.237s]   "catkin_DIR" to a directory containing one of the above files.  If "catkin"
[0.237s]   provides a separate development package or SDK, be sure it has been
[0.237s]   installed.
[0.238s] 
[0.238s] [0m
[0.238s] -- Configuring incomplete, errors occurred!
[0.238s] See also "/home/chen/Task/navigation_ws/build/velodyne_gazebo_plugins/CMakeFiles/CMakeOutput.log".
[0.295s] Invoked command in '/home/chen/Task/navigation_ws/build/velodyne_gazebo_plugins' returned '1': CONDA_PROMPT_MODIFIER=(base) /usr/bin/cmake /home/chen/Task/navigation_ws/src/velodyne_simulator/velodyne_gazebo_plugins -DCATKIN_INSTALL_INTO_PREFIX_ROOT=0 -DCMAKE_INSTALL_PREFIX=/home/chen/Task/navigation_ws/install/velodyne_gazebo_plugins
