[0.494s] Invoking command in '/home/chen/Task/navigation_ws/src/task_one': CONDA_PROMPT_MODIFIER=(base) PYTHONPATH=/home/chen/Task/navigation_ws/build/task_one/prefix_override:/usr/lib/python3/dist-packages/colcon_core/task/python/colcon_distutils_commands:/home/chen/Task/navigation_ws/install/task_one/lib/python3.10/site-packages:${PYTHONPATH} /usr/bin/python3 -W ignore:setup.py install is deprecated setup.py egg_info --egg-base ../../build/task_one build --build-base /home/chen/Task/navigation_ws/build/task_one/build install --record /home/chen/Task/navigation_ws/build/task_one/install.log --single-version-externally-managed install_data
[0.618s] running egg_info
[0.618s] writing ../../build/task_one/task_one.egg-info/PKG-INFO
[0.619s] writing dependency_links to ../../build/task_one/task_one.egg-info/dependency_links.txt
[0.619s] writing entry points to ../../build/task_one/task_one.egg-info/entry_points.txt
[0.619s] writing requirements to ../../build/task_one/task_one.egg-info/requires.txt
[0.619s] writing top-level names to ../../build/task_one/task_one.egg-info/top_level.txt
[0.620s] reading manifest file '../../build/task_one/task_one.egg-info/SOURCES.txt'
[0.620s] writing manifest file '../../build/task_one/task_one.egg-info/SOURCES.txt'
[0.620s] running build
[0.620s] running build_py
[0.620s] running install
[0.620s] running install_lib
[0.621s] running install_data
[0.621s] copying package.xml -> /home/chen/Task/navigation_ws/install/task_one/share/task_one
[0.621s] copying launch/display_xacro.launch.py -> /home/chen/Task/navigation_ws/install/task_one/share/task_one/launch
[0.621s] copying urdf/xiaoche.xacro -> /home/chen/Task/navigation_ws/install/task_one/share/task_one/urdf
[0.622s] running install_egg_info
[0.623s] removing '/home/chen/Task/navigation_ws/install/task_one/lib/python3.10/site-packages/task_one-0.0.0-py3.10.egg-info' (and everything under it)
[0.623s] Copying ../../build/task_one/task_one.egg-info to /home/chen/Task/navigation_ws/install/task_one/lib/python3.10/site-packages/task_one-0.0.0-py3.10.egg-info
[0.623s] running install_scripts
[0.637s] writing list of installed files to '/home/chen/Task/navigation_ws/build/task_one/install.log'
[0.663s] Invoked command in '/home/chen/Task/navigation_ws/src/task_one' returned '0': CONDA_PROMPT_MODIFIER=(base) PYTHONPATH=/home/chen/Task/navigation_ws/build/task_one/prefix_override:/usr/lib/python3/dist-packages/colcon_core/task/python/colcon_distutils_commands:/home/chen/Task/navigation_ws/install/task_one/lib/python3.10/site-packages:${PYTHONPATH} /usr/bin/python3 -W ignore:setup.py install is deprecated setup.py egg_info --egg-base ../../build/task_one build --build-base /home/chen/Task/navigation_ws/build/task_one/build install --record /home/chen/Task/navigation_ws/build/task_one/install.log --single-version-externally-managed install_data
