[0.017s] Invoking command in '/home/chen/Task/navigation_ws/build/velodyne_description': CONDA_PROMPT_MODIFIER=(base) /usr/bin/cmake --build /home/chen/Task/navigation_ws/build/velodyne_description -- -j16 -l16
[0.163s] -- Found ament_cmake: 1.3.10 (/opt/ros/humble/share/ament_cmake/cmake)
[0.164s] -- Found rclcpp: 16.0.10 (/opt/ros/humble/share/rclcpp/cmake)
[0.164s] -- Found rosidl_generator_c: 3.1.5 (/opt/ros/humble/share/rosidl_generator_c/cmake)
[0.164s] -- Found rosidl_adapter: 3.1.5 (/opt/ros/humble/share/rosidl_adapter/cmake)
[0.164s] -- Found rosidl_generator_cpp: 3.1.5 (/opt/ros/humble/share/rosidl_generator_cpp/cmake)
[0.164s] -- Using all available rosidl_typesupport_c: rosidl_typesupport_fastrtps_c;rosidl_typesupport_introspection_c
[0.166s] -- Using all available rosidl_typesupport_cpp: rosidl_typesupport_fastrtps_cpp;rosidl_typesupport_introspection_cpp
[0.185s] -- Found rmw_implementation_cmake: 6.1.2 (/opt/ros/humble/share/rmw_implementation_cmake/cmake)
[0.186s] -- Found rmw_fastrtps_cpp: 6.2.7 (/opt/ros/humble/share/rmw_fastrtps_cpp/cmake)
[0.261s] -- Using RMW implementation 'rmw_fastrtps_cpp' as default
[0.288s] -- Found sensor_msgs: 4.2.4 (/opt/ros/humble/share/sensor_msgs/cmake)
[0.304s] -- Found tf2_ros: 0.25.8 (/opt/ros/humble/share/tf2_ros/cmake)
[0.354s] -- Found urdf: 2.6.1 (/opt/ros/humble/share/urdf/cmake)
[0.366s] -- Found xacro: 2.0.8 (/opt/ros/humble/share/xacro/cmake)
[0.430s] -- Configuring done
[0.433s] -- Generating done
[0.435s] -- Build files have been written to: /home/chen/Task/navigation_ws/build/velodyne_description
[0.457s] Invoked command in '/home/chen/Task/navigation_ws/build/velodyne_description' returned '0': CONDA_PROMPT_MODIFIER=(base) /usr/bin/cmake --build /home/chen/Task/navigation_ws/build/velodyne_description -- -j16 -l16
[0.503s] Invoking command in '/home/chen/Task/navigation_ws/build/velodyne_description': CONDA_PROMPT_MODIFIER=(base) /usr/bin/cmake --install /home/chen/Task/navigation_ws/build/velodyne_description
[0.509s] -- Install configuration: ""
[0.509s] -- Up-to-date: /home/chen/Task/navigation_ws/install/velodyne_description/share/velodyne_description/urdf
[0.509s] -- Up-to-date: /home/chen/Task/navigation_ws/install/velodyne_description/share/velodyne_description/urdf/HDL-32E.urdf.xacro
[0.509s] -- Up-to-date: /home/chen/Task/navigation_ws/install/velodyne_description/share/velodyne_description/urdf/VLP-16.urdf.xacro
[0.509s] -- Up-to-date: /home/chen/Task/navigation_ws/install/velodyne_description/share/velodyne_description/urdf/example.urdf.xacro
[0.509s] -- Up-to-date: /home/chen/Task/navigation_ws/install/velodyne_description/share/velodyne_description/launch
[0.509s] -- Up-to-date: /home/chen/Task/navigation_ws/install/velodyne_description/share/velodyne_description/launch/example.launch
[0.509s] -- Up-to-date: /home/chen/Task/navigation_ws/install/velodyne_description/share/velodyne_description/meshes
[0.509s] -- Up-to-date: /home/chen/Task/navigation_ws/install/velodyne_description/share/velodyne_description/meshes/VLP16_base_1.dae
[0.509s] -- Up-to-date: /home/chen/Task/navigation_ws/install/velodyne_description/share/velodyne_description/meshes/HDL32E_base.stl
[0.509s] -- Up-to-date: /home/chen/Task/navigation_ws/install/velodyne_description/share/velodyne_description/meshes/VLP16_base_1.stl
[0.509s] -- Up-to-date: /home/chen/Task/navigation_ws/install/velodyne_description/share/velodyne_description/meshes/VLP16_base_2.dae
[0.509s] -- Up-to-date: /home/chen/Task/navigation_ws/install/velodyne_description/share/velodyne_description/meshes/VLP16_base_2.stl
[0.509s] -- Up-to-date: /home/chen/Task/navigation_ws/install/velodyne_description/share/velodyne_description/meshes/HDL32E_base.dae
[0.509s] -- Up-to-date: /home/chen/Task/navigation_ws/install/velodyne_description/share/velodyne_description/meshes/VLP16_scan.dae
[0.509s] -- Up-to-date: /home/chen/Task/navigation_ws/install/velodyne_description/share/velodyne_description/meshes/HDL32E_scan.stl
[0.509s] -- Up-to-date: /home/chen/Task/navigation_ws/install/velodyne_description/share/velodyne_description/meshes/VLP16_scan.stl
[0.510s] -- Up-to-date: /home/chen/Task/navigation_ws/install/velodyne_description/share/velodyne_description/meshes/HDL32E_scan.dae
[0.510s] -- Up-to-date: /home/chen/Task/navigation_ws/install/velodyne_description/share/velodyne_description/package.xml
[0.510s] -- Installing: /home/chen/Task/navigation_ws/install/velodyne_description/share/velodyne_description/CMakeLists.txt
[0.515s] -- Up-to-date: /home/chen/Task/navigation_ws/install/velodyne_description/share/ament_index/resource_index/package_run_dependencies/velodyne_description
[0.515s] -- Up-to-date: /home/chen/Task/navigation_ws/install/velodyne_description/share/ament_index/resource_index/parent_prefix_path/velodyne_description
[0.515s] -- Up-to-date: /home/chen/Task/navigation_ws/install/velodyne_description/share/velodyne_description/environment/ament_prefix_path.sh
[0.515s] -- Installing: /home/chen/Task/navigation_ws/install/velodyne_description/share/velodyne_description/environment/ament_prefix_path.dsv
[0.516s] -- Up-to-date: /home/chen/Task/navigation_ws/install/velodyne_description/share/velodyne_description/environment/path.sh
[0.516s] -- Installing: /home/chen/Task/navigation_ws/install/velodyne_description/share/velodyne_description/environment/path.dsv
[0.516s] -- Up-to-date: /home/chen/Task/navigation_ws/install/velodyne_description/share/velodyne_description/local_setup.bash
[0.516s] -- Up-to-date: /home/chen/Task/navigation_ws/install/velodyne_description/share/velodyne_description/local_setup.sh
[0.516s] -- Up-to-date: /home/chen/Task/navigation_ws/install/velodyne_description/share/velodyne_description/local_setup.zsh
[0.516s] -- Installing: /home/chen/Task/navigation_ws/install/velodyne_description/share/velodyne_description/local_setup.dsv
[0.516s] -- Installing: /home/chen/Task/navigation_ws/install/velodyne_description/share/velodyne_description/package.dsv
[0.516s] -- Up-to-date: /home/chen/Task/navigation_ws/install/velodyne_description/share/ament_index/resource_index/packages/velodyne_description
[0.516s] -- Up-to-date: /home/chen/Task/navigation_ws/install/velodyne_description/share/velodyne_description/cmake/ament_cmake_export_dependencies-extras.cmake
[0.516s] -- Up-to-date: /home/chen/Task/navigation_ws/install/velodyne_description/share/velodyne_description/cmake/velodyne_descriptionConfig.cmake
[0.516s] -- Up-to-date: /home/chen/Task/navigation_ws/install/velodyne_description/share/velodyne_description/cmake/velodyne_descriptionConfig-version.cmake
[0.516s] -- Up-to-date: /home/chen/Task/navigation_ws/install/velodyne_description/share/velodyne_description/package.xml
[0.518s] Invoked command in '/home/chen/Task/navigation_ws/build/velodyne_description' returned '0': CONDA_PROMPT_MODIFIER=(base) /usr/bin/cmake --install /home/chen/Task/navigation_ws/build/velodyne_description
