[0.016s] Invoking command in '/home/chen/Task/navigation_ws/build/velodyne_description': CONDA_PROMPT_MODIFIER=(base) /usr/bin/cmake /home/chen/Task/navigation_ws/src/velodyne_simulator/velodyne_description -DCATKIN_INSTALL_INTO_PREFIX_ROOT=0 -DCMAKE_INSTALL_PREFIX=/home/chen/Task/navigation_ws/install/velodyne_description
[0.160s] -- Found ament_cmake: 1.3.10 (/opt/ros/humble/share/ament_cmake/cmake)
[0.160s] -- Found rclcpp: 16.0.10 (/opt/ros/humble/share/rclcpp/cmake)
[0.161s] -- Found rosidl_generator_c: 3.1.5 (/opt/ros/humble/share/rosidl_generator_c/cmake)
[0.161s] -- Found rosidl_adapter: 3.1.5 (/opt/ros/humble/share/rosidl_adapter/cmake)
[0.161s] -- Found rosidl_generator_cpp: 3.1.5 (/opt/ros/humble/share/rosidl_generator_cpp/cmake)
[0.161s] -- Using all available rosidl_typesupport_c: rosidl_typesupport_fastrtps_c;rosidl_typesupport_introspection_c
[0.161s] -- Using all available rosidl_typesupport_cpp: rosidl_typesupport_fastrtps_cpp;rosidl_typesupport_introspection_cpp
[0.173s] -- Found rmw_implementation_cmake: 6.1.2 (/opt/ros/humble/share/rmw_implementation_cmake/cmake)
[0.173s] -- Found rmw_fastrtps_cpp: 6.2.7 (/opt/ros/humble/share/rmw_fastrtps_cpp/cmake)
[0.252s] -- Using RMW implementation 'rmw_fastrtps_cpp' as default
[0.281s] -- Found sensor_msgs: 4.2.4 (/opt/ros/humble/share/sensor_msgs/cmake)
[0.297s] -- Found tf2_ros: 0.25.8 (/opt/ros/humble/share/tf2_ros/cmake)
[0.347s] -- Found urdf: 2.6.1 (/opt/ros/humble/share/urdf/cmake)
[0.360s] -- Found xacro: 2.0.8 (/opt/ros/humble/share/xacro/cmake)
[0.420s] -- Configuring done
[0.424s] -- Generating done
[0.425s] -- Build files have been written to: /home/chen/Task/navigation_ws/build/velodyne_description
[0.434s] Invoked command in '/home/chen/Task/navigation_ws/build/velodyne_description' returned '0': CONDA_PROMPT_MODIFIER=(base) /usr/bin/cmake /home/chen/Task/navigation_ws/src/velodyne_simulator/velodyne_description -DCATKIN_INSTALL_INTO_PREFIX_ROOT=0 -DCMAKE_INSTALL_PREFIX=/home/chen/Task/navigation_ws/install/velodyne_description
[0.436s] Invoking command in '/home/chen/Task/navigation_ws/build/velodyne_description': CONDA_PROMPT_MODIFIER=(base) /usr/bin/cmake --build /home/chen/Task/navigation_ws/build/velodyne_description -- -j16 -l16
[0.470s] Invoked command in '/home/chen/Task/navigation_ws/build/velodyne_description' returned '0': CONDA_PROMPT_MODIFIER=(base) /usr/bin/cmake --build /home/chen/Task/navigation_ws/build/velodyne_description -- -j16 -l16
[0.518s] Invoking command in '/home/chen/Task/navigation_ws/build/velodyne_description': CONDA_PROMPT_MODIFIER=(base) /usr/bin/cmake --install /home/chen/Task/navigation_ws/build/velodyne_description
[0.524s] -- Install configuration: ""
[0.524s] -- Installing: /home/chen/Task/navigation_ws/install/velodyne_description/share/velodyne_description/urdf
[0.524s] -- Installing: /home/chen/Task/navigation_ws/install/velodyne_description/share/velodyne_description/urdf/HDL-32E.urdf.xacro
[0.524s] -- Installing: /home/chen/Task/navigation_ws/install/velodyne_description/share/velodyne_description/urdf/VLP-16.urdf.xacro
[0.524s] -- Installing: /home/chen/Task/navigation_ws/install/velodyne_description/share/velodyne_description/urdf/example.urdf.xacro
[0.524s] -- Installing: /home/chen/Task/navigation_ws/install/velodyne_description/share/velodyne_description/launch
[0.524s] -- Installing: /home/chen/Task/navigation_ws/install/velodyne_description/share/velodyne_description/launch/example.launch
[0.524s] -- Installing: /home/chen/Task/navigation_ws/install/velodyne_description/share/velodyne_description/meshes
[0.524s] -- Installing: /home/chen/Task/navigation_ws/install/velodyne_description/share/velodyne_description/meshes/VLP16_base_1.dae
[0.525s] -- Installing: /home/chen/Task/navigation_ws/install/velodyne_description/share/velodyne_description/meshes/HDL32E_base.stl
[0.525s] -- Installing: /home/chen/Task/navigation_ws/install/velodyne_description/share/velodyne_description/meshes/VLP16_base_1.stl
[0.525s] -- Installing: /home/chen/Task/navigation_ws/install/velodyne_description/share/velodyne_description/meshes/VLP16_base_2.dae
[0.526s] -- Installing: /home/chen/Task/navigation_ws/install/velodyne_description/share/velodyne_description/meshes/VLP16_base_2.stl
[0.526s] -- Installing: /home/chen/Task/navigation_ws/install/velodyne_description/share/velodyne_description/meshes/HDL32E_base.dae
[0.526s] -- Installing: /home/chen/Task/navigation_ws/install/velodyne_description/share/velodyne_description/meshes/VLP16_scan.dae
[0.526s] -- Installing: /home/chen/Task/navigation_ws/install/velodyne_description/share/velodyne_description/meshes/HDL32E_scan.stl
[0.526s] -- Installing: /home/chen/Task/navigation_ws/install/velodyne_description/share/velodyne_description/meshes/VLP16_scan.stl
[0.527s] -- Installing: /home/chen/Task/navigation_ws/install/velodyne_description/share/velodyne_description/meshes/HDL32E_scan.dae
[0.527s] [31mCMake Error at cmake_install.cmake:58 (file):
[0.527s]   file INSTALL cannot find
[0.527s]   "/home/chen/Task/navigation_ws/src/velodyne_simulator/velodyne_description/config":
[0.527s]   No such file or directory.
[0.527s] 
[0.527s] [0m
[0.529s] Invoked command in '/home/chen/Task/navigation_ws/build/velodyne_description' returned '1': CONDA_PROMPT_MODIFIER=(base) /usr/bin/cmake --install /home/chen/Task/navigation_ws/build/velodyne_description
