[0.018s] Invoking command in '/home/chen/Task/navigation_ws/build/velodyne_gazebo_plugins': CONDA_PROMPT_MODIFIER=(base) /usr/bin/cmake --build /home/chen/Task/navigation_ws/build/velodyne_gazebo_plugins -- -j16 -l16
[0.162s] -- Found ament_cmake: 1.3.10 (/opt/ros/humble/share/ament_cmake/cmake)
[0.162s] -- Found rclcpp: 16.0.10 (/opt/ros/humble/share/rclcpp/cmake)
[0.162s] -- Found rosidl_generator_c: 3.1.5 (/opt/ros/humble/share/rosidl_generator_c/cmake)
[0.162s] -- Found rosidl_adapter: 3.1.5 (/opt/ros/humble/share/rosidl_adapter/cmake)
[0.162s] -- Found rosidl_generator_cpp: 3.1.5 (/opt/ros/humble/share/rosidl_generator_cpp/cmake)
[0.162s] -- Using all available rosidl_typesupport_c: rosidl_typesupport_fastrtps_c;rosidl_typesupport_introspection_c
[0.163s] -- Using all available rosidl_typesupport_cpp: rosidl_typesupport_fastrtps_cpp;rosidl_typesupport_introspection_cpp
[0.183s] -- Found rmw_implementation_cmake: 6.1.2 (/opt/ros/humble/share/rmw_implementation_cmake/cmake)
[0.183s] -- Found rmw_fastrtps_cpp: 6.2.7 (/opt/ros/humble/share/rmw_fastrtps_cpp/cmake)
[0.263s] -- Using RMW implementation 'rmw_fastrtps_cpp' as default
[0.290s] -- Found sensor_msgs: 4.2.4 (/opt/ros/humble/share/sensor_msgs/cmake)
[0.309s] -- Found tf2_ros: 0.25.8 (/opt/ros/humble/share/tf2_ros/cmake)
[0.357s] -- Found gazebo_ros: 3.7.0 (/opt/ros/humble/share/gazebo_ros/cmake)
[0.379s] -- Found DART: /usr/include (Required is at least version "6.6") found components: dart 
[0.397s] -- Found Protobuf: /usr/lib/x86_64-linux-gnu/libprotobuf.so (found version "3.12.4") 
[0.398s] -- Looking for ignition-math6 -- found version 6.15.1
[0.400s] -- Searching for dependencies of ignition-math6
[0.401s] -- Looking for OGRE...
[0.408s] -- Found Ogre Ghadamon (1.9.0)
[0.408s] -- Found OGRE: optimized;/usr/lib/x86_64-linux-gnu/libOgreMain.so;debug;/usr/lib/x86_64-linux-gnu/libOgreMain.so
[0.416s] -- Looking for OGRE_Paging...
[0.416s] -- Found OGRE_Paging: optimized;/usr/lib/x86_64-linux-gnu/libOgrePaging.so;debug;/usr/lib/x86_64-linux-gnu/libOgrePaging.so
[0.416s] -- Looking for OGRE_Terrain...
[0.416s] -- Found OGRE_Terrain: optimized;/usr/lib/x86_64-linux-gnu/libOgreTerrain.so;debug;/usr/lib/x86_64-linux-gnu/libOgreTerrain.so
[0.416s] -- Looking for OGRE_Property...
[0.416s] -- Found OGRE_Property: optimized;/usr/lib/x86_64-linux-gnu/libOgreProperty.so;debug;/usr/lib/x86_64-linux-gnu/libOgreProperty.so
[0.416s] -- Looking for OGRE_RTShaderSystem...
[0.416s] -- Found OGRE_RTShaderSystem: optimized;/usr/lib/x86_64-linux-gnu/libOgreRTShaderSystem.so;debug;/usr/lib/x86_64-linux-gnu/libOgreRTShaderSystem.so
[0.416s] -- Looking for OGRE_Volume...
[0.416s] -- Found OGRE_Volume: optimized;/usr/lib/x86_64-linux-gnu/libOgreVolume.so;debug;/usr/lib/x86_64-linux-gnu/libOgreVolume.so
[0.416s] -- Looking for OGRE_Overlay...
[0.416s] -- Found OGRE_Overlay: optimized;/usr/lib/x86_64-linux-gnu/libOgreOverlay.so;debug;/usr/lib/x86_64-linux-gnu/libOgreOverlay.so
[0.480s] -- Looking for ignition-math6 -- found version 6.15.1
[0.480s] -- Looking for ignition-transport8 -- found version 8.2.1
[0.481s] -- Searching for dependencies of ignition-transport8
[0.496s] -- Found Protobuf: /usr/lib/x86_64-linux-gnu/libprotobuf.so (found suitable version "3.12.4", minimum required is "3") 
[0.503s] -- Config-file not installed for ZeroMQ -- checking for pkg-config
[0.506s] -- Checking for module 'libzmq >= 4'
[0.521s] --   Found libzmq , version 4.3.4
[0.559s] -- Checking for module 'uuid'
[0.571s] --   Found uuid, version 2.37.2
[0.603s] -- Looking for ignition-msgs5 -- found version 5.8.1
[0.603s] -- Searching for dependencies of ignition-msgs5
[0.620s] -- Looking for ignition-math6 -- found version 6.15.1
[0.624s] -- Checking for module 'tinyxml2'
[0.637s] --   Found tinyxml2, version 9.0.0
[0.670s] -- Looking for ignition-msgs5 -- found version 5.8.1
[0.670s] -- Looking for ignition-common3 -- found version 3.14.0
[0.670s] -- Searching for dependencies of ignition-common3
[0.670s] -- Looking for dlfcn.h - found
[0.670s] -- Looking for libdl - found
[0.679s] -- Searching for <ignition-common3> component [graphics]
[0.679s] -- Looking for ignition-common3-graphics -- found version 3.14.0
[0.679s] -- Searching for dependencies of ignition-common3-graphics
[0.680s] -- Looking for ignition-math6 -- found version 6.15.1
[0.680s] -- Looking for ignition-fuel_tools4 -- found version 4.4.0
[0.680s] -- Searching for dependencies of ignition-fuel_tools4
[0.711s] -- Checking for module 'jsoncpp'
[0.721s] --   Found jsoncpp, version 1.9.5
[0.756s] -- Checking for module 'libzip'
[0.769s] --   Found libzip, version 1.7.3
[0.799s] -- Looking for ignition-common3 -- found version 3.14.0
[0.799s] -- Looking for ignition-math6 -- found version 6.15.1
[0.799s] -- Looking for ignition-msgs5 -- found version 5.8.1
[0.800s] -- Gazebo version: 11.10
[0.859s] -- Configuring done
[0.863s] -- Generating done
[0.865s] -- Build files have been written to: /home/chen/Task/navigation_ws/build/velodyne_gazebo_plugins
[0.892s] Invoked command in '/home/chen/Task/navigation_ws/build/velodyne_gazebo_plugins' returned '0': CONDA_PROMPT_MODIFIER=(base) /usr/bin/cmake --build /home/chen/Task/navigation_ws/build/velodyne_gazebo_plugins -- -j16 -l16
[0.937s] Invoking command in '/home/chen/Task/navigation_ws/build/velodyne_gazebo_plugins': CONDA_PROMPT_MODIFIER=(base) /usr/bin/cmake --install /home/chen/Task/navigation_ws/build/velodyne_gazebo_plugins
[0.943s] -- Install configuration: ""
[0.943s] -- Up-to-date: /home/chen/Task/navigation_ws/install/velodyne_gazebo_plugins/share/velodyne_gazebo_plugins/src
[0.943s] -- Up-to-date: /home/chen/Task/navigation_ws/install/velodyne_gazebo_plugins/share/velodyne_gazebo_plugins/src/GazeboRosVelodyneLaser.cpp
[0.943s] -- Installing: /home/chen/Task/navigation_ws/install/velodyne_gazebo_plugins/share/velodyne_gazebo_plugins/package.xml
[0.943s] -- Installing: /home/chen/Task/navigation_ws/install/velodyne_gazebo_plugins/share/velodyne_gazebo_plugins/CMakeLists.txt
[0.949s] -- Installing: /home/chen/Task/navigation_ws/install/velodyne_gazebo_plugins/share/ament_index/resource_index/package_run_dependencies/velodyne_gazebo_plugins
[0.949s] -- Installing: /home/chen/Task/navigation_ws/install/velodyne_gazebo_plugins/share/ament_index/resource_index/parent_prefix_path/velodyne_gazebo_plugins
[0.949s] -- Installing: /home/chen/Task/navigation_ws/install/velodyne_gazebo_plugins/share/velodyne_gazebo_plugins/environment/ament_prefix_path.sh
[0.949s] -- Installing: /home/chen/Task/navigation_ws/install/velodyne_gazebo_plugins/share/velodyne_gazebo_plugins/environment/ament_prefix_path.dsv
[0.950s] -- Installing: /home/chen/Task/navigation_ws/install/velodyne_gazebo_plugins/share/velodyne_gazebo_plugins/environment/path.sh
[0.950s] -- Installing: /home/chen/Task/navigation_ws/install/velodyne_gazebo_plugins/share/velodyne_gazebo_plugins/environment/path.dsv
[0.950s] -- Installing: /home/chen/Task/navigation_ws/install/velodyne_gazebo_plugins/share/velodyne_gazebo_plugins/local_setup.bash
[0.950s] -- Installing: /home/chen/Task/navigation_ws/install/velodyne_gazebo_plugins/share/velodyne_gazebo_plugins/local_setup.sh
[0.950s] -- Installing: /home/chen/Task/navigation_ws/install/velodyne_gazebo_plugins/share/velodyne_gazebo_plugins/local_setup.zsh
[0.950s] -- Installing: /home/chen/Task/navigation_ws/install/velodyne_gazebo_plugins/share/velodyne_gazebo_plugins/local_setup.dsv
[0.950s] -- Installing: /home/chen/Task/navigation_ws/install/velodyne_gazebo_plugins/share/velodyne_gazebo_plugins/package.dsv
[0.950s] -- Installing: /home/chen/Task/navigation_ws/install/velodyne_gazebo_plugins/share/ament_index/resource_index/packages/velodyne_gazebo_plugins
[0.950s] -- Installing: /home/chen/Task/navigation_ws/install/velodyne_gazebo_plugins/share/velodyne_gazebo_plugins/cmake/ament_cmake_export_dependencies-extras.cmake
[0.950s] -- Installing: /home/chen/Task/navigation_ws/install/velodyne_gazebo_plugins/share/velodyne_gazebo_plugins/cmake/velodyne_gazebo_pluginsConfig.cmake
[0.950s] -- Installing: /home/chen/Task/navigation_ws/install/velodyne_gazebo_plugins/share/velodyne_gazebo_plugins/cmake/velodyne_gazebo_pluginsConfig-version.cmake
[0.951s] -- Up-to-date: /home/chen/Task/navigation_ws/install/velodyne_gazebo_plugins/share/velodyne_gazebo_plugins/package.xml
[0.952s] Invoked command in '/home/chen/Task/navigation_ws/build/velodyne_gazebo_plugins' returned '0': CONDA_PROMPT_MODIFIER=(base) /usr/bin/cmake --install /home/chen/Task/navigation_ws/build/velodyne_gazebo_plugins
