[0.350s] Invoking command in '/home/chen/Task/navigation_ws/src/task_one': CMAKE_PREFIX_PATH=/home/chen/Task/navigation_ws/install/velodyne_description:/home/chen/Task/navigation_ws/install/velodyne_simulator:/home/chen/Task/navigation_ws/install/velodyne_gazebo_plugins CONDA_PROMPT_MODIFIER=(base) PKG_CONFIG_PATH=/home/chen/Task/navigation_ws/install/velodyne_description/lib/x86_64-linux-gnu/pkgconfig:/home/chen/Task/navigation_ws/install/velodyne_description/lib/pkgconfig:/home/chen/Task/navigation_ws/install/velodyne_simulator/lib/x86_64-linux-gnu/pkgconfig:/home/chen/Task/navigation_ws/install/velodyne_simulator/lib/pkgconfig:/home/chen/Task/navigation_ws/install/velodyne_gazebo_plugins/lib/x86_64-linux-gnu/pkgconfig:/home/chen/Task/navigation_ws/install/velodyne_gazebo_plugins/lib/pkgconfig PYTHONPATH=/home/chen/Task/navigation_ws/build/task_one/prefix_override:/usr/lib/python3/dist-packages/colcon_core/task/python/colcon_distutils_commands:/home/chen/Task/navigation_ws/install/task_one/lib/python3.10/site-packages:${PYTHONPATH} ROS_PACKAGE_PATH=/home/chen/Task/navigation_ws/install/velodyne_description/share:/home/chen/Task/navigation_ws/install/velodyne_simulator/share:/home/chen/Task/navigation_ws/install/velodyne_gazebo_plugins/share /usr/bin/python3 -W ignore:setup.py install is deprecated setup.py egg_info --egg-base ../../build/task_one build --build-base /home/chen/Task/navigation_ws/build/task_one/build install --record /home/chen/Task/navigation_ws/build/task_one/install.log --single-version-externally-managed install_data
[0.475s] running egg_info
[0.475s] writing ../../build/task_one/task_one.egg-info/PKG-INFO
[0.476s] writing dependency_links to ../../build/task_one/task_one.egg-info/dependency_links.txt
[0.476s] writing entry points to ../../build/task_one/task_one.egg-info/entry_points.txt
[0.476s] writing requirements to ../../build/task_one/task_one.egg-info/requires.txt
[0.476s] writing top-level names to ../../build/task_one/task_one.egg-info/top_level.txt
[0.477s] reading manifest file '../../build/task_one/task_one.egg-info/SOURCES.txt'
[0.477s] writing manifest file '../../build/task_one/task_one.egg-info/SOURCES.txt'
[0.477s] running build
[0.477s] running build_py
[0.477s] running install
[0.478s] running install_lib
[0.478s] running install_data
[0.478s] copying package.xml -> /home/chen/Task/navigation_ws/install/task_one/share/task_one
[0.478s] running install_egg_info
[0.480s] removing '/home/chen/Task/navigation_ws/install/task_one/lib/python3.10/site-packages/task_one-0.0.0-py3.10.egg-info' (and everything under it)
[0.480s] Copying ../../build/task_one/task_one.egg-info to /home/chen/Task/navigation_ws/install/task_one/lib/python3.10/site-packages/task_one-0.0.0-py3.10.egg-info
[0.481s] running install_scripts
[0.496s] writing list of installed files to '/home/chen/Task/navigation_ws/build/task_one/install.log'
[0.520s] Invoked command in '/home/chen/Task/navigation_ws/src/task_one' returned '0': CMAKE_PREFIX_PATH=/home/chen/Task/navigation_ws/install/velodyne_description:/home/chen/Task/navigation_ws/install/velodyne_simulator:/home/chen/Task/navigation_ws/install/velodyne_gazebo_plugins CONDA_PROMPT_MODIFIER=(base) PKG_CONFIG_PATH=/home/chen/Task/navigation_ws/install/velodyne_description/lib/x86_64-linux-gnu/pkgconfig:/home/chen/Task/navigation_ws/install/velodyne_description/lib/pkgconfig:/home/chen/Task/navigation_ws/install/velodyne_simulator/lib/x86_64-linux-gnu/pkgconfig:/home/chen/Task/navigation_ws/install/velodyne_simulator/lib/pkgconfig:/home/chen/Task/navigation_ws/install/velodyne_gazebo_plugins/lib/x86_64-linux-gnu/pkgconfig:/home/chen/Task/navigation_ws/install/velodyne_gazebo_plugins/lib/pkgconfig PYTHONPATH=/home/chen/Task/navigation_ws/build/task_one/prefix_override:/usr/lib/python3/dist-packages/colcon_core/task/python/colcon_distutils_commands:/home/chen/Task/navigation_ws/install/task_one/lib/python3.10/site-packages:${PYTHONPATH} ROS_PACKAGE_PATH=/home/chen/Task/navigation_ws/install/velodyne_description/share:/home/chen/Task/navigation_ws/install/velodyne_simulator/share:/home/chen/Task/navigation_ws/install/velodyne_gazebo_plugins/share /usr/bin/python3 -W ignore:setup.py install is deprecated setup.py egg_info --egg-base ../../build/task_one build --build-base /home/chen/Task/navigation_ws/build/task_one/build install --record /home/chen/Task/navigation_ws/build/task_one/install.log --single-version-externally-managed install_data
