[0.009s] Invoking command in '/home/chen/Task/navigation_ws/build/velodyne_simulator': CMAKE_PREFIX_PATH=/home/chen/Task/navigation_ws/install/velodyne_gazebo_plugins:/home/chen/Task/navigation_ws/install/velodyne_description CONDA_PROMPT_MODIFIER=(base) PKG_CONFIG_PATH=/home/chen/Task/navigation_ws/install/velodyne_gazebo_plugins/lib/x86_64-linux-gnu/pkgconfig:/home/chen/Task/navigation_ws/install/velodyne_gazebo_plugins/lib/pkgconfig:/home/chen/Task/navigation_ws/install/velodyne_description/lib/x86_64-linux-gnu/pkgconfig:/home/chen/Task/navigation_ws/install/velodyne_description/lib/pkgconfig ROS_PACKAGE_PATH=/home/chen/Task/navigation_ws/install/velodyne_gazebo_plugins/share:/home/chen/Task/navigation_ws/install/velodyne_description/share /usr/bin/cmake /home/chen/Task/navigation_ws/src/velodyne_simulator/velodyne_simulator -DCATKIN_INSTALL_INTO_PREFIX_ROOT=0 -DCMAKE_INSTALL_PREFIX=/home/chen/Task/navigation_ws/install/velodyne_simulator
[0.049s] -- The C compiler identification is GNU 11.4.0
[0.089s] -- The CXX compiler identification is GNU 11.4.0
[0.095s] -- Detecting C compiler ABI info
[0.152s] -- Detecting C compiler ABI info - done
[0.156s] -- Check for working C compiler: /usr/bin/cc - skipped
[0.156s] -- Detecting C compile features
[0.156s] -- Detecting C compile features - done
[0.158s] -- Detecting CXX compiler ABI info
[0.221s] -- Detecting CXX compiler ABI info - done
[0.226s] -- Check for working CXX compiler: /usr/bin/c++ - skipped
[0.226s] -- Detecting CXX compile features
[0.226s] -- Detecting CXX compile features - done
[0.228s] -- Found ament_cmake: 1.3.10 (/opt/ros/humble/share/ament_cmake/cmake)
[0.476s] -- Found Python3: /home/chen/miniconda3/bin/python3 (found version "3.12.4") found components: Interpreter 
[0.541s] -- Found rclcpp: 16.0.10 (/opt/ros/humble/share/rclcpp/cmake)
[0.566s] -- Found rosidl_generator_c: 3.1.5 (/opt/ros/humble/share/rosidl_generator_c/cmake)
[0.569s] -- Found rosidl_adapter: 3.1.5 (/opt/ros/humble/share/rosidl_adapter/cmake)
[0.574s] -- Found rosidl_generator_cpp: 3.1.5 (/opt/ros/humble/share/rosidl_generator_cpp/cmake)
[0.580s] -- Using all available rosidl_typesupport_c: rosidl_typesupport_fastrtps_c;rosidl_typesupport_introspection_c
[0.592s] -- Using all available rosidl_typesupport_cpp: rosidl_typesupport_fastrtps_cpp;rosidl_typesupport_introspection_cpp
[0.619s] -- Found rmw_implementation_cmake: 6.1.2 (/opt/ros/humble/share/rmw_implementation_cmake/cmake)
[0.620s] -- Found rmw_fastrtps_cpp: 6.2.7 (/opt/ros/humble/share/rmw_fastrtps_cpp/cmake)
[0.694s] -- Found OpenSSL: /usr/lib/x86_64-linux-gnu/libcrypto.so (found version "3.0.2")  
[0.714s] -- Found FastRTPS: /opt/ros/humble/include  
[0.746s] -- Using RMW implementation 'rmw_fastrtps_cpp' as default
[0.751s] -- Looking for pthread.h
[0.808s] -- Looking for pthread.h - found
[0.808s] -- Performing Test CMAKE_HAVE_LIBC_PTHREAD
[0.865s] -- Performing Test CMAKE_HAVE_LIBC_PTHREAD - Success
[0.866s] -- Found Threads: TRUE  
[0.895s] -- Found sensor_msgs: 4.2.4 (/opt/ros/humble/share/sensor_msgs/cmake)
[0.914s] -- Found tf2_ros: 0.25.8 (/opt/ros/humble/share/tf2_ros/cmake)
[0.975s] -- Found gazebo_ros: 3.7.0 (/opt/ros/humble/share/gazebo_ros/cmake)
[0.983s] -- Found PkgConfig: /usr/bin/pkg-config (found version "0.29.2") 
[0.984s] -- Checking for module 'bullet>=2.82'
[0.994s] --   Found bullet, version 3.05
[1.087s] -- Found fcl: /usr/include (found suitable version "0.7.0", minimum required is "0.5.0") 
[1.134s] -- Found assimp: /usr/include (found version "5.2.0") 
[1.145s] -- Found DART: /usr/include (Required is at least version "6.6") found components: dart 
[1.160s] -- Found Boost: /usr/lib/x86_64-linux-gnu/cmake/Boost-1.74.0/BoostConfig.cmake (found suitable version "1.74.0", minimum required is "1.40.0") found components: thread system filesystem program_options regex iostreams date_time 
[1.171s] -- Found Protobuf: /usr/lib/x86_64-linux-gnu/libprotobuf.so (found version "3.12.4") 
[1.174s] -- Looking for ignition-math6 -- found version 6.15.1
[1.178s] -- Searching for dependencies of ignition-math6
[1.179s] -- Looking for OGRE...
[1.179s] -- OGRE_PREFIX_WATCH changed.
[1.183s] -- Checking for module 'OGRE'
[1.194s] --   Found OGRE, version 1.9.0
[1.224s] -- Found Ogre Ghadamon (1.9.0)
[1.229s] -- Found OGRE: optimized;/usr/lib/x86_64-linux-gnu/libOgreMain.so;debug;/usr/lib/x86_64-linux-gnu/libOgreMain.so
[1.236s] -- Looking for OGRE_Paging...
[1.240s] -- Found OGRE_Paging: optimized;/usr/lib/x86_64-linux-gnu/libOgrePaging.so;debug;/usr/lib/x86_64-linux-gnu/libOgrePaging.so
[1.240s] -- Looking for OGRE_Terrain...
[1.243s] -- Found OGRE_Terrain: optimized;/usr/lib/x86_64-linux-gnu/libOgreTerrain.so;debug;/usr/lib/x86_64-linux-gnu/libOgreTerrain.so
[1.243s] -- Looking for OGRE_Property...
[1.246s] -- Found OGRE_Property: optimized;/usr/lib/x86_64-linux-gnu/libOgreProperty.so;debug;/usr/lib/x86_64-linux-gnu/libOgreProperty.so
[1.246s] -- Looking for OGRE_RTShaderSystem...
[1.249s] -- Found OGRE_RTShaderSystem: optimized;/usr/lib/x86_64-linux-gnu/libOgreRTShaderSystem.so;debug;/usr/lib/x86_64-linux-gnu/libOgreRTShaderSystem.so
[1.249s] -- Looking for OGRE_Volume...
[1.251s] -- Found OGRE_Volume: optimized;/usr/lib/x86_64-linux-gnu/libOgreVolume.so;debug;/usr/lib/x86_64-linux-gnu/libOgreVolume.so
[1.252s] -- Looking for OGRE_Overlay...
[1.254s] -- Found OGRE_Overlay: optimized;/usr/lib/x86_64-linux-gnu/libOgreOverlay.so;debug;/usr/lib/x86_64-linux-gnu/libOgreOverlay.so
[1.313s] -- Looking for ignition-math6 -- found version 6.15.1
[1.315s] -- Looking for ignition-transport8 -- found version 8.2.1
[1.315s] -- Searching for dependencies of ignition-transport8
[1.329s] -- Found Protobuf: /usr/lib/x86_64-linux-gnu/libprotobuf.so (found suitable version "3.12.4", minimum required is "3") 
[1.339s] -- Config-file not installed for ZeroMQ -- checking for pkg-config
[1.345s] -- Checking for module 'libzmq >= 4'
[1.358s] --   Found libzmq , version 4.3.4
[1.393s] -- Found ZeroMQ: TRUE (Required is at least version "4") 
[1.399s] -- Checking for module 'uuid'
[1.413s] --   Found uuid, version 2.37.2
[1.445s] -- Found UUID: TRUE  
[1.447s] -- Looking for ignition-msgs5 -- found version 5.8.1
[1.447s] -- Searching for dependencies of ignition-msgs5
[1.464s] -- Looking for ignition-math6 -- found version 6.15.1
[1.469s] -- Checking for module 'tinyxml2'
[1.480s] --   Found tinyxml2, version 9.0.0
[1.515s] -- Looking for ignition-msgs5 -- found version 5.8.1
[1.516s] -- Looking for ignition-common3 -- found version 3.14.0
[1.516s] -- Searching for dependencies of ignition-common3
[1.517s] -- Looking for dlfcn.h - found
[1.517s] -- Looking for libdl - found
[1.518s] -- Found DL: TRUE  
[1.529s] -- Found tinyobjloader: /usr/lib/x86_64-linux-gnu/cmake/tinyobjloader/tinyobjloader-config.cmake (found version "2.0.0") 
[1.529s] -- Searching for <ignition-common3> component [graphics]
[1.531s] -- Looking for ignition-common3-graphics -- found version 3.14.0
[1.531s] -- Searching for dependencies of ignition-common3-graphics
[1.531s] -- Looking for ignition-math6 -- found version 6.15.1
[1.533s] -- Looking for ignition-fuel_tools4 -- found version 4.4.0
[1.534s] -- Searching for dependencies of ignition-fuel_tools4
[1.607s] -- Found CURL: /usr/lib/x86_64-linux-gnu/libcurl.so (found version "7.81.0")  
[1.615s] -- Checking for module 'jsoncpp'
[1.628s] --   Found jsoncpp, version 1.9.5
[1.662s] -- Found JSONCPP: TRUE  
[1.667s] -- Checking for module 'libzip'
[1.679s] --   Found libzip, version 1.7.3
[1.711s] -- Found ZIP: TRUE  
[1.711s] -- Looking for ignition-common3 -- found version 3.14.0
[1.711s] -- Looking for ignition-math6 -- found version 6.15.1
[1.712s] -- Looking for ignition-msgs5 -- found version 5.8.1
[1.714s] -- Gazebo version: 11.10
[1.714s] -- Checking for module 'tbb'
[1.726s] --   Found tbb, version 2021.5.0
[1.816s] -- Configuring done
[1.820s] [31mCMake Error at CMakeLists.txt:14 (add_executable):
[1.820s]   Cannot find source file:
[1.820s] 
[1.820s]     src/velodyne_simulator_node.cpp
[1.820s] 
[1.820s]   Tried extensions .c .C .c++ .cc .cpp .cxx .cu .mpp .m .M .mm .ixx .cppm .h
[1.820s]   .hh .h++ .hm .hpp .hxx .in .txx .f .F .for .f77 .f90 .f95 .f03 .hip .ispc
[1.820s] 
[1.820s] [0m
[1.821s] [31mCMake Error at CMakeLists.txt:14 (add_executable):
[1.821s]   No SOURCES given to target: velodyne_simulator_node
[1.821s] 
[1.821s] [0m
[1.821s] [0mCMake Generate step failed.  Build files cannot be regenerated correctly.[0m
[1.832s] Invoked command in '/home/chen/Task/navigation_ws/build/velodyne_simulator' returned '1': CMAKE_PREFIX_PATH=/home/chen/Task/navigation_ws/install/velodyne_gazebo_plugins:/home/chen/Task/navigation_ws/install/velodyne_description CONDA_PROMPT_MODIFIER=(base) PKG_CONFIG_PATH=/home/chen/Task/navigation_ws/install/velodyne_gazebo_plugins/lib/x86_64-linux-gnu/pkgconfig:/home/chen/Task/navigation_ws/install/velodyne_gazebo_plugins/lib/pkgconfig:/home/chen/Task/navigation_ws/install/velodyne_description/lib/x86_64-linux-gnu/pkgconfig:/home/chen/Task/navigation_ws/install/velodyne_description/lib/pkgconfig ROS_PACKAGE_PATH=/home/chen/Task/navigation_ws/install/velodyne_gazebo_plugins/share:/home/chen/Task/navigation_ws/install/velodyne_description/share /usr/bin/cmake /home/chen/Task/navigation_ws/src/velodyne_simulator/velodyne_simulator -DCATKIN_INSTALL_INTO_PREFIX_ROOT=0 -DCMAKE_INSTALL_PREFIX=/home/chen/Task/navigation_ws/install/velodyne_simulator
