[0.013s] Invoking command in '/home/chen/Task/navigation_ws/build/task_three': CMAKE_PREFIX_PATH=/home/chen/Task/navigation_ws/install/task_one:/home/chen/Task/navigation_ws/install/task_two:/opt/ros/humble:${CMAKE_PREFIX_PATH} CONDA_PROMPT_MODIFIER=(base) /usr/bin/cmake /home/chen/Task/navigation_ws/src/task_three -DCMAKE_INSTALL_PREFIX=/home/chen/Task/navigation_ws/install/task_three
[0.023s] -- Found ament_cmake: 1.3.10 (/opt/ros/humble/share/ament_cmake/cmake)
[0.118s] -- Found rclcpp: 16.0.10 (/opt/ros/humble/share/rclcpp/cmake)
[0.136s] -- Found rosidl_generator_c: 3.1.5 (/opt/ros/humble/share/rosidl_generator_c/cmake)
[0.137s] -- Found rosidl_adapter: 3.1.5 (/opt/ros/humble/share/rosidl_adapter/cmake)
[0.140s] -- Found rosidl_generator_cpp: 3.1.5 (/opt/ros/humble/share/rosidl_generator_cpp/cmake)
[0.148s] -- Using all available rosidl_typesupport_c: rosidl_typesupport_fastrtps_c;rosidl_typesupport_introspection_c
[0.154s] -- Using all available rosidl_typesupport_cpp: rosidl_typesupport_fastrtps_cpp;rosidl_typesupport_introspection_cpp
[0.173s] -- Found rmw_implementation_cmake: 6.1.2 (/opt/ros/humble/share/rmw_implementation_cmake/cmake)
[0.173s] -- Found rmw_fastrtps_cpp: 6.2.7 (/opt/ros/humble/share/rmw_fastrtps_cpp/cmake)
[0.252s] -- Using RMW implementation 'rmw_fastrtps_cpp' as default
[0.280s] -- Found sensor_msgs: 4.2.4 (/opt/ros/humble/share/sensor_msgs/cmake)
[0.295s] -- Found pcl_conversions: 2.4.5 (/opt/ros/humble/share/pcl_conversions/cmake)
[0.320s] -- Eigen found (include: /usr/include/eigen3, version: 3.4.0)
[0.346s] -- FLANN found (include: /usr/include, lib: /usr/lib/x86_64-linux-gnu/libflann_cpp.so)
[0.551s] -- OpenNI found (version: 1.5.4.0, include: /usr/include/ni, lib: /usr/lib/libOpenNI.so;libusb::libusb)
[0.555s] -- OpenNI2 found (version: 2.2.0.33, include: /usr/include/openni2, lib: /usr/lib/x86_64-linux-gnu/libOpenNI2.so;libusb::libusb)
[0.660s] -- Eigen found (include: /usr/include/eigen3, version: 3.4.0)
[0.664s] -- OpenNI found (version: 1.5.4.0, include: /usr/include/ni, lib: /usr/lib/libOpenNI.so;libusb::libusb)
[0.670s] -- OpenNI2 found (version: 2.2.0.33, include: /usr/include/openni2, lib: /usr/lib/x86_64-linux-gnu/libOpenNI2.so;libusb::libusb)
[0.765s] -- Found Qhull version 8.0.2
[0.865s] -- OpenNI found (version: 1.5.4.0, include: /usr/include/ni, lib: /usr/lib/libOpenNI.so;libusb::libusb)
[0.972s] -- Found pcl_ros: 2.4.5 (/opt/ros/humble/share/pcl_ros/cmake)
[1.019s] -- Found eigen3_cmake_module: 0.1.1 (/opt/ros/humble/share/eigen3_cmake_module/cmake)
[1.020s] -- Found Eigen3: TRUE (found version "3.4.0") 
[1.020s] -- Ensuring Eigen3 include directory is part of orocos-kdl CMake target
[1.072s] [33mCMake Warning (dev) at CMakeLists.txt:9 (find_package):
[1.072s]   Policy CMP0074 is not set: find_package uses <PackageName>_ROOT variables.
[1.072s]   Run "cmake --help-policy CMP0074" for policy details.  Use the cmake_policy
[1.072s]   command to set the policy and suppress this warning.
[1.072s] 
[1.073s]   CMake variable PCL_ROOT is set to:
[1.073s] 
[1.073s]     /usr
[1.073s] 
[1.073s]   For compatibility, CMake is ignoring the variable.
[1.073s] This warning is for project developers.  Use -Wno-dev to suppress it.
[1.073s] [0m
[1.142s] -- Configuring done
[1.281s] [33mCMake Warning at CMakeLists.txt:11 (add_executable):
[1.281s]   Cannot generate a safe runtime search path for target task_three_node
[1.281s]   because files in some directories may conflict with libraries in implicit
[1.282s]   directories:
[1.282s] 
[1.282s]     runtime library [libz.so.1] in /usr/lib/x86_64-linux-gnu may be hidden by files in:
[1.282s]       /home/chen/miniconda3/lib
[1.282s] 
[1.282s]   Some of these libraries may not be found correctly.
[1.282s] 
[1.282s] [0m
[1.284s] -- Generating done
[1.285s] -- Build files have been written to: /home/chen/Task/navigation_ws/build/task_three
