[0.017s] Invoking command in '/home/chen/Task/navigation_ws/build/velodyne_description': CONDA_PROMPT_MODIFIER=(base) /usr/bin/cmake /home/chen/Task/navigation_ws/src/velodyne_simulator/velodyne_description -DCATKIN_INSTALL_INTO_PREFIX_ROOT=0 -DCMAKE_INSTALL_PREFIX=/home/chen/Task/navigation_ws/install/velodyne_description
[0.161s] -- The C compiler identification is GNU 11.4.0
[0.162s] -- The CXX compiler identification is GNU 11.4.0
[0.162s] -- Detecting C compiler ABI info
[0.162s] -- Detecting C compiler ABI info - done
[0.164s] -- Check for working C compiler: /usr/bin/cc - skipped
[0.164s] -- Detecting C compile features
[0.165s] -- Detecting C compile features - done
[0.167s] -- Detecting CXX compiler ABI info
[0.227s] -- Detecting CXX compiler ABI info - done
[0.232s] -- Check for working CXX compiler: /usr/bin/c++ - skipped
[0.232s] -- Detecting CXX compile features
[0.233s] -- Detecting CXX compile features - done
[0.241s] [31mCMake Error at CMakeLists.txt:4 (find_package):
[0.241s]   By not providing "Findcatkin.cmake" in CMAKE_MODULE_PATH this project has
[0.241s]   asked CMake to find a package configuration file provided by "catkin", but
[0.241s]   CMake did not find one.
[0.241s] 
[0.241s]   Could not find a package configuration file provided by "catkin" with any
[0.241s]   of the following names:
[0.241s] 
[0.241s]     catkinConfig.cmake
[0.241s]     catkin-config.cmake
[0.241s] 
[0.241s]   Add the installation prefix of "catkin" to CMAKE_PREFIX_PATH or set
[0.241s]   "catkin_DIR" to a directory containing one of the above files.  If "catkin"
[0.241s]   provides a separate development package or SDK, be sure it has been
[0.241s]   installed.
[0.241s] 
[0.241s] [0m
[0.241s] -- Configuring incomplete, errors occurred!
[0.241s] See also "/home/chen/Task/navigation_ws/build/velodyne_description/CMakeFiles/CMakeOutput.log".
[0.297s] Invoked command in '/home/chen/Task/navigation_ws/build/velodyne_description' returned '1': CONDA_PROMPT_MODIFIER=(base) /usr/bin/cmake /home/chen/Task/navigation_ws/src/velodyne_simulator/velodyne_description -DCATKIN_INSTALL_INTO_PREFIX_ROOT=0 -DCMAKE_INSTALL_PREFIX=/home/chen/Task/navigation_ws/install/velodyne_description
