[0.016s] Invoking command in '/home/chen/Task/navigation_ws/build/velodyne_gazebo_plugins': CONDA_PROMPT_MODIFIER=(base) /usr/bin/cmake --build /home/chen/Task/navigation_ws/build/velodyne_gazebo_plugins -- -j16 -l16
[0.161s] -- Found ament_cmake: 1.3.10 (/opt/ros/humble/share/ament_cmake/cmake)
[0.161s] -- Found rclcpp: 16.0.10 (/opt/ros/humble/share/rclcpp/cmake)
[0.161s] -- Found rosidl_generator_c: 3.1.5 (/opt/ros/humble/share/rosidl_generator_c/cmake)
[0.161s] -- Found rosidl_adapter: 3.1.5 (/opt/ros/humble/share/rosidl_adapter/cmake)
[0.161s] -- Found rosidl_generator_cpp: 3.1.5 (/opt/ros/humble/share/rosidl_generator_cpp/cmake)
[0.161s] -- Using all available rosidl_typesupport_c: rosidl_typesupport_fastrtps_c;rosidl_typesupport_introspection_c
[0.162s] -- Using all available rosidl_typesupport_cpp: rosidl_typesupport_fastrtps_cpp;rosidl_typesupport_introspection_cpp
[0.181s] -- Found rmw_implementation_cmake: 6.1.2 (/opt/ros/humble/share/rmw_implementation_cmake/cmake)
[0.181s] -- Found rmw_fastrtps_cpp: 6.2.7 (/opt/ros/humble/share/rmw_fastrtps_cpp/cmake)
[0.257s] -- Using RMW implementation 'rmw_fastrtps_cpp' as default
[0.285s] -- Found sensor_msgs: 4.2.4 (/opt/ros/humble/share/sensor_msgs/cmake)
[0.300s] -- Found tf2_ros: 0.25.8 (/opt/ros/humble/share/tf2_ros/cmake)
[0.350s] -- Found gazebo_ros: 3.7.0 (/opt/ros/humble/share/gazebo_ros/cmake)
[0.373s] -- Found DART: /usr/include (Required is at least version "6.6") found components: dart 
[0.394s] -- Found Protobuf: /usr/lib/x86_64-linux-gnu/libprotobuf.so (found version "3.12.4") 
[0.395s] -- Looking for ignition-math6 -- found version 6.15.1
[0.398s] -- Searching for dependencies of ignition-math6
[0.399s] -- Looking for OGRE...
[0.404s] -- Found Ogre Ghadamon (1.9.0)
[0.404s] -- Found OGRE: optimized;/usr/lib/x86_64-linux-gnu/libOgreMain.so;debug;/usr/lib/x86_64-linux-gnu/libOgreMain.so
[0.413s] -- Looking for OGRE_Paging...
[0.413s] -- Found OGRE_Paging: optimized;/usr/lib/x86_64-linux-gnu/libOgrePaging.so;debug;/usr/lib/x86_64-linux-gnu/libOgrePaging.so
[0.413s] -- Looking for OGRE_Terrain...
[0.413s] -- Found OGRE_Terrain: optimized;/usr/lib/x86_64-linux-gnu/libOgreTerrain.so;debug;/usr/lib/x86_64-linux-gnu/libOgreTerrain.so
[0.413s] -- Looking for OGRE_Property...
[0.413s] -- Found OGRE_Property: optimized;/usr/lib/x86_64-linux-gnu/libOgreProperty.so;debug;/usr/lib/x86_64-linux-gnu/libOgreProperty.so
[0.413s] -- Looking for OGRE_RTShaderSystem...
[0.413s] -- Found OGRE_RTShaderSystem: optimized;/usr/lib/x86_64-linux-gnu/libOgreRTShaderSystem.so;debug;/usr/lib/x86_64-linux-gnu/libOgreRTShaderSystem.so
[0.413s] -- Looking for OGRE_Volume...
[0.413s] -- Found OGRE_Volume: optimized;/usr/lib/x86_64-linux-gnu/libOgreVolume.so;debug;/usr/lib/x86_64-linux-gnu/libOgreVolume.so
[0.413s] -- Looking for OGRE_Overlay...
[0.413s] -- Found OGRE_Overlay: optimized;/usr/lib/x86_64-linux-gnu/libOgreOverlay.so;debug;/usr/lib/x86_64-linux-gnu/libOgreOverlay.so
[0.493s] -- Looking for ignition-math6 -- found version 6.15.1
[0.493s] -- Looking for ignition-transport8 -- found version 8.2.1
[0.494s] -- Searching for dependencies of ignition-transport8
[0.507s] -- Found Protobuf: /usr/lib/x86_64-linux-gnu/libprotobuf.so (found suitable version "3.12.4", minimum required is "3") 
[0.516s] -- Config-file not installed for ZeroMQ -- checking for pkg-config
[0.520s] -- Checking for module 'libzmq >= 4'
[0.532s] --   Found libzmq , version 4.3.4
[0.571s] -- Checking for module 'uuid'
[0.583s] --   Found uuid, version 2.37.2
[0.617s] -- Looking for ignition-msgs5 -- found version 5.8.1
[0.617s] -- Searching for dependencies of ignition-msgs5
[0.632s] -- Looking for ignition-math6 -- found version 6.15.1
[0.637s] -- Checking for module 'tinyxml2'
[0.648s] --   Found tinyxml2, version 9.0.0
[0.682s] -- Looking for ignition-msgs5 -- found version 5.8.1
[0.682s] -- Looking for ignition-common3 -- found version 3.14.0
[0.684s] -- Searching for dependencies of ignition-common3
[0.684s] -- Looking for dlfcn.h - found
[0.684s] -- Looking for libdl - found
[0.695s] -- Searching for <ignition-common3> component [graphics]
[0.695s] -- Looking for ignition-common3-graphics -- found version 3.14.0
[0.695s] -- Searching for dependencies of ignition-common3-graphics
[0.695s] -- Looking for ignition-math6 -- found version 6.15.1
[0.696s] -- Looking for ignition-fuel_tools4 -- found version 4.4.0
[0.696s] -- Searching for dependencies of ignition-fuel_tools4
[0.727s] -- Checking for module 'jsoncpp'
[0.738s] --   Found jsoncpp, version 1.9.5
[0.777s] -- Checking for module 'libzip'
[0.788s] --   Found libzip, version 1.7.3
[0.823s] -- Looking for ignition-common3 -- found version 3.14.0
[0.823s] -- Looking for ignition-math6 -- found version 6.15.1
[0.823s] -- Looking for ignition-msgs5 -- found version 5.8.1
[0.824s] -- Gazebo version: 11.10
[0.880s] -- Configuring done
[0.885s] -- Generating done
[0.886s] -- Build files have been written to: /home/chen/Task/navigation_ws/build/velodyne_gazebo_plugins
[0.923s] Invoked command in '/home/chen/Task/navigation_ws/build/velodyne_gazebo_plugins' returned '0': CONDA_PROMPT_MODIFIER=(base) /usr/bin/cmake --build /home/chen/Task/navigation_ws/build/velodyne_gazebo_plugins -- -j16 -l16
[0.965s] Invoking command in '/home/chen/Task/navigation_ws/build/velodyne_gazebo_plugins': CONDA_PROMPT_MODIFIER=(base) /usr/bin/cmake --install /home/chen/Task/navigation_ws/build/velodyne_gazebo_plugins
[0.971s] -- Install configuration: ""
[0.971s] -- Up-to-date: /home/chen/Task/navigation_ws/install/velodyne_gazebo_plugins/share/velodyne_gazebo_plugins/src
[0.971s] -- Up-to-date: /home/chen/Task/navigation_ws/install/velodyne_gazebo_plugins/share/velodyne_gazebo_plugins/src/GazeboRosVelodyneLaser.cpp
[0.971s] -- Up-to-date: /home/chen/Task/navigation_ws/install/velodyne_gazebo_plugins/share/velodyne_gazebo_plugins/package.xml
[0.971s] -- Installing: /home/chen/Task/navigation_ws/install/velodyne_gazebo_plugins/share/velodyne_gazebo_plugins/CMakeLists.txt
[0.977s] -- Up-to-date: /home/chen/Task/navigation_ws/install/velodyne_gazebo_plugins/share/ament_index/resource_index/package_run_dependencies/velodyne_gazebo_plugins
[0.977s] -- Up-to-date: /home/chen/Task/navigation_ws/install/velodyne_gazebo_plugins/share/ament_index/resource_index/parent_prefix_path/velodyne_gazebo_plugins
[0.977s] -- Up-to-date: /home/chen/Task/navigation_ws/install/velodyne_gazebo_plugins/share/velodyne_gazebo_plugins/environment/ament_prefix_path.sh
[0.977s] -- Installing: /home/chen/Task/navigation_ws/install/velodyne_gazebo_plugins/share/velodyne_gazebo_plugins/environment/ament_prefix_path.dsv
[0.977s] -- Up-to-date: /home/chen/Task/navigation_ws/install/velodyne_gazebo_plugins/share/velodyne_gazebo_plugins/environment/path.sh
[0.977s] -- Installing: /home/chen/Task/navigation_ws/install/velodyne_gazebo_plugins/share/velodyne_gazebo_plugins/environment/path.dsv
[0.977s] -- Up-to-date: /home/chen/Task/navigation_ws/install/velodyne_gazebo_plugins/share/velodyne_gazebo_plugins/local_setup.bash
[0.977s] -- Up-to-date: /home/chen/Task/navigation_ws/install/velodyne_gazebo_plugins/share/velodyne_gazebo_plugins/local_setup.sh
[0.977s] -- Up-to-date: /home/chen/Task/navigation_ws/install/velodyne_gazebo_plugins/share/velodyne_gazebo_plugins/local_setup.zsh
[0.977s] -- Installing: /home/chen/Task/navigation_ws/install/velodyne_gazebo_plugins/share/velodyne_gazebo_plugins/local_setup.dsv
[0.977s] -- Installing: /home/chen/Task/navigation_ws/install/velodyne_gazebo_plugins/share/velodyne_gazebo_plugins/package.dsv
[0.977s] -- Up-to-date: /home/chen/Task/navigation_ws/install/velodyne_gazebo_plugins/share/ament_index/resource_index/packages/velodyne_gazebo_plugins
[0.977s] -- Up-to-date: /home/chen/Task/navigation_ws/install/velodyne_gazebo_plugins/share/velodyne_gazebo_plugins/cmake/ament_cmake_export_dependencies-extras.cmake
[0.977s] -- Up-to-date: /home/chen/Task/navigation_ws/install/velodyne_gazebo_plugins/share/velodyne_gazebo_plugins/cmake/velodyne_gazebo_pluginsConfig.cmake
[0.977s] -- Up-to-date: /home/chen/Task/navigation_ws/install/velodyne_gazebo_plugins/share/velodyne_gazebo_plugins/cmake/velodyne_gazebo_pluginsConfig-version.cmake
[0.978s] -- Up-to-date: /home/chen/Task/navigation_ws/install/velodyne_gazebo_plugins/share/velodyne_gazebo_plugins/package.xml
[0.979s] Invoked command in '/home/chen/Task/navigation_ws/build/velodyne_gazebo_plugins' returned '0': CONDA_PROMPT_MODIFIER=(base) /usr/bin/cmake --install /home/chen/Task/navigation_ws/build/velodyne_gazebo_plugins
