-- Install configuration: ""
-- Up-to-date: /home/chen/Task/navigation_ws/install/velodyne_gazebo_plugins/share/velodyne_gazebo_plugins/src
-- Up-to-date: /home/chen/Task/navigation_ws/install/velodyne_gazebo_plugins/share/velodyne_gazebo_plugins/src/GazeboRosVelodyneLaser.cpp
-- Up-to-date: /home/chen/Task/navigation_ws/install/velodyne_gazebo_plugins/share/velodyne_gazebo_plugins/package.xml
-- Up-to-date: /home/chen/Task/navigation_ws/install/velodyne_gazebo_plugins/share/velodyne_gazebo_plugins/CMakeLists.txt
-- Up-to-date: /home/chen/Task/navigation_ws/install/velodyne_gazebo_plugins/share/ament_index/resource_index/package_run_dependencies/velodyne_gazebo_plugins
-- Up-to-date: /home/chen/Task/navigation_ws/install/velodyne_gazebo_plugins/share/ament_index/resource_index/parent_prefix_path/velodyne_gazebo_plugins
-- Up-to-date: /home/chen/Task/navigation_ws/install/velodyne_gazebo_plugins/share/velodyne_gazebo_plugins/environment/ament_prefix_path.sh
-- Up-to-date: /home/chen/Task/navigation_ws/install/velodyne_gazebo_plugins/share/velodyne_gazebo_plugins/environment/ament_prefix_path.dsv
-- Up-to-date: /home/chen/Task/navigation_ws/install/velodyne_gazebo_plugins/share/velodyne_gazebo_plugins/environment/path.sh
-- Up-to-date: /home/chen/Task/navigation_ws/install/velodyne_gazebo_plugins/share/velodyne_gazebo_plugins/environment/path.dsv
-- Up-to-date: /home/chen/Task/navigation_ws/install/velodyne_gazebo_plugins/share/velodyne_gazebo_plugins/local_setup.bash
-- Up-to-date: /home/chen/Task/navigation_ws/install/velodyne_gazebo_plugins/share/velodyne_gazebo_plugins/local_setup.sh
-- Up-to-date: /home/chen/Task/navigation_ws/install/velodyne_gazebo_plugins/share/velodyne_gazebo_plugins/local_setup.zsh
-- Up-to-date: /home/chen/Task/navigation_ws/install/velodyne_gazebo_plugins/share/velodyne_gazebo_plugins/local_setup.dsv
-- Installing: /home/chen/Task/navigation_ws/install/velodyne_gazebo_plugins/share/velodyne_gazebo_plugins/package.dsv
-- Up-to-date: /home/chen/Task/navigation_ws/install/velodyne_gazebo_plugins/share/ament_index/resource_index/packages/velodyne_gazebo_plugins
-- Up-to-date: /home/chen/Task/navigation_ws/install/velodyne_gazebo_plugins/share/velodyne_gazebo_plugins/cmake/ament_cmake_export_dependencies-extras.cmake
-- Up-to-date: /home/chen/Task/navigation_ws/install/velodyne_gazebo_plugins/share/velodyne_gazebo_plugins/cmake/velodyne_gazebo_pluginsConfig.cmake
-- Up-to-date: /home/chen/Task/navigation_ws/install/velodyne_gazebo_plugins/share/velodyne_gazebo_plugins/cmake/velodyne_gazebo_pluginsConfig-version.cmake
-- Up-to-date: /home/chen/Task/navigation_ws/install/velodyne_gazebo_plugins/share/velodyne_gazebo_plugins/package.xml
