[0.056s] DEBUG:colcon:Command line arguments: ['/usr/bin/colcon', 'build']
[0.056s] DEBUG:colcon:Parsed command line arguments: Namespace(log_base=None, log_level=None, verb_name='build', build_base='build', install_base='install', merge_install=False, symlink_install=False, test_result_base=None, continue_on_error=False, executor='parallel', parallel_workers=16, event_handlers=None, ignore_user_meta=False, metas=['./colcon.meta'], base_paths=['.'], packages_ignore=None, packages_ignore_regex=None, paths=None, packages_up_to=None, packages_up_to_regex=None, packages_above=None, packages_above_and_dependencies=None, packages_above_depth=None, packages_select_by_dep=None, packages_skip_by_dep=None, packages_skip_up_to=None, packages_select_build_failed=False, packages_skip_build_finished=False, packages_select_test_failures=False, packages_skip_test_passed=False, packages_select=None, packages_skip=None, packages_select_regex=None, packages_skip_regex=None, packages_start=None, packages_end=None, allow_overriding=[], cmake_args=None, cmake_target=None, cmake_target_skip_unavailable=False, cmake_clean_cache=False, cmake_clean_first=False, cmake_force_configure=False, ament_cmake_args=None, catkin_cmake_args=None, catkin_skip_building_tests=False, verb_parser=<colcon_defaults.argument_parser.defaults.DefaultArgumentsDecorator object at 0x717d4a544fa0>, verb_extension=<colcon_core.verb.build.BuildVerb object at 0x717d4a544b50>, main=<bound method BuildVerb.main of <colcon_core.verb.build.BuildVerb object at 0x717d4a544b50>>)
[0.142s] Level 1:colcon.colcon_core.package_discovery:discover_packages(colcon_meta) check parameters
[0.142s] Level 1:colcon.colcon_core.package_discovery:discover_packages(recursive) check parameters
[0.142s] Level 1:colcon.colcon_core.package_discovery:discover_packages(ignore) check parameters
[0.142s] Level 1:colcon.colcon_core.package_discovery:discover_packages(path) check parameters
[0.142s] Level 1:colcon.colcon_core.package_discovery:discover_packages(colcon_meta) discover
[0.142s] Level 1:colcon.colcon_core.package_discovery:discover_packages(recursive) discover
[0.142s] INFO:colcon.colcon_core.package_discovery:Crawling recursively for packages in '/home/chen/Task/navigation_ws'
[0.142s] Level 1:colcon.colcon_core.package_identification:_identify(.) by extensions ['ignore', 'ignore_ament_install']
[0.142s] Level 1:colcon.colcon_core.package_identification:_identify(.) by extension 'ignore'
[0.142s] Level 1:colcon.colcon_core.package_identification:_identify(.) by extension 'ignore_ament_install'
[0.142s] Level 1:colcon.colcon_core.package_identification:_identify(.) by extensions ['colcon_pkg']
[0.142s] Level 1:colcon.colcon_core.package_identification:_identify(.) by extension 'colcon_pkg'
[0.142s] Level 1:colcon.colcon_core.package_identification:_identify(.) by extensions ['colcon_meta']
[0.142s] Level 1:colcon.colcon_core.package_identification:_identify(.) by extension 'colcon_meta'
[0.142s] Level 1:colcon.colcon_core.package_identification:_identify(.) by extensions ['ros']
[0.142s] Level 1:colcon.colcon_core.package_identification:_identify(.) by extension 'ros'
[0.148s] Level 1:colcon.colcon_core.package_identification:_identify(.) by extensions ['cmake', 'python']
[0.148s] Level 1:colcon.colcon_core.package_identification:_identify(.) by extension 'cmake'
[0.149s] Level 1:colcon.colcon_core.package_identification:_identify(.) by extension 'python'
[0.149s] Level 1:colcon.colcon_core.package_identification:_identify(.) by extensions ['python_setup_py']
[0.149s] Level 1:colcon.colcon_core.package_identification:_identify(.) by extension 'python_setup_py'
[0.149s] Level 1:colcon.colcon_core.package_identification:_identify(build) by extensions ['ignore', 'ignore_ament_install']
[0.149s] Level 1:colcon.colcon_core.package_identification:_identify(build) by extension 'ignore'
[0.149s] Level 1:colcon.colcon_core.package_identification:_identify(build) ignored
[0.149s] Level 1:colcon.colcon_core.package_identification:_identify(install) by extensions ['ignore', 'ignore_ament_install']
[0.149s] Level 1:colcon.colcon_core.package_identification:_identify(install) by extension 'ignore'
[0.149s] Level 1:colcon.colcon_core.package_identification:_identify(install) ignored
[0.149s] Level 1:colcon.colcon_core.package_identification:_identify(log) by extensions ['ignore', 'ignore_ament_install']
[0.149s] Level 1:colcon.colcon_core.package_identification:_identify(log) by extension 'ignore'
[0.149s] Level 1:colcon.colcon_core.package_identification:_identify(log) ignored
[0.149s] Level 1:colcon.colcon_core.package_identification:_identify(src) by extensions ['ignore', 'ignore_ament_install']
[0.149s] Level 1:colcon.colcon_core.package_identification:_identify(src) by extension 'ignore'
[0.149s] Level 1:colcon.colcon_core.package_identification:_identify(src) by extension 'ignore_ament_install'
[0.149s] Level 1:colcon.colcon_core.package_identification:_identify(src) by extensions ['colcon_pkg']
[0.149s] Level 1:colcon.colcon_core.package_identification:_identify(src) by extension 'colcon_pkg'
[0.149s] Level 1:colcon.colcon_core.package_identification:_identify(src) by extensions ['colcon_meta']
[0.149s] Level 1:colcon.colcon_core.package_identification:_identify(src) by extension 'colcon_meta'
[0.149s] Level 1:colcon.colcon_core.package_identification:_identify(src) by extensions ['ros']
[0.149s] Level 1:colcon.colcon_core.package_identification:_identify(src) by extension 'ros'
[0.149s] Level 1:colcon.colcon_core.package_identification:_identify(src) by extensions ['cmake', 'python']
[0.149s] Level 1:colcon.colcon_core.package_identification:_identify(src) by extension 'cmake'
[0.149s] Level 1:colcon.colcon_core.package_identification:_identify(src) by extension 'python'
[0.149s] Level 1:colcon.colcon_core.package_identification:_identify(src) by extensions ['python_setup_py']
[0.149s] Level 1:colcon.colcon_core.package_identification:_identify(src) by extension 'python_setup_py'
[0.149s] Level 1:colcon.colcon_core.package_identification:_identify(src/task_one) by extensions ['ignore', 'ignore_ament_install']
[0.149s] Level 1:colcon.colcon_core.package_identification:_identify(src/task_one) by extension 'ignore'
[0.149s] Level 1:colcon.colcon_core.package_identification:_identify(src/task_one) by extension 'ignore_ament_install'
[0.149s] Level 1:colcon.colcon_core.package_identification:_identify(src/task_one) by extensions ['colcon_pkg']
[0.149s] Level 1:colcon.colcon_core.package_identification:_identify(src/task_one) by extension 'colcon_pkg'
[0.149s] Level 1:colcon.colcon_core.package_identification:_identify(src/task_one) by extensions ['colcon_meta']
[0.149s] Level 1:colcon.colcon_core.package_identification:_identify(src/task_one) by extension 'colcon_meta'
[0.149s] Level 1:colcon.colcon_core.package_identification:_identify(src/task_one) by extensions ['ros']
[0.149s] Level 1:colcon.colcon_core.package_identification:_identify(src/task_one) by extension 'ros'
[0.151s] DEBUG:colcon.colcon_core.package_identification:Package 'src/task_one' with type 'ros.ament_python' and name 'task_one'
[0.151s] Level 1:colcon.colcon_core.package_identification:_identify(src/task_two) by extensions ['ignore', 'ignore_ament_install']
[0.151s] Level 1:colcon.colcon_core.package_identification:_identify(src/task_two) by extension 'ignore'
[0.151s] Level 1:colcon.colcon_core.package_identification:_identify(src/task_two) by extension 'ignore_ament_install'
[0.151s] Level 1:colcon.colcon_core.package_identification:_identify(src/task_two) by extensions ['colcon_pkg']
[0.151s] Level 1:colcon.colcon_core.package_identification:_identify(src/task_two) by extension 'colcon_pkg'
[0.151s] Level 1:colcon.colcon_core.package_identification:_identify(src/task_two) by extensions ['colcon_meta']
[0.151s] Level 1:colcon.colcon_core.package_identification:_identify(src/task_two) by extension 'colcon_meta'
[0.151s] Level 1:colcon.colcon_core.package_identification:_identify(src/task_two) by extensions ['ros']
[0.151s] Level 1:colcon.colcon_core.package_identification:_identify(src/task_two) by extension 'ros'
[0.152s] DEBUG:colcon.colcon_core.package_identification:Package 'src/task_two' with type 'ros.ament_python' and name 'task_two'
[0.152s] Level 1:colcon.colcon_core.package_identification:_identify(src/velodyne_simulator) by extensions ['ignore', 'ignore_ament_install']
[0.152s] Level 1:colcon.colcon_core.package_identification:_identify(src/velodyne_simulator) by extension 'ignore'
[0.152s] Level 1:colcon.colcon_core.package_identification:_identify(src/velodyne_simulator) by extension 'ignore_ament_install'
[0.152s] Level 1:colcon.colcon_core.package_identification:_identify(src/velodyne_simulator) by extensions ['colcon_pkg']
[0.152s] Level 1:colcon.colcon_core.package_identification:_identify(src/velodyne_simulator) by extension 'colcon_pkg'
[0.152s] Level 1:colcon.colcon_core.package_identification:_identify(src/velodyne_simulator) by extensions ['colcon_meta']
[0.152s] Level 1:colcon.colcon_core.package_identification:_identify(src/velodyne_simulator) by extension 'colcon_meta'
[0.152s] Level 1:colcon.colcon_core.package_identification:_identify(src/velodyne_simulator) by extensions ['ros']
[0.152s] Level 1:colcon.colcon_core.package_identification:_identify(src/velodyne_simulator) by extension 'ros'
[0.152s] Level 1:colcon.colcon_core.package_identification:_identify(src/velodyne_simulator) by extensions ['cmake', 'python']
[0.152s] Level 1:colcon.colcon_core.package_identification:_identify(src/velodyne_simulator) by extension 'cmake'
[0.152s] Level 1:colcon.colcon_core.package_identification:_identify(src/velodyne_simulator) by extension 'python'
[0.152s] Level 1:colcon.colcon_core.package_identification:_identify(src/velodyne_simulator) by extensions ['python_setup_py']
[0.152s] Level 1:colcon.colcon_core.package_identification:_identify(src/velodyne_simulator) by extension 'python_setup_py'
[0.152s] Level 1:colcon.colcon_core.package_identification:_identify(src/velodyne_simulator/velodyne_description) by extensions ['ignore', 'ignore_ament_install']
[0.152s] Level 1:colcon.colcon_core.package_identification:_identify(src/velodyne_simulator/velodyne_description) by extension 'ignore'
[0.152s] Level 1:colcon.colcon_core.package_identification:_identify(src/velodyne_simulator/velodyne_description) by extension 'ignore_ament_install'
[0.152s] Level 1:colcon.colcon_core.package_identification:_identify(src/velodyne_simulator/velodyne_description) by extensions ['colcon_pkg']
[0.152s] Level 1:colcon.colcon_core.package_identification:_identify(src/velodyne_simulator/velodyne_description) by extension 'colcon_pkg'
[0.152s] Level 1:colcon.colcon_core.package_identification:_identify(src/velodyne_simulator/velodyne_description) by extensions ['colcon_meta']
[0.152s] Level 1:colcon.colcon_core.package_identification:_identify(src/velodyne_simulator/velodyne_description) by extension 'colcon_meta'
[0.152s] Level 1:colcon.colcon_core.package_identification:_identify(src/velodyne_simulator/velodyne_description) by extensions ['ros']
[0.152s] Level 1:colcon.colcon_core.package_identification:_identify(src/velodyne_simulator/velodyne_description) by extension 'ros'
[0.152s] DEBUG:colcon.colcon_core.package_identification:Package 'src/velodyne_simulator/velodyne_description' with type 'ros.catkin' and name 'velodyne_description'
[0.153s] Level 1:colcon.colcon_core.package_identification:_identify(src/velodyne_simulator/velodyne_gazebo_plugins) by extensions ['ignore', 'ignore_ament_install']
[0.153s] Level 1:colcon.colcon_core.package_identification:_identify(src/velodyne_simulator/velodyne_gazebo_plugins) by extension 'ignore'
[0.153s] Level 1:colcon.colcon_core.package_identification:_identify(src/velodyne_simulator/velodyne_gazebo_plugins) by extension 'ignore_ament_install'
[0.153s] Level 1:colcon.colcon_core.package_identification:_identify(src/velodyne_simulator/velodyne_gazebo_plugins) by extensions ['colcon_pkg']
[0.153s] Level 1:colcon.colcon_core.package_identification:_identify(src/velodyne_simulator/velodyne_gazebo_plugins) by extension 'colcon_pkg'
[0.153s] Level 1:colcon.colcon_core.package_identification:_identify(src/velodyne_simulator/velodyne_gazebo_plugins) by extensions ['colcon_meta']
[0.153s] Level 1:colcon.colcon_core.package_identification:_identify(src/velodyne_simulator/velodyne_gazebo_plugins) by extension 'colcon_meta'
[0.153s] Level 1:colcon.colcon_core.package_identification:_identify(src/velodyne_simulator/velodyne_gazebo_plugins) by extensions ['ros']
[0.153s] Level 1:colcon.colcon_core.package_identification:_identify(src/velodyne_simulator/velodyne_gazebo_plugins) by extension 'ros'
[0.153s] DEBUG:colcon.colcon_core.package_identification:Package 'src/velodyne_simulator/velodyne_gazebo_plugins' with type 'ros.catkin' and name 'velodyne_gazebo_plugins'
[0.153s] Level 1:colcon.colcon_core.package_identification:_identify(src/velodyne_simulator/velodyne_simulator) by extensions ['ignore', 'ignore_ament_install']
[0.153s] Level 1:colcon.colcon_core.package_identification:_identify(src/velodyne_simulator/velodyne_simulator) by extension 'ignore'
[0.153s] Level 1:colcon.colcon_core.package_identification:_identify(src/velodyne_simulator/velodyne_simulator) by extension 'ignore_ament_install'
[0.153s] Level 1:colcon.colcon_core.package_identification:_identify(src/velodyne_simulator/velodyne_simulator) by extensions ['colcon_pkg']
[0.153s] Level 1:colcon.colcon_core.package_identification:_identify(src/velodyne_simulator/velodyne_simulator) by extension 'colcon_pkg'
[0.153s] Level 1:colcon.colcon_core.package_identification:_identify(src/velodyne_simulator/velodyne_simulator) by extensions ['colcon_meta']
[0.153s] Level 1:colcon.colcon_core.package_identification:_identify(src/velodyne_simulator/velodyne_simulator) by extension 'colcon_meta'
[0.153s] Level 1:colcon.colcon_core.package_identification:_identify(src/velodyne_simulator/velodyne_simulator) by extensions ['ros']
[0.153s] Level 1:colcon.colcon_core.package_identification:_identify(src/velodyne_simulator/velodyne_simulator) by extension 'ros'
[0.154s] DEBUG:colcon.colcon_core.package_identification:Package 'src/velodyne_simulator/velodyne_simulator' with type 'ros.catkin' and name 'velodyne_simulator'
[0.154s] Level 1:colcon.colcon_core.package_discovery:discover_packages(recursive) using defaults
[0.154s] Level 1:colcon.colcon_core.package_discovery:discover_packages(ignore) discover
[0.154s] Level 1:colcon.colcon_core.package_discovery:discover_packages(ignore) using defaults
[0.154s] Level 1:colcon.colcon_core.package_discovery:discover_packages(path) discover
[0.154s] Level 1:colcon.colcon_core.package_discovery:discover_packages(path) using defaults
[0.165s] Level 1:colcon.colcon_core.package_discovery:discover_packages(prefix_path) check parameters
[0.165s] Level 1:colcon.colcon_core.package_discovery:discover_packages(prefix_path) discover
[0.166s] DEBUG:colcon.colcon_installed_package_information.package_discovery:Found 5 installed packages in /home/chen/Task/navigation_ws/install
[0.167s] DEBUG:colcon.colcon_installed_package_information.package_discovery:Found 283 installed packages in /opt/ros/humble
[0.174s] Level 1:colcon.colcon_core.package_discovery:discover_packages(prefix_path) using defaults
[0.194s] Level 5:colcon.colcon_core.verb:set package 'task_two' build argument 'cmake_args' from command line to 'None'
[0.194s] Level 5:colcon.colcon_core.verb:set package 'task_two' build argument 'cmake_target' from command line to 'None'
[0.194s] Level 5:colcon.colcon_core.verb:set package 'task_two' build argument 'cmake_target_skip_unavailable' from command line to 'False'
[0.194s] Level 5:colcon.colcon_core.verb:set package 'task_two' build argument 'cmake_clean_cache' from command line to 'False'
[0.194s] Level 5:colcon.colcon_core.verb:set package 'task_two' build argument 'cmake_clean_first' from command line to 'False'
[0.194s] Level 5:colcon.colcon_core.verb:set package 'task_two' build argument 'cmake_force_configure' from command line to 'False'
[0.194s] Level 5:colcon.colcon_core.verb:set package 'task_two' build argument 'ament_cmake_args' from command line to 'None'
[0.194s] Level 5:colcon.colcon_core.verb:set package 'task_two' build argument 'catkin_cmake_args' from command line to 'None'
[0.194s] Level 5:colcon.colcon_core.verb:set package 'task_two' build argument 'catkin_skip_building_tests' from command line to 'False'
[0.194s] DEBUG:colcon.colcon_core.verb:Building package 'task_two' with the following arguments: {'ament_cmake_args': None, 'build_base': '/home/chen/Task/navigation_ws/build/task_two', 'catkin_cmake_args': None, 'catkin_skip_building_tests': False, 'cmake_args': None, 'cmake_clean_cache': False, 'cmake_clean_first': False, 'cmake_force_configure': False, 'cmake_target': None, 'cmake_target_skip_unavailable': False, 'install_base': '/home/chen/Task/navigation_ws/install/task_two', 'merge_install': False, 'path': '/home/chen/Task/navigation_ws/src/task_two', 'symlink_install': False, 'test_result_base': None}
[0.194s] Level 5:colcon.colcon_core.verb:set package 'velodyne_description' build argument 'cmake_args' from command line to 'None'
[0.194s] Level 5:colcon.colcon_core.verb:set package 'velodyne_description' build argument 'cmake_target' from command line to 'None'
[0.194s] Level 5:colcon.colcon_core.verb:set package 'velodyne_description' build argument 'cmake_target_skip_unavailable' from command line to 'False'
[0.194s] Level 5:colcon.colcon_core.verb:set package 'velodyne_description' build argument 'cmake_clean_cache' from command line to 'False'
[0.194s] Level 5:colcon.colcon_core.verb:set package 'velodyne_description' build argument 'cmake_clean_first' from command line to 'False'
[0.194s] Level 5:colcon.colcon_core.verb:set package 'velodyne_description' build argument 'cmake_force_configure' from command line to 'False'
[0.194s] Level 5:colcon.colcon_core.verb:set package 'velodyne_description' build argument 'ament_cmake_args' from command line to 'None'
[0.194s] Level 5:colcon.colcon_core.verb:set package 'velodyne_description' build argument 'catkin_cmake_args' from command line to 'None'
[0.194s] Level 5:colcon.colcon_core.verb:set package 'velodyne_description' build argument 'catkin_skip_building_tests' from command line to 'False'
[0.194s] DEBUG:colcon.colcon_core.verb:Building package 'velodyne_description' with the following arguments: {'ament_cmake_args': None, 'build_base': '/home/chen/Task/navigation_ws/build/velodyne_description', 'catkin_cmake_args': None, 'catkin_skip_building_tests': False, 'cmake_args': None, 'cmake_clean_cache': False, 'cmake_clean_first': False, 'cmake_force_configure': False, 'cmake_target': None, 'cmake_target_skip_unavailable': False, 'install_base': '/home/chen/Task/navigation_ws/install/velodyne_description', 'merge_install': False, 'path': '/home/chen/Task/navigation_ws/src/velodyne_simulator/velodyne_description', 'symlink_install': False, 'test_result_base': None}
[0.194s] Level 5:colcon.colcon_core.verb:set package 'velodyne_gazebo_plugins' build argument 'cmake_args' from command line to 'None'
[0.194s] Level 5:colcon.colcon_core.verb:set package 'velodyne_gazebo_plugins' build argument 'cmake_target' from command line to 'None'
[0.194s] Level 5:colcon.colcon_core.verb:set package 'velodyne_gazebo_plugins' build argument 'cmake_target_skip_unavailable' from command line to 'False'
[0.194s] Level 5:colcon.colcon_core.verb:set package 'velodyne_gazebo_plugins' build argument 'cmake_clean_cache' from command line to 'False'
[0.194s] Level 5:colcon.colcon_core.verb:set package 'velodyne_gazebo_plugins' build argument 'cmake_clean_first' from command line to 'False'
[0.194s] Level 5:colcon.colcon_core.verb:set package 'velodyne_gazebo_plugins' build argument 'cmake_force_configure' from command line to 'False'
[0.194s] Level 5:colcon.colcon_core.verb:set package 'velodyne_gazebo_plugins' build argument 'ament_cmake_args' from command line to 'None'
[0.194s] Level 5:colcon.colcon_core.verb:set package 'velodyne_gazebo_plugins' build argument 'catkin_cmake_args' from command line to 'None'
[0.194s] Level 5:colcon.colcon_core.verb:set package 'velodyne_gazebo_plugins' build argument 'catkin_skip_building_tests' from command line to 'False'
[0.194s] DEBUG:colcon.colcon_core.verb:Building package 'velodyne_gazebo_plugins' with the following arguments: {'ament_cmake_args': None, 'build_base': '/home/chen/Task/navigation_ws/build/velodyne_gazebo_plugins', 'catkin_cmake_args': None, 'catkin_skip_building_tests': False, 'cmake_args': None, 'cmake_clean_cache': False, 'cmake_clean_first': False, 'cmake_force_configure': False, 'cmake_target': None, 'cmake_target_skip_unavailable': False, 'install_base': '/home/chen/Task/navigation_ws/install/velodyne_gazebo_plugins', 'merge_install': False, 'path': '/home/chen/Task/navigation_ws/src/velodyne_simulator/velodyne_gazebo_plugins', 'symlink_install': False, 'test_result_base': None}
[0.195s] Level 5:colcon.colcon_core.verb:set package 'task_one' build argument 'cmake_args' from command line to 'None'
[0.195s] Level 5:colcon.colcon_core.verb:set package 'task_one' build argument 'cmake_target' from command line to 'None'
[0.195s] Level 5:colcon.colcon_core.verb:set package 'task_one' build argument 'cmake_target_skip_unavailable' from command line to 'False'
[0.195s] Level 5:colcon.colcon_core.verb:set package 'task_one' build argument 'cmake_clean_cache' from command line to 'False'
[0.195s] Level 5:colcon.colcon_core.verb:set package 'task_one' build argument 'cmake_clean_first' from command line to 'False'
[0.195s] Level 5:colcon.colcon_core.verb:set package 'task_one' build argument 'cmake_force_configure' from command line to 'False'
[0.195s] Level 5:colcon.colcon_core.verb:set package 'task_one' build argument 'ament_cmake_args' from command line to 'None'
[0.195s] Level 5:colcon.colcon_core.verb:set package 'task_one' build argument 'catkin_cmake_args' from command line to 'None'
[0.195s] Level 5:colcon.colcon_core.verb:set package 'task_one' build argument 'catkin_skip_building_tests' from command line to 'False'
[0.195s] DEBUG:colcon.colcon_core.verb:Building package 'task_one' with the following arguments: {'ament_cmake_args': None, 'build_base': '/home/chen/Task/navigation_ws/build/task_one', 'catkin_cmake_args': None, 'catkin_skip_building_tests': False, 'cmake_args': None, 'cmake_clean_cache': False, 'cmake_clean_first': False, 'cmake_force_configure': False, 'cmake_target': None, 'cmake_target_skip_unavailable': False, 'install_base': '/home/chen/Task/navigation_ws/install/task_one', 'merge_install': False, 'path': '/home/chen/Task/navigation_ws/src/task_one', 'symlink_install': False, 'test_result_base': None}
[0.195s] Level 5:colcon.colcon_core.verb:set package 'velodyne_simulator' build argument 'cmake_args' from command line to 'None'
[0.195s] Level 5:colcon.colcon_core.verb:set package 'velodyne_simulator' build argument 'cmake_target' from command line to 'None'
[0.195s] Level 5:colcon.colcon_core.verb:set package 'velodyne_simulator' build argument 'cmake_target_skip_unavailable' from command line to 'False'
[0.195s] Level 5:colcon.colcon_core.verb:set package 'velodyne_simulator' build argument 'cmake_clean_cache' from command line to 'False'
[0.195s] Level 5:colcon.colcon_core.verb:set package 'velodyne_simulator' build argument 'cmake_clean_first' from command line to 'False'
[0.195s] Level 5:colcon.colcon_core.verb:set package 'velodyne_simulator' build argument 'cmake_force_configure' from command line to 'False'
[0.195s] Level 5:colcon.colcon_core.verb:set package 'velodyne_simulator' build argument 'ament_cmake_args' from command line to 'None'
[0.195s] Level 5:colcon.colcon_core.verb:set package 'velodyne_simulator' build argument 'catkin_cmake_args' from command line to 'None'
[0.195s] Level 5:colcon.colcon_core.verb:set package 'velodyne_simulator' build argument 'catkin_skip_building_tests' from command line to 'False'
[0.195s] DEBUG:colcon.colcon_core.verb:Building package 'velodyne_simulator' with the following arguments: {'ament_cmake_args': None, 'build_base': '/home/chen/Task/navigation_ws/build/velodyne_simulator', 'catkin_cmake_args': None, 'catkin_skip_building_tests': False, 'cmake_args': None, 'cmake_clean_cache': False, 'cmake_clean_first': False, 'cmake_force_configure': False, 'cmake_target': None, 'cmake_target_skip_unavailable': False, 'install_base': '/home/chen/Task/navigation_ws/install/velodyne_simulator', 'merge_install': False, 'path': '/home/chen/Task/navigation_ws/src/velodyne_simulator/velodyne_simulator', 'symlink_install': False, 'test_result_base': None}
[0.195s] INFO:colcon.colcon_core.executor:Executing jobs using 'parallel' executor
[0.196s] DEBUG:colcon.colcon_parallel_executor.executor.parallel:run_until_complete
[0.196s] INFO:colcon.colcon_ros.task.catkin.build:Building ROS package in '/home/chen/Task/navigation_ws/src/velodyne_simulator/velodyne_description' with build type 'catkin'
[0.196s] INFO:colcon.colcon_cmake.task.cmake.build:Building CMake package in '/home/chen/Task/navigation_ws/src/velodyne_simulator/velodyne_description'
[0.197s] INFO:colcon.colcon_core.plugin_system:Skipping extension 'colcon_core.shell.bat': Not used on non-Windows systems
[0.197s] INFO:colcon.colcon_core.shell:Skip shell extension 'powershell' for command environment: Not usable outside of PowerShell
[0.197s] DEBUG:colcon.colcon_core.shell:Skip shell extension 'dsv' for command environment
[0.200s] INFO:colcon.colcon_ros.task.catkin.build:Building ROS package in '/home/chen/Task/navigation_ws/src/velodyne_simulator/velodyne_gazebo_plugins' with build type 'catkin'
[0.200s] INFO:colcon.colcon_cmake.task.cmake.build:Building CMake package in '/home/chen/Task/navigation_ws/src/velodyne_simulator/velodyne_gazebo_plugins'
[0.200s] INFO:colcon.colcon_core.shell:Skip shell extension 'powershell' for command environment: Not usable outside of PowerShell
[0.200s] DEBUG:colcon.colcon_core.shell:Skip shell extension 'dsv' for command environment
[0.202s] INFO:colcon.colcon_ros.task.ament_python.build:Building ROS package in '/home/chen/Task/navigation_ws/src/task_two' with build type 'ament_python'
[0.202s] Level 1:colcon.colcon_core.shell:create_environment_hook('task_two', 'ament_prefix_path')
[0.202s] INFO:colcon.colcon_core.shell:Creating environment hook '/home/chen/Task/navigation_ws/install/task_two/share/task_two/hook/ament_prefix_path.ps1'
[0.203s] INFO:colcon.colcon_core.shell:Creating environment descriptor '/home/chen/Task/navigation_ws/install/task_two/share/task_two/hook/ament_prefix_path.dsv'
[0.203s] INFO:colcon.colcon_core.shell:Creating environment hook '/home/chen/Task/navigation_ws/install/task_two/share/task_two/hook/ament_prefix_path.sh'
[0.203s] INFO:colcon.colcon_core.shell:Skip shell extension 'powershell' for command environment: Not usable outside of PowerShell
[0.203s] DEBUG:colcon.colcon_core.shell:Skip shell extension 'dsv' for command environment
[0.211s] DEBUG:colcon.colcon_core.event_handler.log_command:Invoking command in '/home/chen/Task/navigation_ws/build/velodyne_description': /usr/bin/cmake --build /home/chen/Task/navigation_ws/build/velodyne_description -- -j16 -l16
[0.225s] DEBUG:colcon.colcon_core.event_handler.log_command:Invoking command in '/home/chen/Task/navigation_ws/build/velodyne_gazebo_plugins': /usr/bin/cmake --build /home/chen/Task/navigation_ws/build/velodyne_gazebo_plugins -- -j16 -l16
[0.370s] INFO:colcon.colcon_core.task.python.build:Building Python package in '/home/chen/Task/navigation_ws/src/task_two'
[0.371s] INFO:colcon.colcon_core.shell:Skip shell extension 'powershell' for command environment: Not usable outside of PowerShell
[0.371s] DEBUG:colcon.colcon_core.shell:Skip shell extension 'dsv' for command environment
[0.374s] DEBUG:colcon.colcon_core.event_handler.log_command:Invoked command in '/home/chen/Task/navigation_ws/build/velodyne_gazebo_plugins' returned '0': /usr/bin/cmake --build /home/chen/Task/navigation_ws/build/velodyne_gazebo_plugins -- -j16 -l16
[0.375s] DEBUG:colcon.colcon_core.event_handler.log_command:Invoked command in '/home/chen/Task/navigation_ws/build/velodyne_description' returned '0': /usr/bin/cmake --build /home/chen/Task/navigation_ws/build/velodyne_description -- -j16 -l16
[0.423s] DEBUG:colcon.colcon_core.event_handler.log_command:Invoking command in '/home/chen/Task/navigation_ws/build/velodyne_description': /usr/bin/cmake --install /home/chen/Task/navigation_ws/build/velodyne_description
[0.425s] DEBUG:colcon.colcon_core.event_handler.log_command:Invoking command in '/home/chen/Task/navigation_ws/build/velodyne_gazebo_plugins': /usr/bin/cmake --install /home/chen/Task/navigation_ws/build/velodyne_gazebo_plugins
[0.438s] DEBUG:colcon.colcon_core.event_handler.log_command:Invoked command in '/home/chen/Task/navigation_ws/build/velodyne_gazebo_plugins' returned '0': /usr/bin/cmake --install /home/chen/Task/navigation_ws/build/velodyne_gazebo_plugins
[0.439s] DEBUG:colcon.colcon_core.event_handler.log_command:Invoked command in '/home/chen/Task/navigation_ws/build/velodyne_description' returned '0': /usr/bin/cmake --install /home/chen/Task/navigation_ws/build/velodyne_description
[0.460s] Level 1:colcon.colcon_core.shell:create_environment_hook('velodyne_description', 'ros_package_path')
[0.460s] INFO:colcon.colcon_core.shell:Creating environment hook '/home/chen/Task/navigation_ws/install/velodyne_description/share/velodyne_description/hook/ros_package_path.ps1'
[0.461s] INFO:colcon.colcon_core.shell:Creating environment descriptor '/home/chen/Task/navigation_ws/install/velodyne_description/share/velodyne_description/hook/ros_package_path.dsv'
[0.461s] INFO:colcon.colcon_core.shell:Creating environment hook '/home/chen/Task/navigation_ws/install/velodyne_description/share/velodyne_description/hook/ros_package_path.sh'
[0.461s] Level 1:colcon.colcon_core.shell:create_environment_hook('velodyne_description', 'pkg_config_path')
[0.461s] INFO:colcon.colcon_core.shell:Creating environment hook '/home/chen/Task/navigation_ws/install/velodyne_description/share/velodyne_description/hook/pkg_config_path.ps1'
[0.462s] INFO:colcon.colcon_core.shell:Creating environment descriptor '/home/chen/Task/navigation_ws/install/velodyne_description/share/velodyne_description/hook/pkg_config_path.dsv'
[0.462s] INFO:colcon.colcon_core.shell:Creating environment hook '/home/chen/Task/navigation_ws/install/velodyne_description/share/velodyne_description/hook/pkg_config_path.sh'
[0.463s] Level 1:colcon.colcon_core.shell:create_environment_hook('velodyne_description', 'pkg_config_path_multiarch')
[0.463s] INFO:colcon.colcon_core.shell:Creating environment hook '/home/chen/Task/navigation_ws/install/velodyne_description/share/velodyne_description/hook/pkg_config_path_multiarch.ps1'
[0.464s] INFO:colcon.colcon_core.shell:Creating environment descriptor '/home/chen/Task/navigation_ws/install/velodyne_description/share/velodyne_description/hook/pkg_config_path_multiarch.dsv'
[0.464s] INFO:colcon.colcon_core.shell:Creating environment hook '/home/chen/Task/navigation_ws/install/velodyne_description/share/velodyne_description/hook/pkg_config_path_multiarch.sh'
[0.465s] Level 1:colcon.colcon_core.environment:create_environment_scripts_only(velodyne_description)
[0.466s] Level 1:colcon.colcon_core.environment:checking '/home/chen/Task/navigation_ws/install/velodyne_description' for CMake module files
[0.467s] Level 1:colcon.colcon_core.environment:checking '/home/chen/Task/navigation_ws/install/velodyne_description' for CMake config files
[0.467s] Level 1:colcon.colcon_core.shell:create_environment_hook('velodyne_description', 'cmake_prefix_path')
[0.467s] INFO:colcon.colcon_core.shell:Creating environment hook '/home/chen/Task/navigation_ws/install/velodyne_description/share/velodyne_description/hook/cmake_prefix_path.ps1'
[0.467s] INFO:colcon.colcon_core.shell:Creating environment descriptor '/home/chen/Task/navigation_ws/install/velodyne_description/share/velodyne_description/hook/cmake_prefix_path.dsv'
[0.467s] INFO:colcon.colcon_core.shell:Creating environment hook '/home/chen/Task/navigation_ws/install/velodyne_description/share/velodyne_description/hook/cmake_prefix_path.sh'
[0.468s] Level 1:colcon.colcon_core.environment:checking '/home/chen/Task/navigation_ws/install/velodyne_description/bin'
[0.468s] Level 1:colcon.colcon_core.environment:checking '/home/chen/Task/navigation_ws/install/velodyne_description/lib/pkgconfig/velodyne_description.pc'
[0.468s] Level 1:colcon.colcon_core.environment:checking '/home/chen/Task/navigation_ws/install/velodyne_description/lib/python3.10/site-packages'
[0.468s] Level 1:colcon.colcon_core.environment:checking '/home/chen/Task/navigation_ws/install/velodyne_description/bin'
[0.468s] INFO:colcon.colcon_core.shell:Creating package script '/home/chen/Task/navigation_ws/install/velodyne_description/share/velodyne_description/package.ps1'
[0.469s] INFO:colcon.colcon_core.shell:Creating package descriptor '/home/chen/Task/navigation_ws/install/velodyne_description/share/velodyne_description/package.dsv'
[0.469s] INFO:colcon.colcon_core.shell:Creating package script '/home/chen/Task/navigation_ws/install/velodyne_description/share/velodyne_description/package.sh'
[0.470s] INFO:colcon.colcon_core.shell:Creating package script '/home/chen/Task/navigation_ws/install/velodyne_description/share/velodyne_description/package.bash'
[0.470s] INFO:colcon.colcon_core.shell:Creating package script '/home/chen/Task/navigation_ws/install/velodyne_description/share/velodyne_description/package.zsh'
[0.470s] Level 1:colcon.colcon_core.environment:create_file_with_runtime_dependencies(/home/chen/Task/navigation_ws/install/velodyne_description/share/colcon-core/packages/velodyne_description)
[0.471s] Level 1:colcon.colcon_core.shell:create_environment_hook('velodyne_gazebo_plugins', 'ros_package_path')
[0.471s] INFO:colcon.colcon_core.shell:Creating environment hook '/home/chen/Task/navigation_ws/install/velodyne_gazebo_plugins/share/velodyne_gazebo_plugins/hook/ros_package_path.ps1'
[0.471s] INFO:colcon.colcon_core.shell:Creating environment descriptor '/home/chen/Task/navigation_ws/install/velodyne_gazebo_plugins/share/velodyne_gazebo_plugins/hook/ros_package_path.dsv'
[0.472s] INFO:colcon.colcon_core.shell:Creating environment hook '/home/chen/Task/navigation_ws/install/velodyne_gazebo_plugins/share/velodyne_gazebo_plugins/hook/ros_package_path.sh'
[0.472s] Level 1:colcon.colcon_core.shell:create_environment_hook('velodyne_gazebo_plugins', 'pkg_config_path')
[0.472s] INFO:colcon.colcon_core.shell:Creating environment hook '/home/chen/Task/navigation_ws/install/velodyne_gazebo_plugins/share/velodyne_gazebo_plugins/hook/pkg_config_path.ps1'
[0.472s] INFO:colcon.colcon_core.shell:Creating environment descriptor '/home/chen/Task/navigation_ws/install/velodyne_gazebo_plugins/share/velodyne_gazebo_plugins/hook/pkg_config_path.dsv'
[0.473s] INFO:colcon.colcon_core.shell:Creating environment hook '/home/chen/Task/navigation_ws/install/velodyne_gazebo_plugins/share/velodyne_gazebo_plugins/hook/pkg_config_path.sh'
[0.473s] Level 1:colcon.colcon_core.shell:create_environment_hook('velodyne_gazebo_plugins', 'pkg_config_path_multiarch')
[0.473s] INFO:colcon.colcon_core.shell:Creating environment hook '/home/chen/Task/navigation_ws/install/velodyne_gazebo_plugins/share/velodyne_gazebo_plugins/hook/pkg_config_path_multiarch.ps1'
[0.473s] INFO:colcon.colcon_core.shell:Creating environment descriptor '/home/chen/Task/navigation_ws/install/velodyne_gazebo_plugins/share/velodyne_gazebo_plugins/hook/pkg_config_path_multiarch.dsv'
[0.473s] INFO:colcon.colcon_core.shell:Creating environment hook '/home/chen/Task/navigation_ws/install/velodyne_gazebo_plugins/share/velodyne_gazebo_plugins/hook/pkg_config_path_multiarch.sh'
[0.474s] Level 1:colcon.colcon_core.environment:create_environment_scripts_only(velodyne_gazebo_plugins)
[0.474s] Level 1:colcon.colcon_core.environment:checking '/home/chen/Task/navigation_ws/install/velodyne_gazebo_plugins' for CMake module files
[0.474s] Level 1:colcon.colcon_core.environment:checking '/home/chen/Task/navigation_ws/install/velodyne_gazebo_plugins' for CMake config files
[0.474s] Level 1:colcon.colcon_core.shell:create_environment_hook('velodyne_gazebo_plugins', 'cmake_prefix_path')
[0.474s] INFO:colcon.colcon_core.shell:Creating environment hook '/home/chen/Task/navigation_ws/install/velodyne_gazebo_plugins/share/velodyne_gazebo_plugins/hook/cmake_prefix_path.ps1'
[0.475s] INFO:colcon.colcon_core.shell:Creating environment descriptor '/home/chen/Task/navigation_ws/install/velodyne_gazebo_plugins/share/velodyne_gazebo_plugins/hook/cmake_prefix_path.dsv'
[0.475s] INFO:colcon.colcon_core.shell:Creating environment hook '/home/chen/Task/navigation_ws/install/velodyne_gazebo_plugins/share/velodyne_gazebo_plugins/hook/cmake_prefix_path.sh'
[0.475s] Level 1:colcon.colcon_core.environment:checking '/home/chen/Task/navigation_ws/install/velodyne_gazebo_plugins/bin'
[0.475s] Level 1:colcon.colcon_core.environment:checking '/home/chen/Task/navigation_ws/install/velodyne_gazebo_plugins/lib/pkgconfig/velodyne_gazebo_plugins.pc'
[0.475s] Level 1:colcon.colcon_core.environment:checking '/home/chen/Task/navigation_ws/install/velodyne_gazebo_plugins/lib/python3.10/site-packages'
[0.475s] Level 1:colcon.colcon_core.environment:checking '/home/chen/Task/navigation_ws/install/velodyne_gazebo_plugins/bin'
[0.475s] INFO:colcon.colcon_core.shell:Creating package script '/home/chen/Task/navigation_ws/install/velodyne_gazebo_plugins/share/velodyne_gazebo_plugins/package.ps1'
[0.476s] INFO:colcon.colcon_core.shell:Creating package descriptor '/home/chen/Task/navigation_ws/install/velodyne_gazebo_plugins/share/velodyne_gazebo_plugins/package.dsv'
[0.476s] INFO:colcon.colcon_core.shell:Creating package script '/home/chen/Task/navigation_ws/install/velodyne_gazebo_plugins/share/velodyne_gazebo_plugins/package.sh'
[0.476s] INFO:colcon.colcon_core.shell:Creating package script '/home/chen/Task/navigation_ws/install/velodyne_gazebo_plugins/share/velodyne_gazebo_plugins/package.bash'
[0.477s] INFO:colcon.colcon_core.shell:Creating package script '/home/chen/Task/navigation_ws/install/velodyne_gazebo_plugins/share/velodyne_gazebo_plugins/package.zsh'
[0.477s] Level 1:colcon.colcon_core.environment:create_file_with_runtime_dependencies(/home/chen/Task/navigation_ws/install/velodyne_gazebo_plugins/share/colcon-core/packages/velodyne_gazebo_plugins)
[0.477s] INFO:colcon.colcon_ros.task.ament_python.build:Building ROS package in '/home/chen/Task/navigation_ws/src/task_one' with build type 'ament_python'
[0.477s] Level 1:colcon.colcon_core.shell:create_environment_hook('task_one', 'ament_prefix_path')
[0.477s] INFO:colcon.colcon_core.shell:Creating environment hook '/home/chen/Task/navigation_ws/install/task_one/share/task_one/hook/ament_prefix_path.ps1'
[0.478s] INFO:colcon.colcon_core.shell:Creating environment descriptor '/home/chen/Task/navigation_ws/install/task_one/share/task_one/hook/ament_prefix_path.dsv'
[0.478s] INFO:colcon.colcon_core.shell:Creating environment hook '/home/chen/Task/navigation_ws/install/task_one/share/task_one/hook/ament_prefix_path.sh'
[0.478s] INFO:colcon.colcon_core.shell:Skip shell extension 'powershell' for command environment: Not usable outside of PowerShell
[0.478s] DEBUG:colcon.colcon_core.shell:Skip shell extension 'dsv' for command environment
[0.481s] INFO:colcon.colcon_ros.task.catkin.build:Building ROS package in '/home/chen/Task/navigation_ws/src/velodyne_simulator/velodyne_simulator' with build type 'catkin'
[0.481s] INFO:colcon.colcon_cmake.task.cmake.build:Building CMake package in '/home/chen/Task/navigation_ws/src/velodyne_simulator/velodyne_simulator'
[0.481s] INFO:colcon.colcon_core.shell:Skip shell extension 'powershell' for command environment: Not usable outside of PowerShell
[0.481s] DEBUG:colcon.colcon_core.shell:Skip shell extension 'dsv' for command environment
[0.627s] INFO:colcon.colcon_core.task.python.build:Building Python package in '/home/chen/Task/navigation_ws/src/task_one'
[0.627s] INFO:colcon.colcon_core.shell:Skip shell extension 'powershell' for command environment: Not usable outside of PowerShell
[0.627s] DEBUG:colcon.colcon_core.shell:Skip shell extension 'dsv' for command environment
[0.634s] DEBUG:colcon.colcon_core.event_handler.log_command:Invoking command in '/home/chen/Task/navigation_ws/build/velodyne_simulator': CMAKE_PREFIX_PATH=/home/chen/Task/navigation_ws/install/velodyne_gazebo_plugins:/home/chen/Task/navigation_ws/install/velodyne_description:/home/chen/Task/navigation_ws/install/velodyne_simulator PKG_CONFIG_PATH=/home/chen/Task/navigation_ws/install/velodyne_gazebo_plugins/lib/x86_64-linux-gnu/pkgconfig:/home/chen/Task/navigation_ws/install/velodyne_gazebo_plugins/lib/pkgconfig:/home/chen/Task/navigation_ws/install/velodyne_description/lib/x86_64-linux-gnu/pkgconfig:/home/chen/Task/navigation_ws/install/velodyne_description/lib/pkgconfig:/home/chen/Task/navigation_ws/install/velodyne_simulator/lib/x86_64-linux-gnu/pkgconfig:/home/chen/Task/navigation_ws/install/velodyne_simulator/lib/pkgconfig ROS_PACKAGE_PATH=/home/chen/Task/navigation_ws/install/velodyne_gazebo_plugins/share:/home/chen/Task/navigation_ws/install/velodyne_description/share:/home/chen/Task/navigation_ws/install/velodyne_simulator/share /usr/bin/cmake --build /home/chen/Task/navigation_ws/build/velodyne_simulator -- -j16 -l16
[0.635s] DEBUG:colcon.colcon_core.event_handler.log_command:Invoking command in '/home/chen/Task/navigation_ws/src/task_two': PYTHONPATH=/home/chen/Task/navigation_ws/build/task_two/prefix_override:/usr/lib/python3/dist-packages/colcon_core/task/python/colcon_distutils_commands:/home/chen/Task/navigation_ws/install/task_two/lib/python3.10/site-packages:${PYTHONPATH} /usr/bin/python3 -W ignore:setup.py install is deprecated setup.py egg_info --egg-base ../../build/task_two build --build-base /home/chen/Task/navigation_ws/build/task_two/build install --record /home/chen/Task/navigation_ws/build/task_two/install.log --single-version-externally-managed install_data
[0.673s] DEBUG:colcon.colcon_core.event_handler.log_command:Invoked command in '/home/chen/Task/navigation_ws/build/velodyne_simulator' returned '0': CMAKE_PREFIX_PATH=/home/chen/Task/navigation_ws/install/velodyne_gazebo_plugins:/home/chen/Task/navigation_ws/install/velodyne_description:/home/chen/Task/navigation_ws/install/velodyne_simulator PKG_CONFIG_PATH=/home/chen/Task/navigation_ws/install/velodyne_gazebo_plugins/lib/x86_64-linux-gnu/pkgconfig:/home/chen/Task/navigation_ws/install/velodyne_gazebo_plugins/lib/pkgconfig:/home/chen/Task/navigation_ws/install/velodyne_description/lib/x86_64-linux-gnu/pkgconfig:/home/chen/Task/navigation_ws/install/velodyne_description/lib/pkgconfig:/home/chen/Task/navigation_ws/install/velodyne_simulator/lib/x86_64-linux-gnu/pkgconfig:/home/chen/Task/navigation_ws/install/velodyne_simulator/lib/pkgconfig ROS_PACKAGE_PATH=/home/chen/Task/navigation_ws/install/velodyne_gazebo_plugins/share:/home/chen/Task/navigation_ws/install/velodyne_description/share:/home/chen/Task/navigation_ws/install/velodyne_simulator/share /usr/bin/cmake --build /home/chen/Task/navigation_ws/build/velodyne_simulator -- -j16 -l16
[0.716s] DEBUG:colcon.colcon_core.event_handler.log_command:Invoking command in '/home/chen/Task/navigation_ws/build/velodyne_simulator': CMAKE_PREFIX_PATH=/home/chen/Task/navigation_ws/install/velodyne_gazebo_plugins:/home/chen/Task/navigation_ws/install/velodyne_description:/home/chen/Task/navigation_ws/install/velodyne_simulator PKG_CONFIG_PATH=/home/chen/Task/navigation_ws/install/velodyne_gazebo_plugins/lib/x86_64-linux-gnu/pkgconfig:/home/chen/Task/navigation_ws/install/velodyne_gazebo_plugins/lib/pkgconfig:/home/chen/Task/navigation_ws/install/velodyne_description/lib/x86_64-linux-gnu/pkgconfig:/home/chen/Task/navigation_ws/install/velodyne_description/lib/pkgconfig:/home/chen/Task/navigation_ws/install/velodyne_simulator/lib/x86_64-linux-gnu/pkgconfig:/home/chen/Task/navigation_ws/install/velodyne_simulator/lib/pkgconfig ROS_PACKAGE_PATH=/home/chen/Task/navigation_ws/install/velodyne_gazebo_plugins/share:/home/chen/Task/navigation_ws/install/velodyne_description/share:/home/chen/Task/navigation_ws/install/velodyne_simulator/share /usr/bin/cmake --install /home/chen/Task/navigation_ws/build/velodyne_simulator
[0.732s] DEBUG:colcon.colcon_core.event_handler.log_command:Invoked command in '/home/chen/Task/navigation_ws/build/velodyne_simulator' returned '0': CMAKE_PREFIX_PATH=/home/chen/Task/navigation_ws/install/velodyne_gazebo_plugins:/home/chen/Task/navigation_ws/install/velodyne_description:/home/chen/Task/navigation_ws/install/velodyne_simulator PKG_CONFIG_PATH=/home/chen/Task/navigation_ws/install/velodyne_gazebo_plugins/lib/x86_64-linux-gnu/pkgconfig:/home/chen/Task/navigation_ws/install/velodyne_gazebo_plugins/lib/pkgconfig:/home/chen/Task/navigation_ws/install/velodyne_description/lib/x86_64-linux-gnu/pkgconfig:/home/chen/Task/navigation_ws/install/velodyne_description/lib/pkgconfig:/home/chen/Task/navigation_ws/install/velodyne_simulator/lib/x86_64-linux-gnu/pkgconfig:/home/chen/Task/navigation_ws/install/velodyne_simulator/lib/pkgconfig ROS_PACKAGE_PATH=/home/chen/Task/navigation_ws/install/velodyne_gazebo_plugins/share:/home/chen/Task/navigation_ws/install/velodyne_description/share:/home/chen/Task/navigation_ws/install/velodyne_simulator/share /usr/bin/cmake --install /home/chen/Task/navigation_ws/build/velodyne_simulator
[0.754s] Level 1:colcon.colcon_core.shell:create_environment_hook('velodyne_simulator', 'ros_package_path')
[0.754s] INFO:colcon.colcon_core.shell:Creating environment hook '/home/chen/Task/navigation_ws/install/velodyne_simulator/share/velodyne_simulator/hook/ros_package_path.ps1'
[0.755s] INFO:colcon.colcon_core.shell:Creating environment descriptor '/home/chen/Task/navigation_ws/install/velodyne_simulator/share/velodyne_simulator/hook/ros_package_path.dsv'
[0.755s] INFO:colcon.colcon_core.shell:Creating environment hook '/home/chen/Task/navigation_ws/install/velodyne_simulator/share/velodyne_simulator/hook/ros_package_path.sh'
[0.755s] Level 1:colcon.colcon_core.shell:create_environment_hook('velodyne_simulator', 'pkg_config_path')
[0.755s] INFO:colcon.colcon_core.shell:Creating environment hook '/home/chen/Task/navigation_ws/install/velodyne_simulator/share/velodyne_simulator/hook/pkg_config_path.ps1'
[0.756s] INFO:colcon.colcon_core.shell:Creating environment descriptor '/home/chen/Task/navigation_ws/install/velodyne_simulator/share/velodyne_simulator/hook/pkg_config_path.dsv'
[0.756s] INFO:colcon.colcon_core.shell:Creating environment hook '/home/chen/Task/navigation_ws/install/velodyne_simulator/share/velodyne_simulator/hook/pkg_config_path.sh'
[0.756s] Level 1:colcon.colcon_core.shell:create_environment_hook('velodyne_simulator', 'pkg_config_path_multiarch')
[0.756s] INFO:colcon.colcon_core.shell:Creating environment hook '/home/chen/Task/navigation_ws/install/velodyne_simulator/share/velodyne_simulator/hook/pkg_config_path_multiarch.ps1'
[0.756s] INFO:colcon.colcon_core.shell:Creating environment descriptor '/home/chen/Task/navigation_ws/install/velodyne_simulator/share/velodyne_simulator/hook/pkg_config_path_multiarch.dsv'
[0.757s] INFO:colcon.colcon_core.shell:Creating environment hook '/home/chen/Task/navigation_ws/install/velodyne_simulator/share/velodyne_simulator/hook/pkg_config_path_multiarch.sh'
[0.757s] Level 1:colcon.colcon_core.environment:create_environment_scripts_only(velodyne_simulator)
[0.757s] Level 1:colcon.colcon_core.environment:checking '/home/chen/Task/navigation_ws/install/velodyne_simulator' for CMake module files
[0.757s] Level 1:colcon.colcon_core.environment:checking '/home/chen/Task/navigation_ws/install/velodyne_simulator' for CMake config files
[0.757s] Level 1:colcon.colcon_core.shell:create_environment_hook('velodyne_simulator', 'cmake_prefix_path')
[0.758s] INFO:colcon.colcon_core.shell:Creating environment hook '/home/chen/Task/navigation_ws/install/velodyne_simulator/share/velodyne_simulator/hook/cmake_prefix_path.ps1'
[0.758s] INFO:colcon.colcon_core.shell:Creating environment descriptor '/home/chen/Task/navigation_ws/install/velodyne_simulator/share/velodyne_simulator/hook/cmake_prefix_path.dsv'
[0.758s] INFO:colcon.colcon_core.shell:Creating environment hook '/home/chen/Task/navigation_ws/install/velodyne_simulator/share/velodyne_simulator/hook/cmake_prefix_path.sh'
[0.758s] Level 1:colcon.colcon_core.environment:checking '/home/chen/Task/navigation_ws/install/velodyne_simulator/bin'
[0.758s] Level 1:colcon.colcon_core.environment:checking '/home/chen/Task/navigation_ws/install/velodyne_simulator/lib/pkgconfig/velodyne_simulator.pc'
[0.758s] Level 1:colcon.colcon_core.environment:checking '/home/chen/Task/navigation_ws/install/velodyne_simulator/lib/python3.10/site-packages'
[0.759s] Level 1:colcon.colcon_core.environment:checking '/home/chen/Task/navigation_ws/install/velodyne_simulator/bin'
[0.759s] INFO:colcon.colcon_core.shell:Creating package script '/home/chen/Task/navigation_ws/install/velodyne_simulator/share/velodyne_simulator/package.ps1'
[0.759s] INFO:colcon.colcon_core.shell:Creating package descriptor '/home/chen/Task/navigation_ws/install/velodyne_simulator/share/velodyne_simulator/package.dsv'
[0.759s] INFO:colcon.colcon_core.shell:Creating package script '/home/chen/Task/navigation_ws/install/velodyne_simulator/share/velodyne_simulator/package.sh'
[0.760s] INFO:colcon.colcon_core.shell:Creating package script '/home/chen/Task/navigation_ws/install/velodyne_simulator/share/velodyne_simulator/package.bash'
[0.760s] INFO:colcon.colcon_core.shell:Creating package script '/home/chen/Task/navigation_ws/install/velodyne_simulator/share/velodyne_simulator/package.zsh'
[0.760s] Level 1:colcon.colcon_core.environment:create_file_with_runtime_dependencies(/home/chen/Task/navigation_ws/install/velodyne_simulator/share/colcon-core/packages/velodyne_simulator)
[0.804s] Level 1:colcon.colcon_core.environment:checking '/home/chen/Task/navigation_ws/install/task_two' for CMake module files
[0.804s] DEBUG:colcon.colcon_core.event_handler.log_command:Invoked command in '/home/chen/Task/navigation_ws/src/task_two' returned '0': PYTHONPATH=/home/chen/Task/navigation_ws/build/task_two/prefix_override:/usr/lib/python3/dist-packages/colcon_core/task/python/colcon_distutils_commands:/home/chen/Task/navigation_ws/install/task_two/lib/python3.10/site-packages:${PYTHONPATH} /usr/bin/python3 -W ignore:setup.py install is deprecated setup.py egg_info --egg-base ../../build/task_two build --build-base /home/chen/Task/navigation_ws/build/task_two/build install --record /home/chen/Task/navigation_ws/build/task_two/install.log --single-version-externally-managed install_data
[0.804s] Level 1:colcon.colcon_core.environment:checking '/home/chen/Task/navigation_ws/install/task_two' for CMake config files
[0.805s] Level 1:colcon.colcon_core.environment:checking '/home/chen/Task/navigation_ws/install/task_two/lib'
[0.805s] Level 1:colcon.colcon_core.environment:checking '/home/chen/Task/navigation_ws/install/task_two/bin'
[0.805s] Level 1:colcon.colcon_core.environment:checking '/home/chen/Task/navigation_ws/install/task_two/lib/pkgconfig/task_two.pc'
[0.805s] Level 1:colcon.colcon_core.environment:checking '/home/chen/Task/navigation_ws/install/task_two/lib/python3.10/site-packages'
[0.805s] Level 1:colcon.colcon_core.shell:create_environment_hook('task_two', 'pythonpath')
[0.805s] INFO:colcon.colcon_core.shell:Creating environment hook '/home/chen/Task/navigation_ws/install/task_two/share/task_two/hook/pythonpath.ps1'
[0.806s] INFO:colcon.colcon_core.shell:Creating environment descriptor '/home/chen/Task/navigation_ws/install/task_two/share/task_two/hook/pythonpath.dsv'
[0.806s] INFO:colcon.colcon_core.shell:Creating environment hook '/home/chen/Task/navigation_ws/install/task_two/share/task_two/hook/pythonpath.sh'
[0.806s] Level 1:colcon.colcon_core.environment:checking '/home/chen/Task/navigation_ws/install/task_two/bin'
[0.806s] Level 1:colcon.colcon_core.environment:create_environment_scripts_only(task_two)
[0.806s] INFO:colcon.colcon_core.shell:Creating package script '/home/chen/Task/navigation_ws/install/task_two/share/task_two/package.ps1'
[0.807s] INFO:colcon.colcon_core.shell:Creating package descriptor '/home/chen/Task/navigation_ws/install/task_two/share/task_two/package.dsv'
[0.807s] INFO:colcon.colcon_core.shell:Creating package script '/home/chen/Task/navigation_ws/install/task_two/share/task_two/package.sh'
[0.807s] INFO:colcon.colcon_core.shell:Creating package script '/home/chen/Task/navigation_ws/install/task_two/share/task_two/package.bash'
[0.807s] INFO:colcon.colcon_core.shell:Creating package script '/home/chen/Task/navigation_ws/install/task_two/share/task_two/package.zsh'
[0.808s] Level 1:colcon.colcon_core.environment:create_file_with_runtime_dependencies(/home/chen/Task/navigation_ws/install/task_two/share/colcon-core/packages/task_two)
[0.828s] DEBUG:colcon.colcon_core.event_handler.log_command:Invoking command in '/home/chen/Task/navigation_ws/src/task_one': CMAKE_PREFIX_PATH=/home/chen/Task/navigation_ws/install/velodyne_gazebo_plugins:/home/chen/Task/navigation_ws/install/velodyne_description:/home/chen/Task/navigation_ws/install/velodyne_simulator PKG_CONFIG_PATH=/home/chen/Task/navigation_ws/install/velodyne_gazebo_plugins/lib/x86_64-linux-gnu/pkgconfig:/home/chen/Task/navigation_ws/install/velodyne_gazebo_plugins/lib/pkgconfig:/home/chen/Task/navigation_ws/install/velodyne_description/lib/x86_64-linux-gnu/pkgconfig:/home/chen/Task/navigation_ws/install/velodyne_description/lib/pkgconfig:/home/chen/Task/navigation_ws/install/velodyne_simulator/lib/x86_64-linux-gnu/pkgconfig:/home/chen/Task/navigation_ws/install/velodyne_simulator/lib/pkgconfig PYTHONPATH=/home/chen/Task/navigation_ws/build/task_one/prefix_override:/usr/lib/python3/dist-packages/colcon_core/task/python/colcon_distutils_commands:/home/chen/Task/navigation_ws/install/task_one/lib/python3.10/site-packages:${PYTHONPATH} ROS_PACKAGE_PATH=/home/chen/Task/navigation_ws/install/velodyne_gazebo_plugins/share:/home/chen/Task/navigation_ws/install/velodyne_description/share:/home/chen/Task/navigation_ws/install/velodyne_simulator/share /usr/bin/python3 -W ignore:setup.py install is deprecated setup.py egg_info --egg-base ../../build/task_one build --build-base /home/chen/Task/navigation_ws/build/task_one/build install --record /home/chen/Task/navigation_ws/build/task_one/install.log --single-version-externally-managed install_data
[0.991s] Level 1:colcon.colcon_core.environment:checking '/home/chen/Task/navigation_ws/install/task_one' for CMake module files
[0.991s] DEBUG:colcon.colcon_core.event_handler.log_command:Invoked command in '/home/chen/Task/navigation_ws/src/task_one' returned '0': CMAKE_PREFIX_PATH=/home/chen/Task/navigation_ws/install/velodyne_gazebo_plugins:/home/chen/Task/navigation_ws/install/velodyne_description:/home/chen/Task/navigation_ws/install/velodyne_simulator PKG_CONFIG_PATH=/home/chen/Task/navigation_ws/install/velodyne_gazebo_plugins/lib/x86_64-linux-gnu/pkgconfig:/home/chen/Task/navigation_ws/install/velodyne_gazebo_plugins/lib/pkgconfig:/home/chen/Task/navigation_ws/install/velodyne_description/lib/x86_64-linux-gnu/pkgconfig:/home/chen/Task/navigation_ws/install/velodyne_description/lib/pkgconfig:/home/chen/Task/navigation_ws/install/velodyne_simulator/lib/x86_64-linux-gnu/pkgconfig:/home/chen/Task/navigation_ws/install/velodyne_simulator/lib/pkgconfig PYTHONPATH=/home/chen/Task/navigation_ws/build/task_one/prefix_override:/usr/lib/python3/dist-packages/colcon_core/task/python/colcon_distutils_commands:/home/chen/Task/navigation_ws/install/task_one/lib/python3.10/site-packages:${PYTHONPATH} ROS_PACKAGE_PATH=/home/chen/Task/navigation_ws/install/velodyne_gazebo_plugins/share:/home/chen/Task/navigation_ws/install/velodyne_description/share:/home/chen/Task/navigation_ws/install/velodyne_simulator/share /usr/bin/python3 -W ignore:setup.py install is deprecated setup.py egg_info --egg-base ../../build/task_one build --build-base /home/chen/Task/navigation_ws/build/task_one/build install --record /home/chen/Task/navigation_ws/build/task_one/install.log --single-version-externally-managed install_data
[0.991s] Level 1:colcon.colcon_core.environment:checking '/home/chen/Task/navigation_ws/install/task_one' for CMake config files
[0.992s] Level 1:colcon.colcon_core.environment:checking '/home/chen/Task/navigation_ws/install/task_one/lib'
[0.992s] Level 1:colcon.colcon_core.environment:checking '/home/chen/Task/navigation_ws/install/task_one/bin'
[0.992s] Level 1:colcon.colcon_core.environment:checking '/home/chen/Task/navigation_ws/install/task_one/lib/pkgconfig/task_one.pc'
[0.992s] Level 1:colcon.colcon_core.environment:checking '/home/chen/Task/navigation_ws/install/task_one/lib/python3.10/site-packages'
[0.992s] Level 1:colcon.colcon_core.shell:create_environment_hook('task_one', 'pythonpath')
[0.992s] INFO:colcon.colcon_core.shell:Creating environment hook '/home/chen/Task/navigation_ws/install/task_one/share/task_one/hook/pythonpath.ps1'
[0.992s] INFO:colcon.colcon_core.shell:Creating environment descriptor '/home/chen/Task/navigation_ws/install/task_one/share/task_one/hook/pythonpath.dsv'
[0.992s] INFO:colcon.colcon_core.shell:Creating environment hook '/home/chen/Task/navigation_ws/install/task_one/share/task_one/hook/pythonpath.sh'
[0.993s] Level 1:colcon.colcon_core.environment:checking '/home/chen/Task/navigation_ws/install/task_one/bin'
[0.993s] Level 1:colcon.colcon_core.environment:create_environment_scripts_only(task_one)
[0.993s] INFO:colcon.colcon_core.shell:Creating package script '/home/chen/Task/navigation_ws/install/task_one/share/task_one/package.ps1'
[0.993s] INFO:colcon.colcon_core.shell:Creating package descriptor '/home/chen/Task/navigation_ws/install/task_one/share/task_one/package.dsv'
[0.993s] INFO:colcon.colcon_core.shell:Creating package script '/home/chen/Task/navigation_ws/install/task_one/share/task_one/package.sh'
[0.994s] INFO:colcon.colcon_core.shell:Creating package script '/home/chen/Task/navigation_ws/install/task_one/share/task_one/package.bash'
[0.994s] INFO:colcon.colcon_core.shell:Creating package script '/home/chen/Task/navigation_ws/install/task_one/share/task_one/package.zsh'
[0.994s] Level 1:colcon.colcon_core.environment:create_file_with_runtime_dependencies(/home/chen/Task/navigation_ws/install/task_one/share/colcon-core/packages/task_one)
[0.994s] DEBUG:colcon.colcon_parallel_executor.executor.parallel:closing loop
[0.994s] DEBUG:colcon.colcon_parallel_executor.executor.parallel:loop closed
[0.994s] DEBUG:colcon.colcon_parallel_executor.executor.parallel:run_until_complete finished with '0'
[0.994s] DEBUG:colcon.colcon_core.event_reactor:joining thread
[0.998s] INFO:colcon.colcon_core.plugin_system:Skipping extension 'colcon_notification.desktop_notification.terminal_notifier': Not used on non-Darwin systems
[0.998s] INFO:colcon.colcon_core.plugin_system:Skipping extension 'colcon_notification.desktop_notification.win32': Not used on non-Windows systems
[0.998s] INFO:colcon.colcon_notification.desktop_notification:Sending desktop notification using 'notify2'
[1.006s] DEBUG:colcon.colcon_core.event_reactor:joined thread
[1.006s] INFO:colcon.colcon_core.shell:Creating prefix script '/home/chen/Task/navigation_ws/install/local_setup.ps1'
[1.008s] INFO:colcon.colcon_core.shell:Creating prefix util module '/home/chen/Task/navigation_ws/install/_local_setup_util_ps1.py'
[1.008s] INFO:colcon.colcon_core.shell:Creating prefix chain script '/home/chen/Task/navigation_ws/install/setup.ps1'
[1.009s] INFO:colcon.colcon_core.shell:Creating prefix script '/home/chen/Task/navigation_ws/install/local_setup.sh'
[1.010s] INFO:colcon.colcon_core.shell:Creating prefix util module '/home/chen/Task/navigation_ws/install/_local_setup_util_sh.py'
[1.010s] INFO:colcon.colcon_core.shell:Creating prefix chain script '/home/chen/Task/navigation_ws/install/setup.sh'
[1.011s] INFO:colcon.colcon_core.shell:Creating prefix script '/home/chen/Task/navigation_ws/install/local_setup.bash'
[1.011s] INFO:colcon.colcon_core.shell:Creating prefix chain script '/home/chen/Task/navigation_ws/install/setup.bash'
[1.012s] INFO:colcon.colcon_core.shell:Creating prefix script '/home/chen/Task/navigation_ws/install/local_setup.zsh'
[1.012s] INFO:colcon.colcon_core.shell:Creating prefix chain script '/home/chen/Task/navigation_ws/install/setup.zsh'
