[0.018s] Invoking command in '/home/chen/Task/navigation_ws/build/velodyne_description': CONDA_PROMPT_MODIFIER=(base) /usr/bin/cmake /home/chen/Task/navigation_ws/src/velodyne_simulator/velodyne_description -DCATKIN_INSTALL_INTO_PREFIX_ROOT=0 -DCMAKE_INSTALL_PREFIX=/home/chen/Task/navigation_ws/install/velodyne_description
[0.161s] -- Found ament_cmake: 1.3.10 (/opt/ros/humble/share/ament_cmake/cmake)
[0.161s] -- Found rclcpp: 16.0.10 (/opt/ros/humble/share/rclcpp/cmake)
[0.161s] -- Found rosidl_generator_c: 3.1.5 (/opt/ros/humble/share/rosidl_generator_c/cmake)
[0.161s] -- Found rosidl_adapter: 3.1.5 (/opt/ros/humble/share/rosidl_adapter/cmake)
[0.161s] -- Found rosidl_generator_cpp: 3.1.5 (/opt/ros/humble/share/rosidl_generator_cpp/cmake)
[0.161s] -- Using all available rosidl_typesupport_c: rosidl_typesupport_fastrtps_c;rosidl_typesupport_introspection_c
[0.161s] -- Using all available rosidl_typesupport_cpp: rosidl_typesupport_fastrtps_cpp;rosidl_typesupport_introspection_cpp
[0.169s] -- Found rmw_implementation_cmake: 6.1.2 (/opt/ros/humble/share/rmw_implementation_cmake/cmake)
[0.170s] -- Found rmw_fastrtps_cpp: 6.2.7 (/opt/ros/humble/share/rmw_fastrtps_cpp/cmake)
[0.245s] -- Using RMW implementation 'rmw_fastrtps_cpp' as default
[0.272s] -- Found sensor_msgs: 4.2.4 (/opt/ros/humble/share/sensor_msgs/cmake)
[0.288s] -- Found tf2_ros: 0.25.8 (/opt/ros/humble/share/tf2_ros/cmake)
[0.337s] -- Found urdf: 2.6.1 (/opt/ros/humble/share/urdf/cmake)
[0.350s] -- Found xacro: 2.0.8 (/opt/ros/humble/share/xacro/cmake)
[0.365s] Traceback (most recent call last):
[0.365s]   File "/opt/ros/humble/share/ament_cmake_core/cmake/core/package_xml_2_cmake.py", line 22, in <module>
[0.365s]     from catkin_pkg.package import parse_package_string
[0.365s] ModuleNotFoundError: No module named 'catkin_pkg'
[0.368s] [31mCMake Error at /opt/ros/humble/share/ament_cmake_core/cmake/core/ament_package_xml.cmake:95 (message):
[0.368s]   execute_process(/home/chen/miniconda3/bin/python3
[0.368s]   /opt/ros/humble/share/ament_cmake_core/cmake/core/package_xml_2_cmake.py
[0.368s]   /home/chen/Task/navigation_ws/src/velodyne_simulator/velodyne_description/package.xml
[0.368s]   /home/chen/Task/navigation_ws/build/velodyne_description/ament_cmake_core/package.cmake)
[0.368s]   returned error code 1
[0.368s] Call Stack (most recent call first):
[0.368s]   /opt/ros/humble/share/ament_cmake_core/cmake/core/ament_package_xml.cmake:49 (_ament_package_xml)
[0.368s]   /opt/ros/humble/share/ament_cmake_core/cmake/core/ament_package.cmake:63 (ament_package_xml)
[0.368s]   CMakeLists.txt:46 (ament_package)
[0.368s] 
[0.368s] [0m
[0.368s] -- Configuring incomplete, errors occurred!
[0.368s] See also "/home/chen/Task/navigation_ws/build/velodyne_description/CMakeFiles/CMakeOutput.log".
[0.375s] Invoked command in '/home/chen/Task/navigation_ws/build/velodyne_description' returned '1': CONDA_PROMPT_MODIFIER=(base) /usr/bin/cmake /home/chen/Task/navigation_ws/src/velodyne_simulator/velodyne_description -DCATKIN_INSTALL_INTO_PREFIX_ROOT=0 -DCMAKE_INSTALL_PREFIX=/home/chen/Task/navigation_ws/install/velodyne_description
