[0.016s] Invoking command in '/home/chen/Task/navigation_ws/build/velodyne_gazebo_plugins': CONDA_PROMPT_MODIFIER=(base) /usr/bin/cmake /home/chen/Task/navigation_ws/src/velodyne_simulator/velodyne_gazebo_plugins -DCATKIN_INSTALL_INTO_PREFIX_ROOT=0 -DCMAKE_INSTALL_PREFIX=/home/chen/Task/navigation_ws/install/velodyne_gazebo_plugins
[0.158s] -- Found ament_cmake: 1.3.10 (/opt/ros/humble/share/ament_cmake/cmake)
[0.158s] -- Found rclcpp: 16.0.10 (/opt/ros/humble/share/rclcpp/cmake)
[0.158s] -- Found rosidl_generator_c: 3.1.5 (/opt/ros/humble/share/rosidl_generator_c/cmake)
[0.158s] -- Found rosidl_adapter: 3.1.5 (/opt/ros/humble/share/rosidl_adapter/cmake)
[0.158s] -- Found rosidl_generator_cpp: 3.1.5 (/opt/ros/humble/share/rosidl_generator_cpp/cmake)
[0.158s] -- Using all available rosidl_typesupport_c: rosidl_typesupport_fastrtps_c;rosidl_typesupport_introspection_c
[0.158s] -- Using all available rosidl_typesupport_cpp: rosidl_typesupport_fastrtps_cpp;rosidl_typesupport_introspection_cpp
[0.166s] -- Found rmw_implementation_cmake: 6.1.2 (/opt/ros/humble/share/rmw_implementation_cmake/cmake)
[0.167s] -- Found rmw_fastrtps_cpp: 6.2.7 (/opt/ros/humble/share/rmw_fastrtps_cpp/cmake)
[0.241s] -- Using RMW implementation 'rmw_fastrtps_cpp' as default
[0.268s] -- Found sensor_msgs: 4.2.4 (/opt/ros/humble/share/sensor_msgs/cmake)
[0.284s] -- Found tf2_ros: 0.25.8 (/opt/ros/humble/share/tf2_ros/cmake)
[0.334s] -- Found gazebo_ros: 3.7.0 (/opt/ros/humble/share/gazebo_ros/cmake)
[0.342s] -- Found PkgConfig: /usr/bin/pkg-config (found version "0.29.2") 
[0.343s] -- Checking for module 'bullet>=2.82'
[0.354s] --   Found bullet, version 3.05
[0.447s] -- Found fcl: /usr/include (found suitable version "0.7.0", minimum required is "0.5.0") 
[0.495s] -- Found assimp: /usr/include (found version "5.2.0") 
[0.534s] -- Found DART: /usr/include (Required is at least version "6.6") found components: dart 
[0.552s] -- Found Boost: /usr/lib/x86_64-linux-gnu/cmake/Boost-1.74.0/BoostConfig.cmake (found suitable version "1.74.0", minimum required is "1.40.0") found components: thread system filesystem program_options regex iostreams date_time 
[0.562s] -- Found Protobuf: /usr/lib/x86_64-linux-gnu/libprotobuf.so (found version "3.12.4") 
[0.566s] -- Looking for ignition-math6 -- found version 6.15.1
[0.572s] -- Searching for dependencies of ignition-math6
[0.573s] -- Looking for OGRE...
[0.573s] -- OGRE_PREFIX_WATCH changed.
[0.578s] -- Checking for module 'OGRE'
[0.590s] --   Found OGRE, version 1.9.0
[0.623s] -- Found Ogre Ghadamon (1.9.0)
[0.628s] -- Found OGRE: optimized;/usr/lib/x86_64-linux-gnu/libOgreMain.so;debug;/usr/lib/x86_64-linux-gnu/libOgreMain.so
[0.634s] -- Looking for OGRE_Paging...
[0.637s] -- Found OGRE_Paging: optimized;/usr/lib/x86_64-linux-gnu/libOgrePaging.so;debug;/usr/lib/x86_64-linux-gnu/libOgrePaging.so
[0.637s] -- Looking for OGRE_Terrain...
[0.640s] -- Found OGRE_Terrain: optimized;/usr/lib/x86_64-linux-gnu/libOgreTerrain.so;debug;/usr/lib/x86_64-linux-gnu/libOgreTerrain.so
[0.640s] -- Looking for OGRE_Property...
[0.642s] -- Found OGRE_Property: optimized;/usr/lib/x86_64-linux-gnu/libOgreProperty.so;debug;/usr/lib/x86_64-linux-gnu/libOgreProperty.so
[0.642s] -- Looking for OGRE_RTShaderSystem...
[0.645s] -- Found OGRE_RTShaderSystem: optimized;/usr/lib/x86_64-linux-gnu/libOgreRTShaderSystem.so;debug;/usr/lib/x86_64-linux-gnu/libOgreRTShaderSystem.so
[0.645s] -- Looking for OGRE_Volume...
[0.648s] -- Found OGRE_Volume: optimized;/usr/lib/x86_64-linux-gnu/libOgreVolume.so;debug;/usr/lib/x86_64-linux-gnu/libOgreVolume.so
[0.648s] -- Looking for OGRE_Overlay...
[0.650s] -- Found OGRE_Overlay: optimized;/usr/lib/x86_64-linux-gnu/libOgreOverlay.so;debug;/usr/lib/x86_64-linux-gnu/libOgreOverlay.so
[0.712s] -- Looking for ignition-math6 -- found version 6.15.1
[0.714s] -- Looking for ignition-transport8 -- found version 8.2.1
[0.714s] -- Searching for dependencies of ignition-transport8
[0.732s] -- Found Protobuf: /usr/lib/x86_64-linux-gnu/libprotobuf.so (found suitable version "3.12.4", minimum required is "3") 
[0.740s] -- Config-file not installed for ZeroMQ -- checking for pkg-config
[0.744s] -- Checking for module 'libzmq >= 4'
[0.756s] --   Found libzmq , version 4.3.4
[0.787s] -- Found ZeroMQ: TRUE (Required is at least version "4") 
[0.792s] -- Checking for module 'uuid'
[0.803s] --   Found uuid, version 2.37.2
[0.838s] -- Found UUID: TRUE  
[0.840s] -- Looking for ignition-msgs5 -- found version 5.8.1
[0.840s] -- Searching for dependencies of ignition-msgs5
[0.856s] -- Looking for ignition-math6 -- found version 6.15.1
[0.861s] -- Checking for module 'tinyxml2'
[0.871s] --   Found tinyxml2, version 9.0.0
[0.904s] -- Looking for ignition-msgs5 -- found version 5.8.1
[0.906s] -- Looking for ignition-common3 -- found version 3.14.0
[0.906s] -- Searching for dependencies of ignition-common3
[0.906s] -- Looking for dlfcn.h - found
[0.908s] -- Looking for libdl - found
[0.909s] -- Found DL: TRUE  
[0.920s] -- Found tinyobjloader: /usr/lib/x86_64-linux-gnu/cmake/tinyobjloader/tinyobjloader-config.cmake (found version "2.0.0") 
[0.920s] -- Searching for <ignition-common3> component [graphics]
[0.922s] -- Looking for ignition-common3-graphics -- found version 3.14.0
[0.922s] -- Searching for dependencies of ignition-common3-graphics
[0.923s] -- Looking for ignition-math6 -- found version 6.15.1
[0.924s] -- Looking for ignition-fuel_tools4 -- found version 4.4.0
[0.925s] -- Searching for dependencies of ignition-fuel_tools4
[0.995s] -- Found CURL: /usr/lib/x86_64-linux-gnu/libcurl.so (found version "7.81.0")  
[1.003s] -- Checking for module 'jsoncpp'
[1.019s] --   Found jsoncpp, version 1.9.5
[1.051s] -- Found JSONCPP: TRUE  
[1.056s] -- Checking for module 'libzip'
[1.068s] --   Found libzip, version 1.7.3
[1.100s] -- Found ZIP: TRUE  
[1.100s] -- Looking for ignition-common3 -- found version 3.14.0
[1.101s] -- Looking for ignition-math6 -- found version 6.15.1
[1.101s] -- Looking for ignition-msgs5 -- found version 5.8.1
[1.104s] -- Gazebo version: 11.10
[1.104s] -- Checking for module 'tbb'
[1.118s] --   Found tbb, version 2021.5.0
[1.167s] Traceback (most recent call last):
[1.167s]   File "/opt/ros/humble/share/ament_cmake_core/cmake/core/package_xml_2_cmake.py", line 22, in <module>
[1.167s]     from catkin_pkg.package import parse_package_string
[1.167s] ModuleNotFoundError: No module named 'catkin_pkg'
[1.169s] [31mCMake Error at /opt/ros/humble/share/ament_cmake_core/cmake/core/ament_package_xml.cmake:95 (message):
[1.169s]   execute_process(/home/chen/miniconda3/bin/python3
[1.169s]   /opt/ros/humble/share/ament_cmake_core/cmake/core/package_xml_2_cmake.py
[1.169s]   /home/chen/Task/navigation_ws/src/velodyne_simulator/velodyne_gazebo_plugins/package.xml
[1.169s]   /home/chen/Task/navigation_ws/build/velodyne_gazebo_plugins/ament_cmake_core/package.cmake)
[1.169s]   returned error code 1
[1.169s] Call Stack (most recent call first):
[1.169s]   /opt/ros/humble/share/ament_cmake_core/cmake/core/ament_package_xml.cmake:49 (_ament_package_xml)
[1.169s]   /opt/ros/humble/share/ament_cmake_core/cmake/core/ament_package.cmake:63 (ament_package_xml)
[1.169s]   CMakeLists.txt:51 (ament_package)
[1.169s] 
[1.169s] [0m
[1.169s] -- Configuring incomplete, errors occurred!
[1.169s] See also "/home/chen/Task/navigation_ws/build/velodyne_gazebo_plugins/CMakeFiles/CMakeOutput.log".
