[0.017s] Invoking command in '/home/chen/Task/navigation_ws/build/velodyne_gazebo_plugins': CONDA_PROMPT_MODIFIER=(base) /usr/bin/cmake /home/chen/Task/navigation_ws/src/velodyne_simulator/velodyne_gazebo_plugins -DCATKIN_INSTALL_INTO_PREFIX_ROOT=0 -DCMAKE_INSTALL_PREFIX=/home/chen/Task/navigation_ws/install/velodyne_gazebo_plugins
[0.160s] -- Found ament_cmake: 1.3.10 (/opt/ros/humble/share/ament_cmake/cmake)
[0.160s] -- Found rclcpp: 16.0.10 (/opt/ros/humble/share/rclcpp/cmake)
[0.160s] -- Found rosidl_generator_c: 3.1.5 (/opt/ros/humble/share/rosidl_generator_c/cmake)
[0.160s] -- Found rosidl_adapter: 3.1.5 (/opt/ros/humble/share/rosidl_adapter/cmake)
[0.160s] -- Found rosidl_generator_cpp: 3.1.5 (/opt/ros/humble/share/rosidl_generator_cpp/cmake)
[0.160s] -- Using all available rosidl_typesupport_c: rosidl_typesupport_fastrtps_c;rosidl_typesupport_introspection_c
[0.160s] -- Using all available rosidl_typesupport_cpp: rosidl_typesupport_fastrtps_cpp;rosidl_typesupport_introspection_cpp
[0.172s] -- Found rmw_implementation_cmake: 6.1.2 (/opt/ros/humble/share/rmw_implementation_cmake/cmake)
[0.173s] -- Found rmw_fastrtps_cpp: 6.2.7 (/opt/ros/humble/share/rmw_fastrtps_cpp/cmake)
[0.252s] -- Using RMW implementation 'rmw_fastrtps_cpp' as default
[0.281s] -- Found sensor_msgs: 4.2.4 (/opt/ros/humble/share/sensor_msgs/cmake)
[0.298s] -- Found tf2_ros: 0.25.8 (/opt/ros/humble/share/tf2_ros/cmake)
[0.348s] -- Found gazebo_ros: 3.7.0 (/opt/ros/humble/share/gazebo_ros/cmake)
[0.371s] -- Found DART: /usr/include (Required is at least version "6.6") found components: dart 
[0.391s] -- Found Protobuf: /usr/lib/x86_64-linux-gnu/libprotobuf.so (found version "3.12.4") 
[0.392s] -- Looking for ignition-math6 -- found version 6.15.1
[0.395s] -- Searching for dependencies of ignition-math6
[0.396s] -- Looking for OGRE...
[0.400s] -- Found Ogre Ghadamon (1.9.0)
[0.400s] -- Found OGRE: optimized;/usr/lib/x86_64-linux-gnu/libOgreMain.so;debug;/usr/lib/x86_64-linux-gnu/libOgreMain.so
[0.408s] -- Looking for OGRE_Paging...
[0.408s] -- Found OGRE_Paging: optimized;/usr/lib/x86_64-linux-gnu/libOgrePaging.so;debug;/usr/lib/x86_64-linux-gnu/libOgrePaging.so
[0.408s] -- Looking for OGRE_Terrain...
[0.408s] -- Found OGRE_Terrain: optimized;/usr/lib/x86_64-linux-gnu/libOgreTerrain.so;debug;/usr/lib/x86_64-linux-gnu/libOgreTerrain.so
[0.408s] -- Looking for OGRE_Property...
[0.408s] -- Found OGRE_Property: optimized;/usr/lib/x86_64-linux-gnu/libOgreProperty.so;debug;/usr/lib/x86_64-linux-gnu/libOgreProperty.so
[0.408s] -- Looking for OGRE_RTShaderSystem...
[0.408s] -- Found OGRE_RTShaderSystem: optimized;/usr/lib/x86_64-linux-gnu/libOgreRTShaderSystem.so;debug;/usr/lib/x86_64-linux-gnu/libOgreRTShaderSystem.so
[0.408s] -- Looking for OGRE_Volume...
[0.408s] -- Found OGRE_Volume: optimized;/usr/lib/x86_64-linux-gnu/libOgreVolume.so;debug;/usr/lib/x86_64-linux-gnu/libOgreVolume.so
[0.408s] -- Looking for OGRE_Overlay...
[0.408s] -- Found OGRE_Overlay: optimized;/usr/lib/x86_64-linux-gnu/libOgreOverlay.so;debug;/usr/lib/x86_64-linux-gnu/libOgreOverlay.so
[0.497s] -- Looking for ignition-math6 -- found version 6.15.1
[0.497s] -- Looking for ignition-transport8 -- found version 8.2.1
[0.497s] -- Searching for dependencies of ignition-transport8
[0.511s] -- Found Protobuf: /usr/lib/x86_64-linux-gnu/libprotobuf.so (found suitable version "3.12.4", minimum required is "3") 
[0.519s] -- Config-file not installed for ZeroMQ -- checking for pkg-config
[0.523s] -- Checking for module 'libzmq >= 4'
[0.533s] --   Found libzmq , version 4.3.4
[0.570s] -- Checking for module 'uuid'
[0.582s] --   Found uuid, version 2.37.2
[0.613s] -- Looking for ignition-msgs5 -- found version 5.8.1
[0.613s] -- Searching for dependencies of ignition-msgs5
[0.630s] -- Looking for ignition-math6 -- found version 6.15.1
[0.634s] -- Checking for module 'tinyxml2'
[0.645s] --   Found tinyxml2, version 9.0.0
[0.674s] -- Looking for ignition-msgs5 -- found version 5.8.1
[0.674s] -- Looking for ignition-common3 -- found version 3.14.0
[0.674s] -- Searching for dependencies of ignition-common3
[0.675s] -- Looking for dlfcn.h - found
[0.675s] -- Looking for libdl - found
[0.682s] -- Searching for <ignition-common3> component [graphics]
[0.682s] -- Looking for ignition-common3-graphics -- found version 3.14.0
[0.683s] -- Searching for dependencies of ignition-common3-graphics
[0.683s] -- Looking for ignition-math6 -- found version 6.15.1
[0.683s] -- Looking for ignition-fuel_tools4 -- found version 4.4.0
[0.684s] -- Searching for dependencies of ignition-fuel_tools4
[0.716s] -- Checking for module 'jsoncpp'
[0.728s] --   Found jsoncpp, version 1.9.5
[0.767s] -- Checking for module 'libzip'
[0.778s] --   Found libzip, version 1.7.3
[0.810s] -- Looking for ignition-common3 -- found version 3.14.0
[0.810s] -- Looking for ignition-math6 -- found version 6.15.1
[0.810s] -- Looking for ignition-msgs5 -- found version 5.8.1
[0.811s] -- Gazebo version: 11.10
[0.875s] -- Configuring done
[0.879s] [31mCMake Error at CMakeLists.txt:14 (add_executable):
[0.879s]   Cannot find source file:
[0.879s] 
[0.879s]     src/velodyne_gazebo_plugins_node.cpp
[0.879s] 
[0.879s]   Tried extensions .c .C .c++ .cc .cpp .cxx .cu .mpp .m .M .mm .ixx .cppm .h
[0.879s]   .hh .h++ .hm .hpp .hxx .in .txx .f .F .for .f77 .f90 .f95 .f03 .hip .ispc
[0.879s] 
[0.879s] [0m
[0.880s] [31mCMake Error at CMakeLists.txt:14 (add_executable):
[0.880s]   No SOURCES given to target: velodyne_gazebo_plugins_node
[0.880s] 
[0.880s] [0m
[0.880s] [0mCMake Generate step failed.  Build files cannot be regenerated correctly.[0m
