[0.016s] Invoking command in '/home/chen/Task/navigation_ws/build/velodyne_gazebo_plugins': CONDA_PROMPT_MODIFIER=(base) /usr/bin/cmake --build /home/chen/Task/navigation_ws/build/velodyne_gazebo_plugins -- -j16 -l16
[0.159s] -- Found ament_cmake: 1.3.10 (/opt/ros/humble/share/ament_cmake/cmake)
[0.160s] -- Found rclcpp: 16.0.10 (/opt/ros/humble/share/rclcpp/cmake)
[0.160s] -- Found rosidl_generator_c: 3.1.5 (/opt/ros/humble/share/rosidl_generator_c/cmake)
[0.160s] -- Found rosidl_adapter: 3.1.5 (/opt/ros/humble/share/rosidl_adapter/cmake)
[0.160s] -- Found rosidl_generator_cpp: 3.1.5 (/opt/ros/humble/share/rosidl_generator_cpp/cmake)
[0.160s] -- Using all available rosidl_typesupport_c: rosidl_typesupport_fastrtps_c;rosidl_typesupport_introspection_c
[0.164s] -- Using all available rosidl_typesupport_cpp: rosidl_typesupport_fastrtps_cpp;rosidl_typesupport_introspection_cpp
[0.182s] -- Found rmw_implementation_cmake: 6.1.2 (/opt/ros/humble/share/rmw_implementation_cmake/cmake)
[0.183s] -- Found rmw_fastrtps_cpp: 6.2.7 (/opt/ros/humble/share/rmw_fastrtps_cpp/cmake)
[0.263s] -- Using RMW implementation 'rmw_fastrtps_cpp' as default
[0.292s] -- Found sensor_msgs: 4.2.4 (/opt/ros/humble/share/sensor_msgs/cmake)
[0.311s] -- Found tf2_ros: 0.25.8 (/opt/ros/humble/share/tf2_ros/cmake)
[0.359s] -- Found gazebo_ros: 3.7.0 (/opt/ros/humble/share/gazebo_ros/cmake)
[0.383s] -- Found DART: /usr/include (Required is at least version "6.6") found components: dart 
[0.404s] -- Found Protobuf: /usr/lib/x86_64-linux-gnu/libprotobuf.so (found version "3.12.4") 
[0.405s] -- Looking for ignition-math6 -- found version 6.15.1
[0.409s] -- Searching for dependencies of ignition-math6
[0.410s] -- Looking for OGRE...
[0.416s] -- Found Ogre Ghadamon (1.9.0)
[0.416s] -- Found OGRE: optimized;/usr/lib/x86_64-linux-gnu/libOgreMain.so;debug;/usr/lib/x86_64-linux-gnu/libOgreMain.so
[0.423s] -- Looking for OGRE_Paging...
[0.423s] -- Found OGRE_Paging: optimized;/usr/lib/x86_64-linux-gnu/libOgrePaging.so;debug;/usr/lib/x86_64-linux-gnu/libOgrePaging.so
[0.423s] -- Looking for OGRE_Terrain...
[0.423s] -- Found OGRE_Terrain: optimized;/usr/lib/x86_64-linux-gnu/libOgreTerrain.so;debug;/usr/lib/x86_64-linux-gnu/libOgreTerrain.so
[0.423s] -- Looking for OGRE_Property...
[0.423s] -- Found OGRE_Property: optimized;/usr/lib/x86_64-linux-gnu/libOgreProperty.so;debug;/usr/lib/x86_64-linux-gnu/libOgreProperty.so
[0.423s] -- Looking for OGRE_RTShaderSystem...
[0.423s] -- Found OGRE_RTShaderSystem: optimized;/usr/lib/x86_64-linux-gnu/libOgreRTShaderSystem.so;debug;/usr/lib/x86_64-linux-gnu/libOgreRTShaderSystem.so
[0.423s] -- Looking for OGRE_Volume...
[0.423s] -- Found OGRE_Volume: optimized;/usr/lib/x86_64-linux-gnu/libOgreVolume.so;debug;/usr/lib/x86_64-linux-gnu/libOgreVolume.so
[0.423s] -- Looking for OGRE_Overlay...
[0.423s] -- Found OGRE_Overlay: optimized;/usr/lib/x86_64-linux-gnu/libOgreOverlay.so;debug;/usr/lib/x86_64-linux-gnu/libOgreOverlay.so
[0.489s] -- Looking for ignition-math6 -- found version 6.15.1
[0.489s] -- Looking for ignition-transport8 -- found version 8.2.1
[0.489s] -- Searching for dependencies of ignition-transport8
[0.506s] -- Found Protobuf: /usr/lib/x86_64-linux-gnu/libprotobuf.so (found suitable version "3.12.4", minimum required is "3") 
[0.514s] -- Config-file not installed for ZeroMQ -- checking for pkg-config
[0.518s] -- Checking for module 'libzmq >= 4'
[0.528s] --   Found libzmq , version 4.3.4
[0.564s] -- Checking for module 'uuid'
[0.576s] --   Found uuid, version 2.37.2
[0.607s] -- Looking for ignition-msgs5 -- found version 5.8.1
[0.608s] -- Searching for dependencies of ignition-msgs5
[0.624s] -- Looking for ignition-math6 -- found version 6.15.1
[0.628s] -- Checking for module 'tinyxml2'
[0.641s] --   Found tinyxml2, version 9.0.0
[0.676s] -- Looking for ignition-msgs5 -- found version 5.8.1
[0.676s] -- Looking for ignition-common3 -- found version 3.14.0
[0.676s] -- Searching for dependencies of ignition-common3
[0.676s] -- Looking for dlfcn.h - found
[0.676s] -- Looking for libdl - found
[0.686s] -- Searching for <ignition-common3> component [graphics]
[0.686s] -- Looking for ignition-common3-graphics -- found version 3.14.0
[0.686s] -- Searching for dependencies of ignition-common3-graphics
[0.686s] -- Looking for ignition-math6 -- found version 6.15.1
[0.687s] -- Looking for ignition-fuel_tools4 -- found version 4.4.0
[0.687s] -- Searching for dependencies of ignition-fuel_tools4
[0.718s] -- Checking for module 'jsoncpp'
[0.730s] --   Found jsoncpp, version 1.9.5
[0.765s] -- Checking for module 'libzip'
[0.776s] --   Found libzip, version 1.7.3
[0.807s] -- Looking for ignition-common3 -- found version 3.14.0
[0.807s] -- Looking for ignition-math6 -- found version 6.15.1
[0.807s] -- Looking for ignition-msgs5 -- found version 5.8.1
[0.808s] -- Gazebo version: 11.10
[0.872s] -- Configuring done
[0.878s] -- Generating done
[0.880s] -- Build files have been written to: /home/chen/Task/navigation_ws/build/velodyne_gazebo_plugins
[0.914s] Invoked command in '/home/chen/Task/navigation_ws/build/velodyne_gazebo_plugins' returned '0': CONDA_PROMPT_MODIFIER=(base) /usr/bin/cmake --build /home/chen/Task/navigation_ws/build/velodyne_gazebo_plugins -- -j16 -l16
[0.953s] Invoking command in '/home/chen/Task/navigation_ws/build/velodyne_gazebo_plugins': CONDA_PROMPT_MODIFIER=(base) /usr/bin/cmake --install /home/chen/Task/navigation_ws/build/velodyne_gazebo_plugins
[0.958s] -- Install configuration: ""
[0.958s] -- Up-to-date: /home/chen/Task/navigation_ws/install/velodyne_gazebo_plugins/share/velodyne_gazebo_plugins/src
[0.959s] -- Up-to-date: /home/chen/Task/navigation_ws/install/velodyne_gazebo_plugins/share/velodyne_gazebo_plugins/src/GazeboRosVelodyneLaser.cpp
[0.959s] [31mCMake Error at cmake_install.cmake:50 (file):
[0.959s]   file INSTALL cannot find
[0.959s]   "/home/chen/Task/navigation_ws/src/velodyne_simulator/velodyne_gazebo_plugins/meshes":
[0.959s]   No such file or directory.
[0.959s] 
[0.959s] [0m
[0.960s] Invoked command in '/home/chen/Task/navigation_ws/build/velodyne_gazebo_plugins' returned '1': CONDA_PROMPT_MODIFIER=(base) /usr/bin/cmake --install /home/chen/Task/navigation_ws/build/velodyne_gazebo_plugins
