[0.010s] Invoking command in '/home/chen/Task/navigation_ws/build/velodyne_simulator': CMAKE_PREFIX_PATH=/home/chen/Task/navigation_ws/install/velodyne_gazebo_plugins:/home/chen/Task/navigation_ws/install/velodyne_description:/home/chen/Task/navigation_ws/install/velodyne_simulator CONDA_PROMPT_MODIFIER=(base) PKG_CONFIG_PATH=/home/chen/Task/navigation_ws/install/velodyne_gazebo_plugins/lib/x86_64-linux-gnu/pkgconfig:/home/chen/Task/navigation_ws/install/velodyne_gazebo_plugins/lib/pkgconfig:/home/chen/Task/navigation_ws/install/velodyne_description/lib/x86_64-linux-gnu/pkgconfig:/home/chen/Task/navigation_ws/install/velodyne_description/lib/pkgconfig:/home/chen/Task/navigation_ws/install/velodyne_simulator/lib/x86_64-linux-gnu/pkgconfig:/home/chen/Task/navigation_ws/install/velodyne_simulator/lib/pkgconfig ROS_PACKAGE_PATH=/home/chen/Task/navigation_ws/install/velodyne_gazebo_plugins/share:/home/chen/Task/navigation_ws/install/velodyne_description/share:/home/chen/Task/navigation_ws/install/velodyne_simulator/share /usr/bin/cmake --build /home/chen/Task/navigation_ws/build/velodyne_simulator -- -j16 -l16
[0.032s] -- Found ament_cmake: 1.3.10 (/opt/ros/humble/share/ament_cmake/cmake)
[0.134s] -- Found rclcpp: 16.0.10 (/opt/ros/humble/share/rclcpp/cmake)
[0.151s] -- Found rosidl_generator_c: 3.1.5 (/opt/ros/humble/share/rosidl_generator_c/cmake)
[0.152s] -- Found rosidl_adapter: 3.1.5 (/opt/ros/humble/share/rosidl_adapter/cmake)
[0.156s] -- Found rosidl_generator_cpp: 3.1.5 (/opt/ros/humble/share/rosidl_generator_cpp/cmake)
[0.161s] -- Using all available rosidl_typesupport_c: rosidl_typesupport_fastrtps_c;rosidl_typesupport_introspection_c
[0.169s] -- Using all available rosidl_typesupport_cpp: rosidl_typesupport_fastrtps_cpp;rosidl_typesupport_introspection_cpp
[0.188s] -- Found rmw_implementation_cmake: 6.1.2 (/opt/ros/humble/share/rmw_implementation_cmake/cmake)
[0.188s] -- Found rmw_fastrtps_cpp: 6.2.7 (/opt/ros/humble/share/rmw_fastrtps_cpp/cmake)
[0.267s] -- Using RMW implementation 'rmw_fastrtps_cpp' as default
[0.296s] -- Found sensor_msgs: 4.2.4 (/opt/ros/humble/share/sensor_msgs/cmake)
[0.312s] -- Found tf2_ros: 0.25.8 (/opt/ros/humble/share/tf2_ros/cmake)
[0.358s] -- Found gazebo_ros: 3.7.0 (/opt/ros/humble/share/gazebo_ros/cmake)
[0.381s] -- Found DART: /usr/include (Required is at least version "6.6") found components: dart 
[0.399s] -- Found Protobuf: /usr/lib/x86_64-linux-gnu/libprotobuf.so (found version "3.12.4") 
[0.400s] -- Looking for ignition-math6 -- found version 6.15.1
[0.402s] -- Searching for dependencies of ignition-math6
[0.403s] -- Looking for OGRE...
[0.407s] -- Found Ogre Ghadamon (1.9.0)
[0.408s] -- Found OGRE: optimized;/usr/lib/x86_64-linux-gnu/libOgreMain.so;debug;/usr/lib/x86_64-linux-gnu/libOgreMain.so
[0.414s] -- Looking for OGRE_Paging...
[0.414s] -- Found OGRE_Paging: optimized;/usr/lib/x86_64-linux-gnu/libOgrePaging.so;debug;/usr/lib/x86_64-linux-gnu/libOgrePaging.so
[0.414s] -- Looking for OGRE_Terrain...
[0.414s] -- Found OGRE_Terrain: optimized;/usr/lib/x86_64-linux-gnu/libOgreTerrain.so;debug;/usr/lib/x86_64-linux-gnu/libOgreTerrain.so
[0.414s] -- Looking for OGRE_Property...
[0.414s] -- Found OGRE_Property: optimized;/usr/lib/x86_64-linux-gnu/libOgreProperty.so;debug;/usr/lib/x86_64-linux-gnu/libOgreProperty.so
[0.414s] -- Looking for OGRE_RTShaderSystem...
[0.414s] -- Found OGRE_RTShaderSystem: optimized;/usr/lib/x86_64-linux-gnu/libOgreRTShaderSystem.so;debug;/usr/lib/x86_64-linux-gnu/libOgreRTShaderSystem.so
[0.414s] -- Looking for OGRE_Volume...
[0.414s] -- Found OGRE_Volume: optimized;/usr/lib/x86_64-linux-gnu/libOgreVolume.so;debug;/usr/lib/x86_64-linux-gnu/libOgreVolume.so
[0.414s] -- Looking for OGRE_Overlay...
[0.414s] -- Found OGRE_Overlay: optimized;/usr/lib/x86_64-linux-gnu/libOgreOverlay.so;debug;/usr/lib/x86_64-linux-gnu/libOgreOverlay.so
[0.479s] -- Looking for ignition-math6 -- found version 6.15.1
[0.479s] -- Looking for ignition-transport8 -- found version 8.2.1
[0.479s] -- Searching for dependencies of ignition-transport8
[0.493s] -- Found Protobuf: /usr/lib/x86_64-linux-gnu/libprotobuf.so (found suitable version "3.12.4", minimum required is "3") 
[0.501s] -- Config-file not installed for ZeroMQ -- checking for pkg-config
[0.504s] -- Checking for module 'libzmq >= 4'
[0.516s] --   Found libzmq , version 4.3.4
[0.558s] -- Checking for module 'uuid'
[0.569s] --   Found uuid, version 2.37.2
[0.601s] -- Looking for ignition-msgs5 -- found version 5.8.1
[0.601s] -- Searching for dependencies of ignition-msgs5
[0.615s] -- Looking for ignition-math6 -- found version 6.15.1
[0.622s] -- Checking for module 'tinyxml2'
[0.633s] --   Found tinyxml2, version 9.0.0
[0.662s] -- Looking for ignition-msgs5 -- found version 5.8.1
[0.662s] -- Looking for ignition-common3 -- found version 3.14.0
[0.663s] -- Searching for dependencies of ignition-common3
[0.663s] -- Looking for dlfcn.h - found
[0.663s] -- Looking for libdl - found
[0.671s] -- Searching for <ignition-common3> component [graphics]
[0.671s] -- Looking for ignition-common3-graphics -- found version 3.14.0
[0.671s] -- Searching for dependencies of ignition-common3-graphics
[0.671s] -- Looking for ignition-math6 -- found version 6.15.1
[0.672s] -- Looking for ignition-fuel_tools4 -- found version 4.4.0
[0.672s] -- Searching for dependencies of ignition-fuel_tools4
[0.701s] -- Checking for module 'jsoncpp'
[0.714s] --   Found jsoncpp, version 1.9.5
[0.753s] -- Checking for module 'libzip'
[0.765s] --   Found libzip, version 1.7.3
[0.796s] -- Looking for ignition-common3 -- found version 3.14.0
[0.796s] -- Looking for ignition-math6 -- found version 6.15.1
[0.796s] -- Looking for ignition-msgs5 -- found version 5.8.1
[0.797s] -- Gazebo version: 11.10
[0.854s] -- Configuring done
[0.858s] -- Generating done
[0.860s] -- Build files have been written to: /home/chen/Task/navigation_ws/build/velodyne_simulator
[0.884s] Invoked command in '/home/chen/Task/navigation_ws/build/velodyne_simulator' returned '0': CMAKE_PREFIX_PATH=/home/chen/Task/navigation_ws/install/velodyne_gazebo_plugins:/home/chen/Task/navigation_ws/install/velodyne_description:/home/chen/Task/navigation_ws/install/velodyne_simulator CONDA_PROMPT_MODIFIER=(base) PKG_CONFIG_PATH=/home/chen/Task/navigation_ws/install/velodyne_gazebo_plugins/lib/x86_64-linux-gnu/pkgconfig:/home/chen/Task/navigation_ws/install/velodyne_gazebo_plugins/lib/pkgconfig:/home/chen/Task/navigation_ws/install/velodyne_description/lib/x86_64-linux-gnu/pkgconfig:/home/chen/Task/navigation_ws/install/velodyne_description/lib/pkgconfig:/home/chen/Task/navigation_ws/install/velodyne_simulator/lib/x86_64-linux-gnu/pkgconfig:/home/chen/Task/navigation_ws/install/velodyne_simulator/lib/pkgconfig ROS_PACKAGE_PATH=/home/chen/Task/navigation_ws/install/velodyne_gazebo_plugins/share:/home/chen/Task/navigation_ws/install/velodyne_description/share:/home/chen/Task/navigation_ws/install/velodyne_simulator/share /usr/bin/cmake --build /home/chen/Task/navigation_ws/build/velodyne_simulator -- -j16 -l16
[0.926s] Invoking command in '/home/chen/Task/navigation_ws/build/velodyne_simulator': CMAKE_PREFIX_PATH=/home/chen/Task/navigation_ws/install/velodyne_gazebo_plugins:/home/chen/Task/navigation_ws/install/velodyne_description:/home/chen/Task/navigation_ws/install/velodyne_simulator CONDA_PROMPT_MODIFIER=(base) PKG_CONFIG_PATH=/home/chen/Task/navigation_ws/install/velodyne_gazebo_plugins/lib/x86_64-linux-gnu/pkgconfig:/home/chen/Task/navigation_ws/install/velodyne_gazebo_plugins/lib/pkgconfig:/home/chen/Task/navigation_ws/install/velodyne_description/lib/x86_64-linux-gnu/pkgconfig:/home/chen/Task/navigation_ws/install/velodyne_description/lib/pkgconfig:/home/chen/Task/navigation_ws/install/velodyne_simulator/lib/x86_64-linux-gnu/pkgconfig:/home/chen/Task/navigation_ws/install/velodyne_simulator/lib/pkgconfig ROS_PACKAGE_PATH=/home/chen/Task/navigation_ws/install/velodyne_gazebo_plugins/share:/home/chen/Task/navigation_ws/install/velodyne_description/share:/home/chen/Task/navigation_ws/install/velodyne_simulator/share /usr/bin/cmake --install /home/chen/Task/navigation_ws/build/velodyne_simulator
[0.934s] -- Install configuration: ""
[0.934s] -- Up-to-date: /home/chen/Task/navigation_ws/install/velodyne_simulator/share/velodyne_simulator/package.xml
[0.934s] -- Installing: /home/chen/Task/navigation_ws/install/velodyne_simulator/share/velodyne_simulator/CMakeLists.txt
[0.939s] -- Up-to-date: /home/chen/Task/navigation_ws/install/velodyne_simulator/share/ament_index/resource_index/package_run_dependencies/velodyne_simulator
[0.939s] -- Installing: /home/chen/Task/navigation_ws/install/velodyne_simulator/share/ament_index/resource_index/parent_prefix_path/velodyne_simulator
[0.940s] -- Up-to-date: /home/chen/Task/navigation_ws/install/velodyne_simulator/share/velodyne_simulator/environment/ament_prefix_path.sh
[0.940s] -- Installing: /home/chen/Task/navigation_ws/install/velodyne_simulator/share/velodyne_simulator/environment/ament_prefix_path.dsv
[0.940s] -- Up-to-date: /home/chen/Task/navigation_ws/install/velodyne_simulator/share/velodyne_simulator/environment/path.sh
[0.940s] -- Installing: /home/chen/Task/navigation_ws/install/velodyne_simulator/share/velodyne_simulator/environment/path.dsv
[0.940s] -- Up-to-date: /home/chen/Task/navigation_ws/install/velodyne_simulator/share/velodyne_simulator/local_setup.bash
[0.940s] -- Up-to-date: /home/chen/Task/navigation_ws/install/velodyne_simulator/share/velodyne_simulator/local_setup.sh
[0.940s] -- Up-to-date: /home/chen/Task/navigation_ws/install/velodyne_simulator/share/velodyne_simulator/local_setup.zsh
[0.940s] -- Installing: /home/chen/Task/navigation_ws/install/velodyne_simulator/share/velodyne_simulator/local_setup.dsv
[0.940s] -- Installing: /home/chen/Task/navigation_ws/install/velodyne_simulator/share/velodyne_simulator/package.dsv
[0.940s] -- Up-to-date: /home/chen/Task/navigation_ws/install/velodyne_simulator/share/ament_index/resource_index/packages/velodyne_simulator
[0.940s] -- Up-to-date: /home/chen/Task/navigation_ws/install/velodyne_simulator/share/velodyne_simulator/cmake/ament_cmake_export_dependencies-extras.cmake
[0.940s] -- Up-to-date: /home/chen/Task/navigation_ws/install/velodyne_simulator/share/velodyne_simulator/cmake/velodyne_simulatorConfig.cmake
[0.940s] -- Up-to-date: /home/chen/Task/navigation_ws/install/velodyne_simulator/share/velodyne_simulator/cmake/velodyne_simulatorConfig-version.cmake
[0.940s] -- Up-to-date: /home/chen/Task/navigation_ws/install/velodyne_simulator/share/velodyne_simulator/package.xml
[0.942s] Invoked command in '/home/chen/Task/navigation_ws/build/velodyne_simulator' returned '0': CMAKE_PREFIX_PATH=/home/chen/Task/navigation_ws/install/velodyne_gazebo_plugins:/home/chen/Task/navigation_ws/install/velodyne_description:/home/chen/Task/navigation_ws/install/velodyne_simulator CONDA_PROMPT_MODIFIER=(base) PKG_CONFIG_PATH=/home/chen/Task/navigation_ws/install/velodyne_gazebo_plugins/lib/x86_64-linux-gnu/pkgconfig:/home/chen/Task/navigation_ws/install/velodyne_gazebo_plugins/lib/pkgconfig:/home/chen/Task/navigation_ws/install/velodyne_description/lib/x86_64-linux-gnu/pkgconfig:/home/chen/Task/navigation_ws/install/velodyne_description/lib/pkgconfig:/home/chen/Task/navigation_ws/install/velodyne_simulator/lib/x86_64-linux-gnu/pkgconfig:/home/chen/Task/navigation_ws/install/velodyne_simulator/lib/pkgconfig ROS_PACKAGE_PATH=/home/chen/Task/navigation_ws/install/velodyne_gazebo_plugins/share:/home/chen/Task/navigation_ws/install/velodyne_description/share:/home/chen/Task/navigation_ws/install/velodyne_simulator/share /usr/bin/cmake --install /home/chen/Task/navigation_ws/build/velodyne_simulator
