[0.009s] Invoking command in '/home/chen/Task/navigation_ws/build/task_three': CMAKE_PREFIX_PATH=/opt/ros/humble CONDA_PROMPT_MODIFIER=(base) /usr/bin/cmake /home/chen/Task/navigation_ws/src/task_three -DCMAKE_INSTALL_PREFIX=/home/chen/Task/navigation_ws/install/task_three
[0.055s] -- The C compiler identification is GNU 11.4.0
[0.094s] -- The CXX compiler identification is GNU 11.4.0
[0.099s] -- Detecting C compiler ABI info
[0.155s] -- Detecting C compiler ABI info - done
[0.160s] -- Check for working C compiler: /usr/bin/cc - skipped
[0.161s] -- Detecting C compile features
[0.161s] -- Detecting C compile features - done
[0.163s] -- Detecting CXX compiler ABI info
[0.225s] -- Detecting CXX compiler ABI info - done
[0.230s] -- Check for working CXX compiler: /usr/bin/c++ - skipped
[0.230s] -- Detecting CXX compile features
[0.230s] -- Detecting CXX compile features - done
[0.231s] -- Found ament_cmake: 1.3.10 (/opt/ros/humble/share/ament_cmake/cmake)
[0.471s] -- Found Python3: /home/chen/miniconda3/bin/python3 (found version "3.12.4") found components: Interpreter 
[0.537s] -- Found rclcpp: 16.0.10 (/opt/ros/humble/share/rclcpp/cmake)
[0.560s] -- Found rosidl_generator_c: 3.1.5 (/opt/ros/humble/share/rosidl_generator_c/cmake)
[0.563s] -- Found rosidl_adapter: 3.1.5 (/opt/ros/humble/share/rosidl_adapter/cmake)
[0.567s] -- Found rosidl_generator_cpp: 3.1.5 (/opt/ros/humble/share/rosidl_generator_cpp/cmake)
[0.574s] -- Using all available rosidl_typesupport_c: rosidl_typesupport_fastrtps_c;rosidl_typesupport_introspection_c
[0.582s] -- Using all available rosidl_typesupport_cpp: rosidl_typesupport_fastrtps_cpp;rosidl_typesupport_introspection_cpp
[0.605s] -- Found rmw_implementation_cmake: 6.1.2 (/opt/ros/humble/share/rmw_implementation_cmake/cmake)
[0.606s] -- Found rmw_fastrtps_cpp: 6.2.7 (/opt/ros/humble/share/rmw_fastrtps_cpp/cmake)
[0.680s] -- Found OpenSSL: /usr/lib/x86_64-linux-gnu/libcrypto.so (found version "3.0.2")  
[0.698s] -- Found FastRTPS: /opt/ros/humble/include  
[0.733s] -- Using RMW implementation 'rmw_fastrtps_cpp' as default
[0.737s] -- Looking for pthread.h
[0.794s] -- Looking for pthread.h - found
[0.794s] -- Performing Test CMAKE_HAVE_LIBC_PTHREAD
[0.852s] -- Performing Test CMAKE_HAVE_LIBC_PTHREAD - Success
[0.853s] -- Found Threads: TRUE  
[0.881s] -- Found sensor_msgs: 4.2.4 (/opt/ros/humble/share/sensor_msgs/cmake)
[0.899s] -- Found pcl_conversions: 2.4.5 (/opt/ros/humble/share/pcl_conversions/cmake)
[0.931s] -- Checking for module 'eigen3'
[0.943s] --   Found eigen3, version 3.4.0
[0.974s] -- Found Eigen: /usr/include/eigen3 (Required is at least version "3.1") 
[0.974s] -- Eigen found (include: /usr/include/eigen3, version: 3.4.0)
[1.000s] -- Checking for module 'flann'
[1.012s] --   Found flann, version 1.9.1
[1.047s] -- Found FLANN: /usr/lib/x86_64-linux-gnu/libflann_cpp.so  
[1.047s] -- FLANN found (include: /usr/include, lib: /usr/lib/x86_64-linux-gnu/libflann_cpp.so)
[1.797s] -- Checking for module 'libusb-1.0'
[1.811s] --   Found libusb-1.0, version 1.0.25
[1.843s] -- Found libusb: /usr/lib/x86_64-linux-gnu/libusb-1.0.so  
[1.844s] -- OpenNI found (version: 1.5.4.0, include: /usr/include/ni, lib: /usr/lib/libOpenNI.so;libusb::libusb)
[1.892s] -- OpenNI2 found (version: 2.2.0.33, include: /usr/include/openni2, lib: /usr/lib/x86_64-linux-gnu/libOpenNI2.so;libusb::libusb)
[1.993s] -- Eigen found (include: /usr/include/eigen3, version: 3.4.0)
[1.997s] -- OpenNI found (version: 1.5.4.0, include: /usr/include/ni, lib: /usr/lib/libOpenNI.so;libusb::libusb)
[2.002s] -- OpenNI2 found (version: 2.2.0.33, include: /usr/include/openni2, lib: /usr/lib/x86_64-linux-gnu/libOpenNI2.so;libusb::libusb)
[2.102s] -- Found Qhull version 8.0.2
[2.201s] -- OpenNI found (version: 1.5.4.0, include: /usr/include/ni, lib: /usr/lib/libOpenNI.so;libusb::libusb)
[2.297s] -- Found PCL_COMMON: /usr/lib/x86_64-linux-gnu/libpcl_common.so  
[2.298s] -- Found PCL_KDTREE: /usr/lib/x86_64-linux-gnu/libpcl_kdtree.so  
[2.298s] -- Found PCL_OCTREE: /usr/lib/x86_64-linux-gnu/libpcl_octree.so  
[2.299s] -- Found PCL_SEARCH: /usr/lib/x86_64-linux-gnu/libpcl_search.so  
[2.299s] -- Found PCL_SAMPLE_CONSENSUS: /usr/lib/x86_64-linux-gnu/libpcl_sample_consensus.so  
[2.300s] -- Found PCL_FILTERS: /usr/lib/x86_64-linux-gnu/libpcl_filters.so  
[2.300s] -- Found PCL_2D: /usr/include/pcl-1.12  
[2.300s] -- Found PCL_GEOMETRY: /usr/include/pcl-1.12  
[2.301s] -- Found PCL_IO: /usr/lib/x86_64-linux-gnu/libpcl_io.so  
[2.301s] -- Found PCL_FEATURES: /usr/lib/x86_64-linux-gnu/libpcl_features.so  
[2.302s] -- Found PCL_ML: /usr/lib/x86_64-linux-gnu/libpcl_ml.so  
[2.302s] -- Found PCL_SEGMENTATION: /usr/lib/x86_64-linux-gnu/libpcl_segmentation.so  
[2.303s] -- Found PCL_VISUALIZATION: /usr/lib/x86_64-linux-gnu/libpcl_visualization.so  
[2.303s] -- Found PCL_SURFACE: /usr/lib/x86_64-linux-gnu/libpcl_surface.so  
[2.304s] -- Found PCL_REGISTRATION: /usr/lib/x86_64-linux-gnu/libpcl_registration.so  
[2.304s] -- Found PCL_KEYPOINTS: /usr/lib/x86_64-linux-gnu/libpcl_keypoints.so  
[2.305s] -- Found PCL_TRACKING: /usr/lib/x86_64-linux-gnu/libpcl_tracking.so  
[2.305s] -- Found PCL_RECOGNITION: /usr/lib/x86_64-linux-gnu/libpcl_recognition.so  
[2.306s] -- Found PCL_STEREO: /usr/lib/x86_64-linux-gnu/libpcl_stereo.so  
[2.306s] -- Found PCL_APPS: /usr/lib/x86_64-linux-gnu/libpcl_apps.so  
[2.307s] -- Found PCL_IN_HAND_SCANNER: /usr/include/pcl-1.12  
[2.307s] -- Found PCL_MODELER: /usr/include/pcl-1.12  
[2.307s] -- Found PCL_POINT_CLOUD_EDITOR: /usr/include/pcl-1.12  
[2.308s] -- Found PCL_OUTOFCORE: /usr/lib/x86_64-linux-gnu/libpcl_outofcore.so  
[2.308s] -- Found PCL_PEOPLE: /usr/lib/x86_64-linux-gnu/libpcl_people.so  
[2.318s] [31mCMake Error at CMakeLists.txt:8 (find_package):
[2.318s]   By not providing "Findpcl_ros.cmake" in CMAKE_MODULE_PATH this project has
[2.319s]   asked CMake to find a package configuration file provided by "pcl_ros", but
[2.319s]   CMake did not find one.
[2.319s] 
[2.319s]   Could not find a package configuration file provided by "pcl_ros" with any
[2.319s]   of the following names:
[2.319s] 
[2.319s]     pcl_rosConfig.cmake
[2.319s]     pcl_ros-config.cmake
[2.319s] 
[2.319s]   Add the installation prefix of "pcl_ros" to CMAKE_PREFIX_PATH or set
[2.319s]   "pcl_ros_DIR" to a directory containing one of the above files.  If
[2.319s]   "pcl_ros" provides a separate development package or SDK, be sure it has
[2.319s]   been installed.
[2.319s] 
[2.319s] [0m
[2.319s] -- Configuring incomplete, errors occurred!
[2.319s] See also "/home/chen/Task/navigation_ws/build/task_three/CMakeFiles/CMakeOutput.log".
[2.341s] Invoked command in '/home/chen/Task/navigation_ws/build/task_three' returned '1': CMAKE_PREFIX_PATH=/opt/ros/humble CONDA_PROMPT_MODIFIER=(base) /usr/bin/cmake /home/chen/Task/navigation_ws/src/task_three -DCMAKE_INSTALL_PREFIX=/home/chen/Task/navigation_ws/install/task_three
