[0.018s] Invoking command in '/home/chen/Task/navigation_ws/build/velodyne_gazebo_plugins': CONDA_PROMPT_MODIFIER=(base) /usr/bin/cmake /home/chen/Task/navigation_ws/src/velodyne_simulator/velodyne_gazebo_plugins -DCATKIN_INSTALL_INTO_PREFIX_ROOT=0 -DCMAKE_INSTALL_PREFIX=/home/chen/Task/navigation_ws/install/velodyne_gazebo_plugins
[0.158s] -- Found ament_cmake: 1.3.10 (/opt/ros/humble/share/ament_cmake/cmake)
[0.158s] -- Found rclcpp: 16.0.10 (/opt/ros/humble/share/rclcpp/cmake)
[0.159s] -- Found rosidl_generator_c: 3.1.5 (/opt/ros/humble/share/rosidl_generator_c/cmake)
[0.159s] -- Found rosidl_adapter: 3.1.5 (/opt/ros/humble/share/rosidl_adapter/cmake)
[0.159s] -- Found rosidl_generator_cpp: 3.1.5 (/opt/ros/humble/share/rosidl_generator_cpp/cmake)
[0.159s] -- Using all available rosidl_typesupport_c: rosidl_typesupport_fastrtps_c;rosidl_typesupport_introspection_c
[0.159s] -- Using all available rosidl_typesupport_cpp: rosidl_typesupport_fastrtps_cpp;rosidl_typesupport_introspection_cpp
[0.170s] -- Found rmw_implementation_cmake: 6.1.2 (/opt/ros/humble/share/rmw_implementation_cmake/cmake)
[0.170s] -- Found rmw_fastrtps_cpp: 6.2.7 (/opt/ros/humble/share/rmw_fastrtps_cpp/cmake)
[0.244s] -- Using RMW implementation 'rmw_fastrtps_cpp' as default
[0.272s] -- Found sensor_msgs: 4.2.4 (/opt/ros/humble/share/sensor_msgs/cmake)
[0.289s] -- Found tf2_ros: 0.25.8 (/opt/ros/humble/share/tf2_ros/cmake)
[0.339s] -- Found gazebo_ros: 3.7.0 (/opt/ros/humble/share/gazebo_ros/cmake)
[0.361s] -- Found DART: /usr/include (Required is at least version "6.6") found components: dart 
[0.380s] -- Found Protobuf: /usr/lib/x86_64-linux-gnu/libprotobuf.so (found version "3.12.4") 
[0.381s] -- Looking for ignition-math6 -- found version 6.15.1
[0.384s] -- Searching for dependencies of ignition-math6
[0.384s] -- Looking for OGRE...
[0.389s] -- Found Ogre Ghadamon (1.9.0)
[0.389s] -- Found OGRE: optimized;/usr/lib/x86_64-linux-gnu/libOgreMain.so;debug;/usr/lib/x86_64-linux-gnu/libOgreMain.so
[0.397s] -- Looking for OGRE_Paging...
[0.397s] -- Found OGRE_Paging: optimized;/usr/lib/x86_64-linux-gnu/libOgrePaging.so;debug;/usr/lib/x86_64-linux-gnu/libOgrePaging.so
[0.397s] -- Looking for OGRE_Terrain...
[0.397s] -- Found OGRE_Terrain: optimized;/usr/lib/x86_64-linux-gnu/libOgreTerrain.so;debug;/usr/lib/x86_64-linux-gnu/libOgreTerrain.so
[0.397s] -- Looking for OGRE_Property...
[0.397s] -- Found OGRE_Property: optimized;/usr/lib/x86_64-linux-gnu/libOgreProperty.so;debug;/usr/lib/x86_64-linux-gnu/libOgreProperty.so
[0.397s] -- Looking for OGRE_RTShaderSystem...
[0.397s] -- Found OGRE_RTShaderSystem: optimized;/usr/lib/x86_64-linux-gnu/libOgreRTShaderSystem.so;debug;/usr/lib/x86_64-linux-gnu/libOgreRTShaderSystem.so
[0.398s] -- Looking for OGRE_Volume...
[0.398s] -- Found OGRE_Volume: optimized;/usr/lib/x86_64-linux-gnu/libOgreVolume.so;debug;/usr/lib/x86_64-linux-gnu/libOgreVolume.so
[0.398s] -- Looking for OGRE_Overlay...
[0.398s] -- Found OGRE_Overlay: optimized;/usr/lib/x86_64-linux-gnu/libOgreOverlay.so;debug;/usr/lib/x86_64-linux-gnu/libOgreOverlay.so
[0.462s] -- Looking for ignition-math6 -- found version 6.15.1
[0.462s] -- Looking for ignition-transport8 -- found version 8.2.1
[0.463s] -- Searching for dependencies of ignition-transport8
[0.478s] -- Found Protobuf: /usr/lib/x86_64-linux-gnu/libprotobuf.so (found suitable version "3.12.4", minimum required is "3") 
[0.487s] -- Config-file not installed for ZeroMQ -- checking for pkg-config
[0.490s] -- Checking for module 'libzmq >= 4'
[0.501s] --   Found libzmq , version 4.3.4
[0.541s] -- Checking for module 'uuid'
[0.554s] --   Found uuid, version 2.37.2
[0.586s] -- Looking for ignition-msgs5 -- found version 5.8.1
[0.586s] -- Searching for dependencies of ignition-msgs5
[0.601s] -- Looking for ignition-math6 -- found version 6.15.1
[0.605s] -- Checking for module 'tinyxml2'
[0.617s] --   Found tinyxml2, version 9.0.0
[0.646s] -- Looking for ignition-msgs5 -- found version 5.8.1
[0.646s] -- Looking for ignition-common3 -- found version 3.14.0
[0.647s] -- Searching for dependencies of ignition-common3
[0.647s] -- Looking for dlfcn.h - found
[0.647s] -- Looking for libdl - found
[0.656s] -- Searching for <ignition-common3> component [graphics]
[0.656s] -- Looking for ignition-common3-graphics -- found version 3.14.0
[0.656s] -- Searching for dependencies of ignition-common3-graphics
[0.657s] -- Looking for ignition-math6 -- found version 6.15.1
[0.657s] -- Looking for ignition-fuel_tools4 -- found version 4.4.0
[0.658s] -- Searching for dependencies of ignition-fuel_tools4
[0.692s] -- Checking for module 'jsoncpp'
[0.706s] --   Found jsoncpp, version 1.9.5
[0.742s] -- Checking for module 'libzip'
[0.752s] --   Found libzip, version 1.7.3
[0.779s] -- Looking for ignition-common3 -- found version 3.14.0
[0.779s] -- Looking for ignition-math6 -- found version 6.15.1
[0.779s] -- Looking for ignition-msgs5 -- found version 5.8.1
[0.780s] -- Gazebo version: 11.10
[0.837s] -- Configuring done
[0.842s] -- Generating done
[0.843s] -- Build files have been written to: /home/chen/Task/navigation_ws/build/velodyne_gazebo_plugins
[0.850s] Invoked command in '/home/chen/Task/navigation_ws/build/velodyne_gazebo_plugins' returned '0': CONDA_PROMPT_MODIFIER=(base) /usr/bin/cmake /home/chen/Task/navigation_ws/src/velodyne_simulator/velodyne_gazebo_plugins -DCATKIN_INSTALL_INTO_PREFIX_ROOT=0 -DCMAKE_INSTALL_PREFIX=/home/chen/Task/navigation_ws/install/velodyne_gazebo_plugins
[0.851s] Invoking command in '/home/chen/Task/navigation_ws/build/velodyne_gazebo_plugins': CONDA_PROMPT_MODIFIER=(base) /usr/bin/cmake --build /home/chen/Task/navigation_ws/build/velodyne_gazebo_plugins -- -j16 -l16
[0.884s] Invoked command in '/home/chen/Task/navigation_ws/build/velodyne_gazebo_plugins' returned '0': CONDA_PROMPT_MODIFIER=(base) /usr/bin/cmake --build /home/chen/Task/navigation_ws/build/velodyne_gazebo_plugins -- -j16 -l16
[0.924s] Invoking command in '/home/chen/Task/navigation_ws/build/velodyne_gazebo_plugins': CONDA_PROMPT_MODIFIER=(base) /usr/bin/cmake --install /home/chen/Task/navigation_ws/build/velodyne_gazebo_plugins
[0.930s] -- Install configuration: ""
[0.930s] -- Installing: /home/chen/Task/navigation_ws/install/velodyne_gazebo_plugins/share/velodyne_gazebo_plugins/src
[0.930s] -- Installing: /home/chen/Task/navigation_ws/install/velodyne_gazebo_plugins/share/velodyne_gazebo_plugins/src/GazeboRosVelodyneLaser.cpp
[0.930s] [31mCMake Error at cmake_install.cmake:50 (file):
[0.931s]   file INSTALL cannot find
[0.931s]   "/home/chen/Task/navigation_ws/src/velodyne_simulator/velodyne_gazebo_plugins/launch":
[0.931s]   No such file or directory.
[0.931s] 
[0.931s] [0m
[0.932s] Invoked command in '/home/chen/Task/navigation_ws/build/velodyne_gazebo_plugins' returned '1': CONDA_PROMPT_MODIFIER=(base) /usr/bin/cmake --install /home/chen/Task/navigation_ws/build/velodyne_gazebo_plugins
