[0.056s] DEBUG:colcon:Command line arguments: ['/usr/bin/colcon', 'build']
[0.056s] DEBUG:colcon:Parsed command line arguments: Namespace(log_base=None, log_level=None, verb_name='build', build_base='build', install_base='install', merge_install=False, symlink_install=False, test_result_base=None, continue_on_error=False, executor='parallel', parallel_workers=16, event_handlers=None, ignore_user_meta=False, metas=['./colcon.meta'], base_paths=['.'], packages_ignore=None, packages_ignore_regex=None, paths=None, packages_up_to=None, packages_up_to_regex=None, packages_above=None, packages_above_and_dependencies=None, packages_above_depth=None, packages_select_by_dep=None, packages_skip_by_dep=None, packages_skip_up_to=None, packages_select_build_failed=False, packages_skip_build_finished=False, packages_select_test_failures=False, packages_skip_test_passed=False, packages_select=None, packages_skip=None, packages_select_regex=None, packages_skip_regex=None, packages_start=None, packages_end=None, allow_overriding=[], cmake_args=None, cmake_target=None, cmake_target_skip_unavailable=False, cmake_clean_cache=False, cmake_clean_first=False, cmake_force_configure=False, ament_cmake_args=None, catkin_cmake_args=None, catkin_skip_building_tests=False, verb_parser=<colcon_defaults.argument_parser.defaults.DefaultArgumentsDecorator object at 0x7bbec6d3cf70>, verb_extension=<colcon_core.verb.build.BuildVerb object at 0x7bbec6d3cb20>, main=<bound method BuildVerb.main of <colcon_core.verb.build.BuildVerb object at 0x7bbec6d3cb20>>)
[0.133s] Level 1:colcon.colcon_core.package_discovery:discover_packages(colcon_meta) check parameters
[0.133s] Level 1:colcon.colcon_core.package_discovery:discover_packages(recursive) check parameters
[0.133s] Level 1:colcon.colcon_core.package_discovery:discover_packages(ignore) check parameters
[0.133s] Level 1:colcon.colcon_core.package_discovery:discover_packages(path) check parameters
[0.133s] Level 1:colcon.colcon_core.package_discovery:discover_packages(colcon_meta) discover
[0.133s] Level 1:colcon.colcon_core.package_discovery:discover_packages(recursive) discover
[0.133s] INFO:colcon.colcon_core.package_discovery:Crawling recursively for packages in '/home/chen/Task/navigation_ws'
[0.133s] Level 1:colcon.colcon_core.package_identification:_identify(.) by extensions ['ignore', 'ignore_ament_install']
[0.133s] Level 1:colcon.colcon_core.package_identification:_identify(.) by extension 'ignore'
[0.133s] Level 1:colcon.colcon_core.package_identification:_identify(.) by extension 'ignore_ament_install'
[0.133s] Level 1:colcon.colcon_core.package_identification:_identify(.) by extensions ['colcon_pkg']
[0.133s] Level 1:colcon.colcon_core.package_identification:_identify(.) by extension 'colcon_pkg'
[0.133s] Level 1:colcon.colcon_core.package_identification:_identify(.) by extensions ['colcon_meta']
[0.133s] Level 1:colcon.colcon_core.package_identification:_identify(.) by extension 'colcon_meta'
[0.133s] Level 1:colcon.colcon_core.package_identification:_identify(.) by extensions ['ros']
[0.133s] Level 1:colcon.colcon_core.package_identification:_identify(.) by extension 'ros'
[0.140s] Level 1:colcon.colcon_core.package_identification:_identify(.) by extensions ['cmake', 'python']
[0.140s] Level 1:colcon.colcon_core.package_identification:_identify(.) by extension 'cmake'
[0.140s] Level 1:colcon.colcon_core.package_identification:_identify(.) by extension 'python'
[0.140s] Level 1:colcon.colcon_core.package_identification:_identify(.) by extensions ['python_setup_py']
[0.140s] Level 1:colcon.colcon_core.package_identification:_identify(.) by extension 'python_setup_py'
[0.140s] Level 1:colcon.colcon_core.package_identification:_identify(build) by extensions ['ignore', 'ignore_ament_install']
[0.140s] Level 1:colcon.colcon_core.package_identification:_identify(build) by extension 'ignore'
[0.140s] Level 1:colcon.colcon_core.package_identification:_identify(build) ignored
[0.140s] Level 1:colcon.colcon_core.package_identification:_identify(install) by extensions ['ignore', 'ignore_ament_install']
[0.140s] Level 1:colcon.colcon_core.package_identification:_identify(install) by extension 'ignore'
[0.140s] Level 1:colcon.colcon_core.package_identification:_identify(install) ignored
[0.140s] Level 1:colcon.colcon_core.package_identification:_identify(log) by extensions ['ignore', 'ignore_ament_install']
[0.140s] Level 1:colcon.colcon_core.package_identification:_identify(log) by extension 'ignore'
[0.140s] Level 1:colcon.colcon_core.package_identification:_identify(log) ignored
[0.140s] Level 1:colcon.colcon_core.package_identification:_identify(src) by extensions ['ignore', 'ignore_ament_install']
[0.140s] Level 1:colcon.colcon_core.package_identification:_identify(src) by extension 'ignore'
[0.140s] Level 1:colcon.colcon_core.package_identification:_identify(src) by extension 'ignore_ament_install'
[0.140s] Level 1:colcon.colcon_core.package_identification:_identify(src) by extensions ['colcon_pkg']
[0.140s] Level 1:colcon.colcon_core.package_identification:_identify(src) by extension 'colcon_pkg'
[0.140s] Level 1:colcon.colcon_core.package_identification:_identify(src) by extensions ['colcon_meta']
[0.140s] Level 1:colcon.colcon_core.package_identification:_identify(src) by extension 'colcon_meta'
[0.140s] Level 1:colcon.colcon_core.package_identification:_identify(src) by extensions ['ros']
[0.140s] Level 1:colcon.colcon_core.package_identification:_identify(src) by extension 'ros'
[0.140s] Level 1:colcon.colcon_core.package_identification:_identify(src) by extensions ['cmake', 'python']
[0.140s] Level 1:colcon.colcon_core.package_identification:_identify(src) by extension 'cmake'
[0.140s] Level 1:colcon.colcon_core.package_identification:_identify(src) by extension 'python'
[0.140s] Level 1:colcon.colcon_core.package_identification:_identify(src) by extensions ['python_setup_py']
[0.140s] Level 1:colcon.colcon_core.package_identification:_identify(src) by extension 'python_setup_py'
[0.141s] Level 1:colcon.colcon_core.package_identification:_identify(src/task_one) by extensions ['ignore', 'ignore_ament_install']
[0.141s] Level 1:colcon.colcon_core.package_identification:_identify(src/task_one) by extension 'ignore'
[0.141s] Level 1:colcon.colcon_core.package_identification:_identify(src/task_one) by extension 'ignore_ament_install'
[0.141s] Level 1:colcon.colcon_core.package_identification:_identify(src/task_one) by extensions ['colcon_pkg']
[0.141s] Level 1:colcon.colcon_core.package_identification:_identify(src/task_one) by extension 'colcon_pkg'
[0.141s] Level 1:colcon.colcon_core.package_identification:_identify(src/task_one) by extensions ['colcon_meta']
[0.141s] Level 1:colcon.colcon_core.package_identification:_identify(src/task_one) by extension 'colcon_meta'
[0.141s] Level 1:colcon.colcon_core.package_identification:_identify(src/task_one) by extensions ['ros']
[0.141s] Level 1:colcon.colcon_core.package_identification:_identify(src/task_one) by extension 'ros'
[0.142s] DEBUG:colcon.colcon_core.package_identification:Package 'src/task_one' with type 'ros.ament_python' and name 'task_one'
[0.142s] Level 1:colcon.colcon_core.package_identification:_identify(src/task_two) by extensions ['ignore', 'ignore_ament_install']
[0.142s] Level 1:colcon.colcon_core.package_identification:_identify(src/task_two) by extension 'ignore'
[0.142s] Level 1:colcon.colcon_core.package_identification:_identify(src/task_two) by extension 'ignore_ament_install'
[0.142s] Level 1:colcon.colcon_core.package_identification:_identify(src/task_two) by extensions ['colcon_pkg']
[0.142s] Level 1:colcon.colcon_core.package_identification:_identify(src/task_two) by extension 'colcon_pkg'
[0.143s] Level 1:colcon.colcon_core.package_identification:_identify(src/task_two) by extensions ['colcon_meta']
[0.143s] Level 1:colcon.colcon_core.package_identification:_identify(src/task_two) by extension 'colcon_meta'
[0.143s] Level 1:colcon.colcon_core.package_identification:_identify(src/task_two) by extensions ['ros']
[0.143s] Level 1:colcon.colcon_core.package_identification:_identify(src/task_two) by extension 'ros'
[0.143s] DEBUG:colcon.colcon_core.package_identification:Package 'src/task_two' with type 'ros.ament_python' and name 'task_two'
[0.143s] Level 1:colcon.colcon_core.package_identification:_identify(src/velodyne_simulator) by extensions ['ignore', 'ignore_ament_install']
[0.143s] Level 1:colcon.colcon_core.package_identification:_identify(src/velodyne_simulator) by extension 'ignore'
[0.143s] Level 1:colcon.colcon_core.package_identification:_identify(src/velodyne_simulator) by extension 'ignore_ament_install'
[0.143s] Level 1:colcon.colcon_core.package_identification:_identify(src/velodyne_simulator) by extensions ['colcon_pkg']
[0.143s] Level 1:colcon.colcon_core.package_identification:_identify(src/velodyne_simulator) by extension 'colcon_pkg'
[0.143s] Level 1:colcon.colcon_core.package_identification:_identify(src/velodyne_simulator) by extensions ['colcon_meta']
[0.143s] Level 1:colcon.colcon_core.package_identification:_identify(src/velodyne_simulator) by extension 'colcon_meta'
[0.143s] Level 1:colcon.colcon_core.package_identification:_identify(src/velodyne_simulator) by extensions ['ros']
[0.143s] Level 1:colcon.colcon_core.package_identification:_identify(src/velodyne_simulator) by extension 'ros'
[0.143s] Level 1:colcon.colcon_core.package_identification:_identify(src/velodyne_simulator) by extensions ['cmake', 'python']
[0.143s] Level 1:colcon.colcon_core.package_identification:_identify(src/velodyne_simulator) by extension 'cmake'
[0.143s] Level 1:colcon.colcon_core.package_identification:_identify(src/velodyne_simulator) by extension 'python'
[0.143s] Level 1:colcon.colcon_core.package_identification:_identify(src/velodyne_simulator) by extensions ['python_setup_py']
[0.143s] Level 1:colcon.colcon_core.package_identification:_identify(src/velodyne_simulator) by extension 'python_setup_py'
[0.143s] Level 1:colcon.colcon_core.package_identification:_identify(src/velodyne_simulator/velodyne_description) by extensions ['ignore', 'ignore_ament_install']
[0.143s] Level 1:colcon.colcon_core.package_identification:_identify(src/velodyne_simulator/velodyne_description) by extension 'ignore'
[0.143s] Level 1:colcon.colcon_core.package_identification:_identify(src/velodyne_simulator/velodyne_description) by extension 'ignore_ament_install'
[0.143s] Level 1:colcon.colcon_core.package_identification:_identify(src/velodyne_simulator/velodyne_description) by extensions ['colcon_pkg']
[0.143s] Level 1:colcon.colcon_core.package_identification:_identify(src/velodyne_simulator/velodyne_description) by extension 'colcon_pkg'
[0.143s] Level 1:colcon.colcon_core.package_identification:_identify(src/velodyne_simulator/velodyne_description) by extensions ['colcon_meta']
[0.143s] Level 1:colcon.colcon_core.package_identification:_identify(src/velodyne_simulator/velodyne_description) by extension 'colcon_meta'
[0.143s] Level 1:colcon.colcon_core.package_identification:_identify(src/velodyne_simulator/velodyne_description) by extensions ['ros']
[0.143s] Level 1:colcon.colcon_core.package_identification:_identify(src/velodyne_simulator/velodyne_description) by extension 'ros'
[0.144s] DEBUG:colcon.colcon_core.package_identification:Package 'src/velodyne_simulator/velodyne_description' with type 'ros.catkin' and name 'velodyne_description'
[0.144s] Level 1:colcon.colcon_core.package_identification:_identify(src/velodyne_simulator/velodyne_gazebo_plugins) by extensions ['ignore', 'ignore_ament_install']
[0.144s] Level 1:colcon.colcon_core.package_identification:_identify(src/velodyne_simulator/velodyne_gazebo_plugins) by extension 'ignore'
[0.144s] Level 1:colcon.colcon_core.package_identification:_identify(src/velodyne_simulator/velodyne_gazebo_plugins) by extension 'ignore_ament_install'
[0.144s] Level 1:colcon.colcon_core.package_identification:_identify(src/velodyne_simulator/velodyne_gazebo_plugins) by extensions ['colcon_pkg']
[0.144s] Level 1:colcon.colcon_core.package_identification:_identify(src/velodyne_simulator/velodyne_gazebo_plugins) by extension 'colcon_pkg'
[0.144s] Level 1:colcon.colcon_core.package_identification:_identify(src/velodyne_simulator/velodyne_gazebo_plugins) by extensions ['colcon_meta']
[0.144s] Level 1:colcon.colcon_core.package_identification:_identify(src/velodyne_simulator/velodyne_gazebo_plugins) by extension 'colcon_meta'
[0.144s] Level 1:colcon.colcon_core.package_identification:_identify(src/velodyne_simulator/velodyne_gazebo_plugins) by extensions ['ros']
[0.144s] Level 1:colcon.colcon_core.package_identification:_identify(src/velodyne_simulator/velodyne_gazebo_plugins) by extension 'ros'
[0.144s] DEBUG:colcon.colcon_core.package_identification:Package 'src/velodyne_simulator/velodyne_gazebo_plugins' with type 'ros.catkin' and name 'velodyne_gazebo_plugins'
[0.144s] Level 1:colcon.colcon_core.package_identification:_identify(src/velodyne_simulator/velodyne_simulator) by extensions ['ignore', 'ignore_ament_install']
[0.144s] Level 1:colcon.colcon_core.package_identification:_identify(src/velodyne_simulator/velodyne_simulator) by extension 'ignore'
[0.144s] Level 1:colcon.colcon_core.package_identification:_identify(src/velodyne_simulator/velodyne_simulator) by extension 'ignore_ament_install'
[0.144s] Level 1:colcon.colcon_core.package_identification:_identify(src/velodyne_simulator/velodyne_simulator) by extensions ['colcon_pkg']
[0.144s] Level 1:colcon.colcon_core.package_identification:_identify(src/velodyne_simulator/velodyne_simulator) by extension 'colcon_pkg'
[0.144s] Level 1:colcon.colcon_core.package_identification:_identify(src/velodyne_simulator/velodyne_simulator) by extensions ['colcon_meta']
[0.144s] Level 1:colcon.colcon_core.package_identification:_identify(src/velodyne_simulator/velodyne_simulator) by extension 'colcon_meta'
[0.144s] Level 1:colcon.colcon_core.package_identification:_identify(src/velodyne_simulator/velodyne_simulator) by extensions ['ros']
[0.144s] Level 1:colcon.colcon_core.package_identification:_identify(src/velodyne_simulator/velodyne_simulator) by extension 'ros'
[0.145s] DEBUG:colcon.colcon_core.package_identification:Package 'src/velodyne_simulator/velodyne_simulator' with type 'ros.catkin' and name 'velodyne_simulator'
[0.145s] Level 1:colcon.colcon_core.package_discovery:discover_packages(recursive) using defaults
[0.145s] Level 1:colcon.colcon_core.package_discovery:discover_packages(ignore) discover
[0.145s] Level 1:colcon.colcon_core.package_discovery:discover_packages(ignore) using defaults
[0.145s] Level 1:colcon.colcon_core.package_discovery:discover_packages(path) discover
[0.145s] Level 1:colcon.colcon_core.package_discovery:discover_packages(path) using defaults
[0.159s] Level 1:colcon.colcon_core.package_discovery:discover_packages(prefix_path) check parameters
[0.159s] Level 1:colcon.colcon_core.package_discovery:discover_packages(prefix_path) discover
[0.160s] DEBUG:colcon.colcon_installed_package_information.package_discovery:Found 5 installed packages in /home/chen/Task/navigation_ws/install
[0.161s] DEBUG:colcon.colcon_installed_package_information.package_discovery:Found 283 installed packages in /opt/ros/humble
[0.177s] Level 1:colcon.colcon_core.package_discovery:discover_packages(prefix_path) using defaults
[0.197s] Level 5:colcon.colcon_core.verb:set package 'task_two' build argument 'cmake_args' from command line to 'None'
[0.197s] Level 5:colcon.colcon_core.verb:set package 'task_two' build argument 'cmake_target' from command line to 'None'
[0.197s] Level 5:colcon.colcon_core.verb:set package 'task_two' build argument 'cmake_target_skip_unavailable' from command line to 'False'
[0.197s] Level 5:colcon.colcon_core.verb:set package 'task_two' build argument 'cmake_clean_cache' from command line to 'False'
[0.197s] Level 5:colcon.colcon_core.verb:set package 'task_two' build argument 'cmake_clean_first' from command line to 'False'
[0.197s] Level 5:colcon.colcon_core.verb:set package 'task_two' build argument 'cmake_force_configure' from command line to 'False'
[0.197s] Level 5:colcon.colcon_core.verb:set package 'task_two' build argument 'ament_cmake_args' from command line to 'None'
[0.197s] Level 5:colcon.colcon_core.verb:set package 'task_two' build argument 'catkin_cmake_args' from command line to 'None'
[0.197s] Level 5:colcon.colcon_core.verb:set package 'task_two' build argument 'catkin_skip_building_tests' from command line to 'False'
[0.197s] DEBUG:colcon.colcon_core.verb:Building package 'task_two' with the following arguments: {'ament_cmake_args': None, 'build_base': '/home/chen/Task/navigation_ws/build/task_two', 'catkin_cmake_args': None, 'catkin_skip_building_tests': False, 'cmake_args': None, 'cmake_clean_cache': False, 'cmake_clean_first': False, 'cmake_force_configure': False, 'cmake_target': None, 'cmake_target_skip_unavailable': False, 'install_base': '/home/chen/Task/navigation_ws/install/task_two', 'merge_install': False, 'path': '/home/chen/Task/navigation_ws/src/task_two', 'symlink_install': False, 'test_result_base': None}
[0.197s] Level 5:colcon.colcon_core.verb:set package 'velodyne_description' build argument 'cmake_args' from command line to 'None'
[0.197s] Level 5:colcon.colcon_core.verb:set package 'velodyne_description' build argument 'cmake_target' from command line to 'None'
[0.197s] Level 5:colcon.colcon_core.verb:set package 'velodyne_description' build argument 'cmake_target_skip_unavailable' from command line to 'False'
[0.197s] Level 5:colcon.colcon_core.verb:set package 'velodyne_description' build argument 'cmake_clean_cache' from command line to 'False'
[0.197s] Level 5:colcon.colcon_core.verb:set package 'velodyne_description' build argument 'cmake_clean_first' from command line to 'False'
[0.197s] Level 5:colcon.colcon_core.verb:set package 'velodyne_description' build argument 'cmake_force_configure' from command line to 'False'
[0.197s] Level 5:colcon.colcon_core.verb:set package 'velodyne_description' build argument 'ament_cmake_args' from command line to 'None'
[0.197s] Level 5:colcon.colcon_core.verb:set package 'velodyne_description' build argument 'catkin_cmake_args' from command line to 'None'
[0.197s] Level 5:colcon.colcon_core.verb:set package 'velodyne_description' build argument 'catkin_skip_building_tests' from command line to 'False'
[0.197s] DEBUG:colcon.colcon_core.verb:Building package 'velodyne_description' with the following arguments: {'ament_cmake_args': None, 'build_base': '/home/chen/Task/navigation_ws/build/velodyne_description', 'catkin_cmake_args': None, 'catkin_skip_building_tests': False, 'cmake_args': None, 'cmake_clean_cache': False, 'cmake_clean_first': False, 'cmake_force_configure': False, 'cmake_target': None, 'cmake_target_skip_unavailable': False, 'install_base': '/home/chen/Task/navigation_ws/install/velodyne_description', 'merge_install': False, 'path': '/home/chen/Task/navigation_ws/src/velodyne_simulator/velodyne_description', 'symlink_install': False, 'test_result_base': None}
[0.197s] Level 5:colcon.colcon_core.verb:set package 'velodyne_gazebo_plugins' build argument 'cmake_args' from command line to 'None'
[0.197s] Level 5:colcon.colcon_core.verb:set package 'velodyne_gazebo_plugins' build argument 'cmake_target' from command line to 'None'
[0.197s] Level 5:colcon.colcon_core.verb:set package 'velodyne_gazebo_plugins' build argument 'cmake_target_skip_unavailable' from command line to 'False'
[0.197s] Level 5:colcon.colcon_core.verb:set package 'velodyne_gazebo_plugins' build argument 'cmake_clean_cache' from command line to 'False'
[0.197s] Level 5:colcon.colcon_core.verb:set package 'velodyne_gazebo_plugins' build argument 'cmake_clean_first' from command line to 'False'
[0.197s] Level 5:colcon.colcon_core.verb:set package 'velodyne_gazebo_plugins' build argument 'cmake_force_configure' from command line to 'False'
[0.197s] Level 5:colcon.colcon_core.verb:set package 'velodyne_gazebo_plugins' build argument 'ament_cmake_args' from command line to 'None'
[0.197s] Level 5:colcon.colcon_core.verb:set package 'velodyne_gazebo_plugins' build argument 'catkin_cmake_args' from command line to 'None'
[0.197s] Level 5:colcon.colcon_core.verb:set package 'velodyne_gazebo_plugins' build argument 'catkin_skip_building_tests' from command line to 'False'
[0.197s] DEBUG:colcon.colcon_core.verb:Building package 'velodyne_gazebo_plugins' with the following arguments: {'ament_cmake_args': None, 'build_base': '/home/chen/Task/navigation_ws/build/velodyne_gazebo_plugins', 'catkin_cmake_args': None, 'catkin_skip_building_tests': False, 'cmake_args': None, 'cmake_clean_cache': False, 'cmake_clean_first': False, 'cmake_force_configure': False, 'cmake_target': None, 'cmake_target_skip_unavailable': False, 'install_base': '/home/chen/Task/navigation_ws/install/velodyne_gazebo_plugins', 'merge_install': False, 'path': '/home/chen/Task/navigation_ws/src/velodyne_simulator/velodyne_gazebo_plugins', 'symlink_install': False, 'test_result_base': None}
[0.198s] Level 5:colcon.colcon_core.verb:set package 'task_one' build argument 'cmake_args' from command line to 'None'
[0.198s] Level 5:colcon.colcon_core.verb:set package 'task_one' build argument 'cmake_target' from command line to 'None'
[0.198s] Level 5:colcon.colcon_core.verb:set package 'task_one' build argument 'cmake_target_skip_unavailable' from command line to 'False'
[0.198s] Level 5:colcon.colcon_core.verb:set package 'task_one' build argument 'cmake_clean_cache' from command line to 'False'
[0.198s] Level 5:colcon.colcon_core.verb:set package 'task_one' build argument 'cmake_clean_first' from command line to 'False'
[0.198s] Level 5:colcon.colcon_core.verb:set package 'task_one' build argument 'cmake_force_configure' from command line to 'False'
[0.198s] Level 5:colcon.colcon_core.verb:set package 'task_one' build argument 'ament_cmake_args' from command line to 'None'
[0.198s] Level 5:colcon.colcon_core.verb:set package 'task_one' build argument 'catkin_cmake_args' from command line to 'None'
[0.198s] Level 5:colcon.colcon_core.verb:set package 'task_one' build argument 'catkin_skip_building_tests' from command line to 'False'
[0.198s] DEBUG:colcon.colcon_core.verb:Building package 'task_one' with the following arguments: {'ament_cmake_args': None, 'build_base': '/home/chen/Task/navigation_ws/build/task_one', 'catkin_cmake_args': None, 'catkin_skip_building_tests': False, 'cmake_args': None, 'cmake_clean_cache': False, 'cmake_clean_first': False, 'cmake_force_configure': False, 'cmake_target': None, 'cmake_target_skip_unavailable': False, 'install_base': '/home/chen/Task/navigation_ws/install/task_one', 'merge_install': False, 'path': '/home/chen/Task/navigation_ws/src/task_one', 'symlink_install': False, 'test_result_base': None}
[0.198s] Level 5:colcon.colcon_core.verb:set package 'velodyne_simulator' build argument 'cmake_args' from command line to 'None'
[0.198s] Level 5:colcon.colcon_core.verb:set package 'velodyne_simulator' build argument 'cmake_target' from command line to 'None'
[0.198s] Level 5:colcon.colcon_core.verb:set package 'velodyne_simulator' build argument 'cmake_target_skip_unavailable' from command line to 'False'
[0.198s] Level 5:colcon.colcon_core.verb:set package 'velodyne_simulator' build argument 'cmake_clean_cache' from command line to 'False'
[0.198s] Level 5:colcon.colcon_core.verb:set package 'velodyne_simulator' build argument 'cmake_clean_first' from command line to 'False'
[0.198s] Level 5:colcon.colcon_core.verb:set package 'velodyne_simulator' build argument 'cmake_force_configure' from command line to 'False'
[0.198s] Level 5:colcon.colcon_core.verb:set package 'velodyne_simulator' build argument 'ament_cmake_args' from command line to 'None'
[0.198s] Level 5:colcon.colcon_core.verb:set package 'velodyne_simulator' build argument 'catkin_cmake_args' from command line to 'None'
[0.198s] Level 5:colcon.colcon_core.verb:set package 'velodyne_simulator' build argument 'catkin_skip_building_tests' from command line to 'False'
[0.198s] DEBUG:colcon.colcon_core.verb:Building package 'velodyne_simulator' with the following arguments: {'ament_cmake_args': None, 'build_base': '/home/chen/Task/navigation_ws/build/velodyne_simulator', 'catkin_cmake_args': None, 'catkin_skip_building_tests': False, 'cmake_args': None, 'cmake_clean_cache': False, 'cmake_clean_first': False, 'cmake_force_configure': False, 'cmake_target': None, 'cmake_target_skip_unavailable': False, 'install_base': '/home/chen/Task/navigation_ws/install/velodyne_simulator', 'merge_install': False, 'path': '/home/chen/Task/navigation_ws/src/velodyne_simulator/velodyne_simulator', 'symlink_install': False, 'test_result_base': None}
[0.198s] INFO:colcon.colcon_core.executor:Executing jobs using 'parallel' executor
[0.199s] DEBUG:colcon.colcon_parallel_executor.executor.parallel:run_until_complete
[0.199s] INFO:colcon.colcon_ros.task.catkin.build:Building ROS package in '/home/chen/Task/navigation_ws/src/velodyne_simulator/velodyne_description' with build type 'catkin'
[0.199s] INFO:colcon.colcon_cmake.task.cmake.build:Building CMake package in '/home/chen/Task/navigation_ws/src/velodyne_simulator/velodyne_description'
[0.200s] INFO:colcon.colcon_core.plugin_system:Skipping extension 'colcon_core.shell.bat': Not used on non-Windows systems
[0.200s] INFO:colcon.colcon_core.shell:Skip shell extension 'powershell' for command environment: Not usable outside of PowerShell
[0.200s] DEBUG:colcon.colcon_core.shell:Skip shell extension 'dsv' for command environment
[0.203s] INFO:colcon.colcon_ros.task.catkin.build:Building ROS package in '/home/chen/Task/navigation_ws/src/velodyne_simulator/velodyne_gazebo_plugins' with build type 'catkin'
[0.203s] INFO:colcon.colcon_cmake.task.cmake.build:Building CMake package in '/home/chen/Task/navigation_ws/src/velodyne_simulator/velodyne_gazebo_plugins'
[0.203s] INFO:colcon.colcon_core.shell:Skip shell extension 'powershell' for command environment: Not usable outside of PowerShell
[0.203s] DEBUG:colcon.colcon_core.shell:Skip shell extension 'dsv' for command environment
[0.205s] INFO:colcon.colcon_ros.task.ament_python.build:Building ROS package in '/home/chen/Task/navigation_ws/src/task_two' with build type 'ament_python'
[0.205s] Level 1:colcon.colcon_core.shell:create_environment_hook('task_two', 'ament_prefix_path')
[0.205s] INFO:colcon.colcon_core.shell:Creating environment hook '/home/chen/Task/navigation_ws/install/task_two/share/task_two/hook/ament_prefix_path.ps1'
[0.206s] INFO:colcon.colcon_core.shell:Creating environment descriptor '/home/chen/Task/navigation_ws/install/task_two/share/task_two/hook/ament_prefix_path.dsv'
[0.206s] INFO:colcon.colcon_core.shell:Creating environment hook '/home/chen/Task/navigation_ws/install/task_two/share/task_two/hook/ament_prefix_path.sh'
[0.206s] INFO:colcon.colcon_core.shell:Skip shell extension 'powershell' for command environment: Not usable outside of PowerShell
[0.206s] DEBUG:colcon.colcon_core.shell:Skip shell extension 'dsv' for command environment
[0.214s] DEBUG:colcon.colcon_core.event_handler.log_command:Invoking command in '/home/chen/Task/navigation_ws/build/velodyne_description': /usr/bin/cmake --build /home/chen/Task/navigation_ws/build/velodyne_description -- -j16 -l16
[0.216s] DEBUG:colcon.colcon_core.event_handler.log_command:Invoking command in '/home/chen/Task/navigation_ws/build/velodyne_gazebo_plugins': /usr/bin/cmake --build /home/chen/Task/navigation_ws/build/velodyne_gazebo_plugins -- -j16 -l16
[0.351s] INFO:colcon.colcon_core.task.python.build:Building Python package in '/home/chen/Task/navigation_ws/src/task_two'
[0.351s] INFO:colcon.colcon_core.shell:Skip shell extension 'powershell' for command environment: Not usable outside of PowerShell
[0.351s] DEBUG:colcon.colcon_core.shell:Skip shell extension 'dsv' for command environment
[0.355s] DEBUG:colcon.colcon_core.event_handler.log_command:Invoked command in '/home/chen/Task/navigation_ws/build/velodyne_description' returned '0': /usr/bin/cmake --build /home/chen/Task/navigation_ws/build/velodyne_description -- -j16 -l16
[0.356s] DEBUG:colcon.colcon_core.event_handler.log_command:Invoked command in '/home/chen/Task/navigation_ws/build/velodyne_gazebo_plugins' returned '0': /usr/bin/cmake --build /home/chen/Task/navigation_ws/build/velodyne_gazebo_plugins -- -j16 -l16
[0.401s] DEBUG:colcon.colcon_core.event_handler.log_command:Invoking command in '/home/chen/Task/navigation_ws/build/velodyne_gazebo_plugins': /usr/bin/cmake --install /home/chen/Task/navigation_ws/build/velodyne_gazebo_plugins
[0.402s] DEBUG:colcon.colcon_core.event_handler.log_command:Invoking command in '/home/chen/Task/navigation_ws/build/velodyne_description': /usr/bin/cmake --install /home/chen/Task/navigation_ws/build/velodyne_description
[0.417s] DEBUG:colcon.colcon_core.event_handler.log_command:Invoked command in '/home/chen/Task/navigation_ws/build/velodyne_description' returned '0': /usr/bin/cmake --install /home/chen/Task/navigation_ws/build/velodyne_description
[0.418s] DEBUG:colcon.colcon_core.event_handler.log_command:Invoked command in '/home/chen/Task/navigation_ws/build/velodyne_gazebo_plugins' returned '0': /usr/bin/cmake --install /home/chen/Task/navigation_ws/build/velodyne_gazebo_plugins
[0.437s] Level 1:colcon.colcon_core.shell:create_environment_hook('velodyne_description', 'ros_package_path')
[0.438s] INFO:colcon.colcon_core.shell:Creating environment hook '/home/chen/Task/navigation_ws/install/velodyne_description/share/velodyne_description/hook/ros_package_path.ps1'
[0.438s] INFO:colcon.colcon_core.shell:Creating environment descriptor '/home/chen/Task/navigation_ws/install/velodyne_description/share/velodyne_description/hook/ros_package_path.dsv'
[0.438s] INFO:colcon.colcon_core.shell:Creating environment hook '/home/chen/Task/navigation_ws/install/velodyne_description/share/velodyne_description/hook/ros_package_path.sh'
[0.438s] Level 1:colcon.colcon_core.shell:create_environment_hook('velodyne_description', 'pkg_config_path')
[0.439s] INFO:colcon.colcon_core.shell:Creating environment hook '/home/chen/Task/navigation_ws/install/velodyne_description/share/velodyne_description/hook/pkg_config_path.ps1'
[0.439s] INFO:colcon.colcon_core.shell:Creating environment descriptor '/home/chen/Task/navigation_ws/install/velodyne_description/share/velodyne_description/hook/pkg_config_path.dsv'
[0.439s] INFO:colcon.colcon_core.shell:Creating environment hook '/home/chen/Task/navigation_ws/install/velodyne_description/share/velodyne_description/hook/pkg_config_path.sh'
[0.441s] Level 1:colcon.colcon_core.shell:create_environment_hook('velodyne_description', 'pkg_config_path_multiarch')
[0.441s] INFO:colcon.colcon_core.shell:Creating environment hook '/home/chen/Task/navigation_ws/install/velodyne_description/share/velodyne_description/hook/pkg_config_path_multiarch.ps1'
[0.441s] INFO:colcon.colcon_core.shell:Creating environment descriptor '/home/chen/Task/navigation_ws/install/velodyne_description/share/velodyne_description/hook/pkg_config_path_multiarch.dsv'
[0.441s] INFO:colcon.colcon_core.shell:Creating environment hook '/home/chen/Task/navigation_ws/install/velodyne_description/share/velodyne_description/hook/pkg_config_path_multiarch.sh'
[0.442s] Level 1:colcon.colcon_core.environment:create_environment_scripts_only(velodyne_description)
[0.443s] Level 1:colcon.colcon_core.environment:checking '/home/chen/Task/navigation_ws/install/velodyne_description' for CMake module files
[0.444s] Level 1:colcon.colcon_core.environment:checking '/home/chen/Task/navigation_ws/install/velodyne_description' for CMake config files
[0.444s] Level 1:colcon.colcon_core.shell:create_environment_hook('velodyne_description', 'cmake_prefix_path')
[0.444s] INFO:colcon.colcon_core.shell:Creating environment hook '/home/chen/Task/navigation_ws/install/velodyne_description/share/velodyne_description/hook/cmake_prefix_path.ps1'
[0.444s] INFO:colcon.colcon_core.shell:Creating environment descriptor '/home/chen/Task/navigation_ws/install/velodyne_description/share/velodyne_description/hook/cmake_prefix_path.dsv'
[0.444s] INFO:colcon.colcon_core.shell:Creating environment hook '/home/chen/Task/navigation_ws/install/velodyne_description/share/velodyne_description/hook/cmake_prefix_path.sh'
[0.445s] Level 1:colcon.colcon_core.environment:checking '/home/chen/Task/navigation_ws/install/velodyne_description/bin'
[0.445s] Level 1:colcon.colcon_core.environment:checking '/home/chen/Task/navigation_ws/install/velodyne_description/lib/pkgconfig/velodyne_description.pc'
[0.445s] Level 1:colcon.colcon_core.environment:checking '/home/chen/Task/navigation_ws/install/velodyne_description/lib/python3.10/site-packages'
[0.445s] Level 1:colcon.colcon_core.environment:checking '/home/chen/Task/navigation_ws/install/velodyne_description/bin'
[0.445s] INFO:colcon.colcon_core.shell:Creating package script '/home/chen/Task/navigation_ws/install/velodyne_description/share/velodyne_description/package.ps1'
[0.446s] INFO:colcon.colcon_core.shell:Creating package descriptor '/home/chen/Task/navigation_ws/install/velodyne_description/share/velodyne_description/package.dsv'
[0.446s] INFO:colcon.colcon_core.shell:Creating package script '/home/chen/Task/navigation_ws/install/velodyne_description/share/velodyne_description/package.sh'
[0.447s] INFO:colcon.colcon_core.shell:Creating package script '/home/chen/Task/navigation_ws/install/velodyne_description/share/velodyne_description/package.bash'
[0.447s] INFO:colcon.colcon_core.shell:Creating package script '/home/chen/Task/navigation_ws/install/velodyne_description/share/velodyne_description/package.zsh'
[0.448s] Level 1:colcon.colcon_core.environment:create_file_with_runtime_dependencies(/home/chen/Task/navigation_ws/install/velodyne_description/share/colcon-core/packages/velodyne_description)
[0.448s] Level 1:colcon.colcon_core.shell:create_environment_hook('velodyne_gazebo_plugins', 'ros_package_path')
[0.448s] INFO:colcon.colcon_core.shell:Creating environment hook '/home/chen/Task/navigation_ws/install/velodyne_gazebo_plugins/share/velodyne_gazebo_plugins/hook/ros_package_path.ps1'
[0.449s] INFO:colcon.colcon_core.shell:Creating environment descriptor '/home/chen/Task/navigation_ws/install/velodyne_gazebo_plugins/share/velodyne_gazebo_plugins/hook/ros_package_path.dsv'
[0.449s] INFO:colcon.colcon_core.shell:Creating environment hook '/home/chen/Task/navigation_ws/install/velodyne_gazebo_plugins/share/velodyne_gazebo_plugins/hook/ros_package_path.sh'
[0.449s] Level 1:colcon.colcon_core.shell:create_environment_hook('velodyne_gazebo_plugins', 'pkg_config_path')
[0.450s] INFO:colcon.colcon_core.shell:Creating environment hook '/home/chen/Task/navigation_ws/install/velodyne_gazebo_plugins/share/velodyne_gazebo_plugins/hook/pkg_config_path.ps1'
[0.450s] INFO:colcon.colcon_core.shell:Creating environment descriptor '/home/chen/Task/navigation_ws/install/velodyne_gazebo_plugins/share/velodyne_gazebo_plugins/hook/pkg_config_path.dsv'
[0.450s] INFO:colcon.colcon_core.shell:Creating environment hook '/home/chen/Task/navigation_ws/install/velodyne_gazebo_plugins/share/velodyne_gazebo_plugins/hook/pkg_config_path.sh'
[0.450s] Level 1:colcon.colcon_core.shell:create_environment_hook('velodyne_gazebo_plugins', 'pkg_config_path_multiarch')
[0.450s] INFO:colcon.colcon_core.shell:Creating environment hook '/home/chen/Task/navigation_ws/install/velodyne_gazebo_plugins/share/velodyne_gazebo_plugins/hook/pkg_config_path_multiarch.ps1'
[0.451s] INFO:colcon.colcon_core.shell:Creating environment descriptor '/home/chen/Task/navigation_ws/install/velodyne_gazebo_plugins/share/velodyne_gazebo_plugins/hook/pkg_config_path_multiarch.dsv'
[0.451s] INFO:colcon.colcon_core.shell:Creating environment hook '/home/chen/Task/navigation_ws/install/velodyne_gazebo_plugins/share/velodyne_gazebo_plugins/hook/pkg_config_path_multiarch.sh'
[0.451s] Level 1:colcon.colcon_core.environment:create_environment_scripts_only(velodyne_gazebo_plugins)
[0.451s] Level 1:colcon.colcon_core.environment:checking '/home/chen/Task/navigation_ws/install/velodyne_gazebo_plugins' for CMake module files
[0.451s] Level 1:colcon.colcon_core.environment:checking '/home/chen/Task/navigation_ws/install/velodyne_gazebo_plugins' for CMake config files
[0.452s] Level 1:colcon.colcon_core.shell:create_environment_hook('velodyne_gazebo_plugins', 'cmake_prefix_path')
[0.452s] INFO:colcon.colcon_core.shell:Creating environment hook '/home/chen/Task/navigation_ws/install/velodyne_gazebo_plugins/share/velodyne_gazebo_plugins/hook/cmake_prefix_path.ps1'
[0.452s] INFO:colcon.colcon_core.shell:Creating environment descriptor '/home/chen/Task/navigation_ws/install/velodyne_gazebo_plugins/share/velodyne_gazebo_plugins/hook/cmake_prefix_path.dsv'
[0.452s] INFO:colcon.colcon_core.shell:Creating environment hook '/home/chen/Task/navigation_ws/install/velodyne_gazebo_plugins/share/velodyne_gazebo_plugins/hook/cmake_prefix_path.sh'
[0.452s] Level 1:colcon.colcon_core.environment:checking '/home/chen/Task/navigation_ws/install/velodyne_gazebo_plugins/bin'
[0.452s] Level 1:colcon.colcon_core.environment:checking '/home/chen/Task/navigation_ws/install/velodyne_gazebo_plugins/lib/pkgconfig/velodyne_gazebo_plugins.pc'
[0.452s] Level 1:colcon.colcon_core.environment:checking '/home/chen/Task/navigation_ws/install/velodyne_gazebo_plugins/lib/python3.10/site-packages'
[0.453s] Level 1:colcon.colcon_core.environment:checking '/home/chen/Task/navigation_ws/install/velodyne_gazebo_plugins/bin'
[0.453s] INFO:colcon.colcon_core.shell:Creating package script '/home/chen/Task/navigation_ws/install/velodyne_gazebo_plugins/share/velodyne_gazebo_plugins/package.ps1'
[0.453s] INFO:colcon.colcon_core.shell:Creating package descriptor '/home/chen/Task/navigation_ws/install/velodyne_gazebo_plugins/share/velodyne_gazebo_plugins/package.dsv'
[0.453s] INFO:colcon.colcon_core.shell:Creating package script '/home/chen/Task/navigation_ws/install/velodyne_gazebo_plugins/share/velodyne_gazebo_plugins/package.sh'
[0.454s] INFO:colcon.colcon_core.shell:Creating package script '/home/chen/Task/navigation_ws/install/velodyne_gazebo_plugins/share/velodyne_gazebo_plugins/package.bash'
[0.454s] INFO:colcon.colcon_core.shell:Creating package script '/home/chen/Task/navigation_ws/install/velodyne_gazebo_plugins/share/velodyne_gazebo_plugins/package.zsh'
[0.454s] Level 1:colcon.colcon_core.environment:create_file_with_runtime_dependencies(/home/chen/Task/navigation_ws/install/velodyne_gazebo_plugins/share/colcon-core/packages/velodyne_gazebo_plugins)
[0.454s] INFO:colcon.colcon_ros.task.ament_python.build:Building ROS package in '/home/chen/Task/navigation_ws/src/task_one' with build type 'ament_python'
[0.454s] Level 1:colcon.colcon_core.shell:create_environment_hook('task_one', 'ament_prefix_path')
[0.454s] INFO:colcon.colcon_core.shell:Creating environment hook '/home/chen/Task/navigation_ws/install/task_one/share/task_one/hook/ament_prefix_path.ps1'
[0.455s] INFO:colcon.colcon_core.shell:Creating environment descriptor '/home/chen/Task/navigation_ws/install/task_one/share/task_one/hook/ament_prefix_path.dsv'
[0.455s] INFO:colcon.colcon_core.shell:Creating environment hook '/home/chen/Task/navigation_ws/install/task_one/share/task_one/hook/ament_prefix_path.sh'
[0.456s] INFO:colcon.colcon_core.shell:Skip shell extension 'powershell' for command environment: Not usable outside of PowerShell
[0.456s] DEBUG:colcon.colcon_core.shell:Skip shell extension 'dsv' for command environment
[0.458s] INFO:colcon.colcon_ros.task.catkin.build:Building ROS package in '/home/chen/Task/navigation_ws/src/velodyne_simulator/velodyne_simulator' with build type 'catkin'
[0.459s] INFO:colcon.colcon_cmake.task.cmake.build:Building CMake package in '/home/chen/Task/navigation_ws/src/velodyne_simulator/velodyne_simulator'
[0.459s] INFO:colcon.colcon_core.shell:Skip shell extension 'powershell' for command environment: Not usable outside of PowerShell
[0.459s] DEBUG:colcon.colcon_core.shell:Skip shell extension 'dsv' for command environment
[0.595s] INFO:colcon.colcon_core.task.python.build:Building Python package in '/home/chen/Task/navigation_ws/src/task_one'
[0.595s] INFO:colcon.colcon_core.shell:Skip shell extension 'powershell' for command environment: Not usable outside of PowerShell
[0.595s] DEBUG:colcon.colcon_core.shell:Skip shell extension 'dsv' for command environment
[0.602s] DEBUG:colcon.colcon_core.event_handler.log_command:Invoking command in '/home/chen/Task/navigation_ws/build/velodyne_simulator': CMAKE_PREFIX_PATH=/home/chen/Task/navigation_ws/install/velodyne_gazebo_plugins:/home/chen/Task/navigation_ws/install/velodyne_description:/home/chen/Task/navigation_ws/install/velodyne_simulator PKG_CONFIG_PATH=/home/chen/Task/navigation_ws/install/velodyne_gazebo_plugins/lib/x86_64-linux-gnu/pkgconfig:/home/chen/Task/navigation_ws/install/velodyne_gazebo_plugins/lib/pkgconfig:/home/chen/Task/navigation_ws/install/velodyne_description/lib/x86_64-linux-gnu/pkgconfig:/home/chen/Task/navigation_ws/install/velodyne_description/lib/pkgconfig:/home/chen/Task/navigation_ws/install/velodyne_simulator/lib/x86_64-linux-gnu/pkgconfig:/home/chen/Task/navigation_ws/install/velodyne_simulator/lib/pkgconfig ROS_PACKAGE_PATH=/home/chen/Task/navigation_ws/install/velodyne_gazebo_plugins/share:/home/chen/Task/navigation_ws/install/velodyne_description/share:/home/chen/Task/navigation_ws/install/velodyne_simulator/share /usr/bin/cmake --build /home/chen/Task/navigation_ws/build/velodyne_simulator -- -j16 -l16
[0.603s] DEBUG:colcon.colcon_core.event_handler.log_command:Invoking command in '/home/chen/Task/navigation_ws/src/task_two': PYTHONPATH=/home/chen/Task/navigation_ws/build/task_two/prefix_override:/usr/lib/python3/dist-packages/colcon_core/task/python/colcon_distutils_commands:/home/chen/Task/navigation_ws/install/task_two/lib/python3.10/site-packages:${PYTHONPATH} /usr/bin/python3 -W ignore:setup.py install is deprecated setup.py egg_info --egg-base ../../build/task_two build --build-base /home/chen/Task/navigation_ws/build/task_two/build install --record /home/chen/Task/navigation_ws/build/task_two/install.log --single-version-externally-managed install_data
[0.642s] DEBUG:colcon.colcon_core.event_handler.log_command:Invoked command in '/home/chen/Task/navigation_ws/build/velodyne_simulator' returned '0': CMAKE_PREFIX_PATH=/home/chen/Task/navigation_ws/install/velodyne_gazebo_plugins:/home/chen/Task/navigation_ws/install/velodyne_description:/home/chen/Task/navigation_ws/install/velodyne_simulator PKG_CONFIG_PATH=/home/chen/Task/navigation_ws/install/velodyne_gazebo_plugins/lib/x86_64-linux-gnu/pkgconfig:/home/chen/Task/navigation_ws/install/velodyne_gazebo_plugins/lib/pkgconfig:/home/chen/Task/navigation_ws/install/velodyne_description/lib/x86_64-linux-gnu/pkgconfig:/home/chen/Task/navigation_ws/install/velodyne_description/lib/pkgconfig:/home/chen/Task/navigation_ws/install/velodyne_simulator/lib/x86_64-linux-gnu/pkgconfig:/home/chen/Task/navigation_ws/install/velodyne_simulator/lib/pkgconfig ROS_PACKAGE_PATH=/home/chen/Task/navigation_ws/install/velodyne_gazebo_plugins/share:/home/chen/Task/navigation_ws/install/velodyne_description/share:/home/chen/Task/navigation_ws/install/velodyne_simulator/share /usr/bin/cmake --build /home/chen/Task/navigation_ws/build/velodyne_simulator -- -j16 -l16
[0.686s] DEBUG:colcon.colcon_core.event_handler.log_command:Invoking command in '/home/chen/Task/navigation_ws/build/velodyne_simulator': CMAKE_PREFIX_PATH=/home/chen/Task/navigation_ws/install/velodyne_gazebo_plugins:/home/chen/Task/navigation_ws/install/velodyne_description:/home/chen/Task/navigation_ws/install/velodyne_simulator PKG_CONFIG_PATH=/home/chen/Task/navigation_ws/install/velodyne_gazebo_plugins/lib/x86_64-linux-gnu/pkgconfig:/home/chen/Task/navigation_ws/install/velodyne_gazebo_plugins/lib/pkgconfig:/home/chen/Task/navigation_ws/install/velodyne_description/lib/x86_64-linux-gnu/pkgconfig:/home/chen/Task/navigation_ws/install/velodyne_description/lib/pkgconfig:/home/chen/Task/navigation_ws/install/velodyne_simulator/lib/x86_64-linux-gnu/pkgconfig:/home/chen/Task/navigation_ws/install/velodyne_simulator/lib/pkgconfig ROS_PACKAGE_PATH=/home/chen/Task/navigation_ws/install/velodyne_gazebo_plugins/share:/home/chen/Task/navigation_ws/install/velodyne_description/share:/home/chen/Task/navigation_ws/install/velodyne_simulator/share /usr/bin/cmake --install /home/chen/Task/navigation_ws/build/velodyne_simulator
[0.700s] DEBUG:colcon.colcon_core.event_handler.log_command:Invoked command in '/home/chen/Task/navigation_ws/build/velodyne_simulator' returned '0': CMAKE_PREFIX_PATH=/home/chen/Task/navigation_ws/install/velodyne_gazebo_plugins:/home/chen/Task/navigation_ws/install/velodyne_description:/home/chen/Task/navigation_ws/install/velodyne_simulator PKG_CONFIG_PATH=/home/chen/Task/navigation_ws/install/velodyne_gazebo_plugins/lib/x86_64-linux-gnu/pkgconfig:/home/chen/Task/navigation_ws/install/velodyne_gazebo_plugins/lib/pkgconfig:/home/chen/Task/navigation_ws/install/velodyne_description/lib/x86_64-linux-gnu/pkgconfig:/home/chen/Task/navigation_ws/install/velodyne_description/lib/pkgconfig:/home/chen/Task/navigation_ws/install/velodyne_simulator/lib/x86_64-linux-gnu/pkgconfig:/home/chen/Task/navigation_ws/install/velodyne_simulator/lib/pkgconfig ROS_PACKAGE_PATH=/home/chen/Task/navigation_ws/install/velodyne_gazebo_plugins/share:/home/chen/Task/navigation_ws/install/velodyne_description/share:/home/chen/Task/navigation_ws/install/velodyne_simulator/share /usr/bin/cmake --install /home/chen/Task/navigation_ws/build/velodyne_simulator
[0.722s] Level 1:colcon.colcon_core.shell:create_environment_hook('velodyne_simulator', 'ros_package_path')
[0.723s] INFO:colcon.colcon_core.shell:Creating environment hook '/home/chen/Task/navigation_ws/install/velodyne_simulator/share/velodyne_simulator/hook/ros_package_path.ps1'
[0.723s] INFO:colcon.colcon_core.shell:Creating environment descriptor '/home/chen/Task/navigation_ws/install/velodyne_simulator/share/velodyne_simulator/hook/ros_package_path.dsv'
[0.723s] INFO:colcon.colcon_core.shell:Creating environment hook '/home/chen/Task/navigation_ws/install/velodyne_simulator/share/velodyne_simulator/hook/ros_package_path.sh'
[0.724s] Level 1:colcon.colcon_core.shell:create_environment_hook('velodyne_simulator', 'pkg_config_path')
[0.724s] INFO:colcon.colcon_core.shell:Creating environment hook '/home/chen/Task/navigation_ws/install/velodyne_simulator/share/velodyne_simulator/hook/pkg_config_path.ps1'
[0.724s] INFO:colcon.colcon_core.shell:Creating environment descriptor '/home/chen/Task/navigation_ws/install/velodyne_simulator/share/velodyne_simulator/hook/pkg_config_path.dsv'
[0.724s] INFO:colcon.colcon_core.shell:Creating environment hook '/home/chen/Task/navigation_ws/install/velodyne_simulator/share/velodyne_simulator/hook/pkg_config_path.sh'
[0.724s] Level 1:colcon.colcon_core.shell:create_environment_hook('velodyne_simulator', 'pkg_config_path_multiarch')
[0.725s] INFO:colcon.colcon_core.shell:Creating environment hook '/home/chen/Task/navigation_ws/install/velodyne_simulator/share/velodyne_simulator/hook/pkg_config_path_multiarch.ps1'
[0.725s] INFO:colcon.colcon_core.shell:Creating environment descriptor '/home/chen/Task/navigation_ws/install/velodyne_simulator/share/velodyne_simulator/hook/pkg_config_path_multiarch.dsv'
[0.725s] INFO:colcon.colcon_core.shell:Creating environment hook '/home/chen/Task/navigation_ws/install/velodyne_simulator/share/velodyne_simulator/hook/pkg_config_path_multiarch.sh'
[0.725s] Level 1:colcon.colcon_core.environment:create_environment_scripts_only(velodyne_simulator)
[0.726s] Level 1:colcon.colcon_core.environment:checking '/home/chen/Task/navigation_ws/install/velodyne_simulator' for CMake module files
[0.726s] Level 1:colcon.colcon_core.environment:checking '/home/chen/Task/navigation_ws/install/velodyne_simulator' for CMake config files
[0.726s] Level 1:colcon.colcon_core.shell:create_environment_hook('velodyne_simulator', 'cmake_prefix_path')
[0.726s] INFO:colcon.colcon_core.shell:Creating environment hook '/home/chen/Task/navigation_ws/install/velodyne_simulator/share/velodyne_simulator/hook/cmake_prefix_path.ps1'
[0.726s] INFO:colcon.colcon_core.shell:Creating environment descriptor '/home/chen/Task/navigation_ws/install/velodyne_simulator/share/velodyne_simulator/hook/cmake_prefix_path.dsv'
[0.726s] INFO:colcon.colcon_core.shell:Creating environment hook '/home/chen/Task/navigation_ws/install/velodyne_simulator/share/velodyne_simulator/hook/cmake_prefix_path.sh'
[0.727s] Level 1:colcon.colcon_core.environment:checking '/home/chen/Task/navigation_ws/install/velodyne_simulator/bin'
[0.727s] Level 1:colcon.colcon_core.environment:checking '/home/chen/Task/navigation_ws/install/velodyne_simulator/lib/pkgconfig/velodyne_simulator.pc'
[0.727s] Level 1:colcon.colcon_core.environment:checking '/home/chen/Task/navigation_ws/install/velodyne_simulator/lib/python3.10/site-packages'
[0.727s] Level 1:colcon.colcon_core.environment:checking '/home/chen/Task/navigation_ws/install/velodyne_simulator/bin'
[0.727s] INFO:colcon.colcon_core.shell:Creating package script '/home/chen/Task/navigation_ws/install/velodyne_simulator/share/velodyne_simulator/package.ps1'
[0.727s] INFO:colcon.colcon_core.shell:Creating package descriptor '/home/chen/Task/navigation_ws/install/velodyne_simulator/share/velodyne_simulator/package.dsv'
[0.728s] INFO:colcon.colcon_core.shell:Creating package script '/home/chen/Task/navigation_ws/install/velodyne_simulator/share/velodyne_simulator/package.sh'
[0.728s] INFO:colcon.colcon_core.shell:Creating package script '/home/chen/Task/navigation_ws/install/velodyne_simulator/share/velodyne_simulator/package.bash'
[0.728s] INFO:colcon.colcon_core.shell:Creating package script '/home/chen/Task/navigation_ws/install/velodyne_simulator/share/velodyne_simulator/package.zsh'
[0.728s] Level 1:colcon.colcon_core.environment:create_file_with_runtime_dependencies(/home/chen/Task/navigation_ws/install/velodyne_simulator/share/colcon-core/packages/velodyne_simulator)
[0.768s] Level 1:colcon.colcon_core.environment:checking '/home/chen/Task/navigation_ws/install/task_two' for CMake module files
[0.768s] DEBUG:colcon.colcon_core.event_handler.log_command:Invoked command in '/home/chen/Task/navigation_ws/src/task_two' returned '0': PYTHONPATH=/home/chen/Task/navigation_ws/build/task_two/prefix_override:/usr/lib/python3/dist-packages/colcon_core/task/python/colcon_distutils_commands:/home/chen/Task/navigation_ws/install/task_two/lib/python3.10/site-packages:${PYTHONPATH} /usr/bin/python3 -W ignore:setup.py install is deprecated setup.py egg_info --egg-base ../../build/task_two build --build-base /home/chen/Task/navigation_ws/build/task_two/build install --record /home/chen/Task/navigation_ws/build/task_two/install.log --single-version-externally-managed install_data
[0.769s] Level 1:colcon.colcon_core.environment:checking '/home/chen/Task/navigation_ws/install/task_two' for CMake config files
[0.769s] Level 1:colcon.colcon_core.environment:checking '/home/chen/Task/navigation_ws/install/task_two/lib'
[0.769s] Level 1:colcon.colcon_core.environment:checking '/home/chen/Task/navigation_ws/install/task_two/bin'
[0.769s] Level 1:colcon.colcon_core.environment:checking '/home/chen/Task/navigation_ws/install/task_two/lib/pkgconfig/task_two.pc'
[0.769s] Level 1:colcon.colcon_core.environment:checking '/home/chen/Task/navigation_ws/install/task_two/lib/python3.10/site-packages'
[0.769s] Level 1:colcon.colcon_core.shell:create_environment_hook('task_two', 'pythonpath')
[0.769s] INFO:colcon.colcon_core.shell:Creating environment hook '/home/chen/Task/navigation_ws/install/task_two/share/task_two/hook/pythonpath.ps1'
[0.770s] INFO:colcon.colcon_core.shell:Creating environment descriptor '/home/chen/Task/navigation_ws/install/task_two/share/task_two/hook/pythonpath.dsv'
[0.770s] INFO:colcon.colcon_core.shell:Creating environment hook '/home/chen/Task/navigation_ws/install/task_two/share/task_two/hook/pythonpath.sh'
[0.770s] Level 1:colcon.colcon_core.environment:checking '/home/chen/Task/navigation_ws/install/task_two/bin'
[0.770s] Level 1:colcon.colcon_core.environment:create_environment_scripts_only(task_two)
[0.770s] INFO:colcon.colcon_core.shell:Creating package script '/home/chen/Task/navigation_ws/install/task_two/share/task_two/package.ps1'
[0.771s] INFO:colcon.colcon_core.shell:Creating package descriptor '/home/chen/Task/navigation_ws/install/task_two/share/task_two/package.dsv'
[0.771s] INFO:colcon.colcon_core.shell:Creating package script '/home/chen/Task/navigation_ws/install/task_two/share/task_two/package.sh'
[0.771s] INFO:colcon.colcon_core.shell:Creating package script '/home/chen/Task/navigation_ws/install/task_two/share/task_two/package.bash'
[0.771s] INFO:colcon.colcon_core.shell:Creating package script '/home/chen/Task/navigation_ws/install/task_two/share/task_two/package.zsh'
[0.772s] Level 1:colcon.colcon_core.environment:create_file_with_runtime_dependencies(/home/chen/Task/navigation_ws/install/task_two/share/colcon-core/packages/task_two)
[0.793s] DEBUG:colcon.colcon_core.event_handler.log_command:Invoking command in '/home/chen/Task/navigation_ws/src/task_one': CMAKE_PREFIX_PATH=/home/chen/Task/navigation_ws/install/velodyne_gazebo_plugins:/home/chen/Task/navigation_ws/install/velodyne_description:/home/chen/Task/navigation_ws/install/velodyne_simulator PKG_CONFIG_PATH=/home/chen/Task/navigation_ws/install/velodyne_gazebo_plugins/lib/x86_64-linux-gnu/pkgconfig:/home/chen/Task/navigation_ws/install/velodyne_gazebo_plugins/lib/pkgconfig:/home/chen/Task/navigation_ws/install/velodyne_description/lib/x86_64-linux-gnu/pkgconfig:/home/chen/Task/navigation_ws/install/velodyne_description/lib/pkgconfig:/home/chen/Task/navigation_ws/install/velodyne_simulator/lib/x86_64-linux-gnu/pkgconfig:/home/chen/Task/navigation_ws/install/velodyne_simulator/lib/pkgconfig PYTHONPATH=/home/chen/Task/navigation_ws/build/task_one/prefix_override:/usr/lib/python3/dist-packages/colcon_core/task/python/colcon_distutils_commands:/home/chen/Task/navigation_ws/install/task_one/lib/python3.10/site-packages:${PYTHONPATH} ROS_PACKAGE_PATH=/home/chen/Task/navigation_ws/install/velodyne_gazebo_plugins/share:/home/chen/Task/navigation_ws/install/velodyne_description/share:/home/chen/Task/navigation_ws/install/velodyne_simulator/share /usr/bin/python3 -W ignore:setup.py install is deprecated setup.py egg_info --egg-base ../../build/task_one build --build-base /home/chen/Task/navigation_ws/build/task_one/build install --record /home/chen/Task/navigation_ws/build/task_one/install.log --single-version-externally-managed install_data
[0.951s] Level 1:colcon.colcon_core.environment:checking '/home/chen/Task/navigation_ws/install/task_one' for CMake module files
[0.952s] DEBUG:colcon.colcon_core.event_handler.log_command:Invoked command in '/home/chen/Task/navigation_ws/src/task_one' returned '0': CMAKE_PREFIX_PATH=/home/chen/Task/navigation_ws/install/velodyne_gazebo_plugins:/home/chen/Task/navigation_ws/install/velodyne_description:/home/chen/Task/navigation_ws/install/velodyne_simulator PKG_CONFIG_PATH=/home/chen/Task/navigation_ws/install/velodyne_gazebo_plugins/lib/x86_64-linux-gnu/pkgconfig:/home/chen/Task/navigation_ws/install/velodyne_gazebo_plugins/lib/pkgconfig:/home/chen/Task/navigation_ws/install/velodyne_description/lib/x86_64-linux-gnu/pkgconfig:/home/chen/Task/navigation_ws/install/velodyne_description/lib/pkgconfig:/home/chen/Task/navigation_ws/install/velodyne_simulator/lib/x86_64-linux-gnu/pkgconfig:/home/chen/Task/navigation_ws/install/velodyne_simulator/lib/pkgconfig PYTHONPATH=/home/chen/Task/navigation_ws/build/task_one/prefix_override:/usr/lib/python3/dist-packages/colcon_core/task/python/colcon_distutils_commands:/home/chen/Task/navigation_ws/install/task_one/lib/python3.10/site-packages:${PYTHONPATH} ROS_PACKAGE_PATH=/home/chen/Task/navigation_ws/install/velodyne_gazebo_plugins/share:/home/chen/Task/navigation_ws/install/velodyne_description/share:/home/chen/Task/navigation_ws/install/velodyne_simulator/share /usr/bin/python3 -W ignore:setup.py install is deprecated setup.py egg_info --egg-base ../../build/task_one build --build-base /home/chen/Task/navigation_ws/build/task_one/build install --record /home/chen/Task/navigation_ws/build/task_one/install.log --single-version-externally-managed install_data
[0.952s] Level 1:colcon.colcon_core.environment:checking '/home/chen/Task/navigation_ws/install/task_one' for CMake config files
[0.953s] Level 1:colcon.colcon_core.environment:checking '/home/chen/Task/navigation_ws/install/task_one/lib'
[0.953s] Level 1:colcon.colcon_core.environment:checking '/home/chen/Task/navigation_ws/install/task_one/bin'
[0.953s] Level 1:colcon.colcon_core.environment:checking '/home/chen/Task/navigation_ws/install/task_one/lib/pkgconfig/task_one.pc'
[0.953s] Level 1:colcon.colcon_core.environment:checking '/home/chen/Task/navigation_ws/install/task_one/lib/python3.10/site-packages'
[0.953s] Level 1:colcon.colcon_core.shell:create_environment_hook('task_one', 'pythonpath')
[0.953s] INFO:colcon.colcon_core.shell:Creating environment hook '/home/chen/Task/navigation_ws/install/task_one/share/task_one/hook/pythonpath.ps1'
[0.953s] INFO:colcon.colcon_core.shell:Creating environment descriptor '/home/chen/Task/navigation_ws/install/task_one/share/task_one/hook/pythonpath.dsv'
[0.953s] INFO:colcon.colcon_core.shell:Creating environment hook '/home/chen/Task/navigation_ws/install/task_one/share/task_one/hook/pythonpath.sh'
[0.954s] Level 1:colcon.colcon_core.environment:checking '/home/chen/Task/navigation_ws/install/task_one/bin'
[0.954s] Level 1:colcon.colcon_core.environment:create_environment_scripts_only(task_one)
[0.954s] INFO:colcon.colcon_core.shell:Creating package script '/home/chen/Task/navigation_ws/install/task_one/share/task_one/package.ps1'
[0.954s] INFO:colcon.colcon_core.shell:Creating package descriptor '/home/chen/Task/navigation_ws/install/task_one/share/task_one/package.dsv'
[0.955s] INFO:colcon.colcon_core.shell:Creating package script '/home/chen/Task/navigation_ws/install/task_one/share/task_one/package.sh'
[0.955s] INFO:colcon.colcon_core.shell:Creating package script '/home/chen/Task/navigation_ws/install/task_one/share/task_one/package.bash'
[0.955s] INFO:colcon.colcon_core.shell:Creating package script '/home/chen/Task/navigation_ws/install/task_one/share/task_one/package.zsh'
[0.955s] Level 1:colcon.colcon_core.environment:create_file_with_runtime_dependencies(/home/chen/Task/navigation_ws/install/task_one/share/colcon-core/packages/task_one)
[0.955s] DEBUG:colcon.colcon_parallel_executor.executor.parallel:closing loop
[0.956s] DEBUG:colcon.colcon_parallel_executor.executor.parallel:loop closed
[0.956s] DEBUG:colcon.colcon_parallel_executor.executor.parallel:run_until_complete finished with '0'
[0.956s] DEBUG:colcon.colcon_core.event_reactor:joining thread
[0.960s] INFO:colcon.colcon_core.plugin_system:Skipping extension 'colcon_notification.desktop_notification.terminal_notifier': Not used on non-Darwin systems
[0.960s] INFO:colcon.colcon_core.plugin_system:Skipping extension 'colcon_notification.desktop_notification.win32': Not used on non-Windows systems
[0.960s] INFO:colcon.colcon_notification.desktop_notification:Sending desktop notification using 'notify2'
[0.967s] DEBUG:colcon.colcon_core.event_reactor:joined thread
[0.967s] INFO:colcon.colcon_core.shell:Creating prefix script '/home/chen/Task/navigation_ws/install/local_setup.ps1'
[0.969s] INFO:colcon.colcon_core.shell:Creating prefix util module '/home/chen/Task/navigation_ws/install/_local_setup_util_ps1.py'
[0.970s] INFO:colcon.colcon_core.shell:Creating prefix chain script '/home/chen/Task/navigation_ws/install/setup.ps1'
[0.971s] INFO:colcon.colcon_core.shell:Creating prefix script '/home/chen/Task/navigation_ws/install/local_setup.sh'
[0.971s] INFO:colcon.colcon_core.shell:Creating prefix util module '/home/chen/Task/navigation_ws/install/_local_setup_util_sh.py'
[0.972s] INFO:colcon.colcon_core.shell:Creating prefix chain script '/home/chen/Task/navigation_ws/install/setup.sh'
[0.972s] INFO:colcon.colcon_core.shell:Creating prefix script '/home/chen/Task/navigation_ws/install/local_setup.bash'
[0.973s] INFO:colcon.colcon_core.shell:Creating prefix chain script '/home/chen/Task/navigation_ws/install/setup.bash'
[0.973s] INFO:colcon.colcon_core.shell:Creating prefix script '/home/chen/Task/navigation_ws/install/local_setup.zsh'
[0.974s] INFO:colcon.colcon_core.shell:Creating prefix chain script '/home/chen/Task/navigation_ws/install/setup.zsh'
