[0.010s] Invoking command in '/home/chen/Task/navigation_ws/build/task_three': CMAKE_PREFIX_PATH=/home/chen/Task/navigation_ws/install/task_one:/home/chen/Task/navigation_ws/install/task_two:/opt/ros/humble:${CMAKE_PREFIX_PATH} CONDA_PROMPT_MODIFIER=(base) /usr/bin/cmake --build /home/chen/Task/navigation_ws/build/task_three -- -j16 -l16
[0.035s] -- Found ament_cmake: 1.3.10 (/opt/ros/humble/share/ament_cmake/cmake)
[0.122s] -- Found rclcpp: 16.0.10 (/opt/ros/humble/share/rclcpp/cmake)
[0.139s] -- Found rosidl_generator_c: 3.1.5 (/opt/ros/humble/share/rosidl_generator_c/cmake)
[0.140s] -- Found rosidl_adapter: 3.1.5 (/opt/ros/humble/share/rosidl_adapter/cmake)
[0.143s] -- Found rosidl_generator_cpp: 3.1.5 (/opt/ros/humble/share/rosidl_generator_cpp/cmake)
[0.149s] -- Using all available rosidl_typesupport_c: rosidl_typesupport_fastrtps_c;rosidl_typesupport_introspection_c
[0.155s] -- Using all available rosidl_typesupport_cpp: rosidl_typesupport_fastrtps_cpp;rosidl_typesupport_introspection_cpp
[0.177s] -- Found rmw_implementation_cmake: 6.1.2 (/opt/ros/humble/share/rmw_implementation_cmake/cmake)
[0.178s] -- Found rmw_fastrtps_cpp: 6.2.7 (/opt/ros/humble/share/rmw_fastrtps_cpp/cmake)
[0.264s] -- Using RMW implementation 'rmw_fastrtps_cpp' as default
[0.294s] -- Found sensor_msgs: 4.2.4 (/opt/ros/humble/share/sensor_msgs/cmake)
[0.311s] -- Found pcl_conversions: 2.4.5 (/opt/ros/humble/share/pcl_conversions/cmake)
[0.335s] -- Eigen found (include: /usr/include/eigen3, version: 3.4.0)
[0.357s] -- FLANN found (include: /usr/include, lib: /usr/lib/x86_64-linux-gnu/libflann_cpp.so)
[0.569s] -- OpenNI found (version: 1.5.4.0, include: /usr/include/ni, lib: /usr/lib/libOpenNI.so;libusb::libusb)
[0.574s] -- OpenNI2 found (version: 2.2.0.33, include: /usr/include/openni2, lib: /usr/lib/x86_64-linux-gnu/libOpenNI2.so;libusb::libusb)
[0.679s] -- Eigen found (include: /usr/include/eigen3, version: 3.4.0)
[0.684s] -- OpenNI found (version: 1.5.4.0, include: /usr/include/ni, lib: /usr/lib/libOpenNI.so;libusb::libusb)
[0.689s] -- OpenNI2 found (version: 2.2.0.33, include: /usr/include/openni2, lib: /usr/lib/x86_64-linux-gnu/libOpenNI2.so;libusb::libusb)
[0.782s] -- Found Qhull version 8.0.2
[0.881s] -- OpenNI found (version: 1.5.4.0, include: /usr/include/ni, lib: /usr/lib/libOpenNI.so;libusb::libusb)
[0.983s] [33mCMake Warning (dev) at CMakeLists.txt:9 (find_package):
[0.983s]   Policy CMP0074 is not set: find_package uses <PackageName>_ROOT variables.
[0.983s]   Run "cmake --help-policy CMP0074" for policy details.  Use the cmake_policy
[0.983s]   command to set the policy and suppress this warning.
[0.983s] 
[0.983s]   CMake variable PCL_ROOT is set to:
[0.983s] 
[0.983s]     /usr
[0.983s] 
[0.983s]   For compatibility, CMake is ignoring the variable.
[0.983s] This warning is for project developers.  Use -Wno-dev to suppress it.
[0.983s] [0m
[1.052s] -- Configuring done
[1.059s] [31mCMake Error at CMakeLists.txt:12 (add_executable):
[1.059s]   Target "task_three_node" links to target "sensor_msgs::sensor_msgs" but the
[1.059s]   target was not found.  Perhaps a find_package() call is missing for an
[1.059s]   IMPORTED target, or an ALIAS target is missing?
[1.059s] 
[1.059s] [0m
[1.060s] [31mCMake Error at CMakeLists.txt:12 (add_executable):
[1.060s]   Target "task_three_node" links to target "pcl_conversions::pcl_conversions"
[1.060s]   but the target was not found.  Perhaps a find_package() call is missing for
[1.060s]   an IMPORTED target, or an ALIAS target is missing?
[1.060s] 
[1.060s] [0m
[1.070s] [33mCMake Warning at CMakeLists.txt:12 (add_executable):
[1.070s]   Cannot generate a safe runtime search path for target task_three_node
[1.070s]   because files in some directories may conflict with libraries in implicit
[1.070s]   directories:
[1.070s] 
[1.070s]     runtime library [libz.so.1] in /usr/lib/x86_64-linux-gnu may be hidden by files in:
[1.070s]       /home/chen/miniconda3/lib
[1.070s] 
[1.070s]   Some of these libraries may not be found correctly.
[1.070s] 
[1.070s] [0m
[1.071s] -- Generating done
[1.072s] [0mCMake Generate step failed.  Build files cannot be regenerated correctly.[0m
[1.081s] gmake: *** [Makefile:267：cmake_check_build_system] 错误 1
[1.085s] Invoked command in '/home/chen/Task/navigation_ws/build/task_three' returned '2': CMAKE_PREFIX_PATH=/home/chen/Task/navigation_ws/install/task_one:/home/chen/Task/navigation_ws/install/task_two:/opt/ros/humble:${CMAKE_PREFIX_PATH} CONDA_PROMPT_MODIFIER=(base) /usr/bin/cmake --build /home/chen/Task/navigation_ws/build/task_three -- -j16 -l16
