[0.018s] Invoking command in '/home/chen/Task/navigation_ws/build/velodyne_description': CONDA_PROMPT_MODIFIER=(base) /usr/bin/cmake /home/chen/Task/navigation_ws/src/velodyne_simulator/velodyne_description -DCATKIN_INSTALL_INTO_PREFIX_ROOT=0 -DCMAKE_INSTALL_PREFIX=/home/chen/Task/navigation_ws/install/velodyne_description
[0.163s] -- Found ament_cmake: 1.3.10 (/opt/ros/humble/share/ament_cmake/cmake)
[0.163s] -- Found rclcpp: 16.0.10 (/opt/ros/humble/share/rclcpp/cmake)
[0.163s] -- Found rosidl_generator_c: 3.1.5 (/opt/ros/humble/share/rosidl_generator_c/cmake)
[0.163s] -- Found rosidl_adapter: 3.1.5 (/opt/ros/humble/share/rosidl_adapter/cmake)
[0.163s] -- Found rosidl_generator_cpp: 3.1.5 (/opt/ros/humble/share/rosidl_generator_cpp/cmake)
[0.163s] -- Using all available rosidl_typesupport_c: rosidl_typesupport_fastrtps_c;rosidl_typesupport_introspection_c
[0.163s] -- Using all available rosidl_typesupport_cpp: rosidl_typesupport_fastrtps_cpp;rosidl_typesupport_introspection_cpp
[0.172s] -- Found rmw_implementation_cmake: 6.1.2 (/opt/ros/humble/share/rmw_implementation_cmake/cmake)
[0.173s] -- Found rmw_fastrtps_cpp: 6.2.7 (/opt/ros/humble/share/rmw_fastrtps_cpp/cmake)
[0.255s] -- Using RMW implementation 'rmw_fastrtps_cpp' as default
[0.284s] -- Found sensor_msgs: 4.2.4 (/opt/ros/humble/share/sensor_msgs/cmake)
[0.300s] -- Found tf2_ros: 0.25.8 (/opt/ros/humble/share/tf2_ros/cmake)
[0.350s] -- Found urdf: 2.6.1 (/opt/ros/humble/share/urdf/cmake)
[0.363s] -- Found xacro: 2.0.8 (/opt/ros/humble/share/xacro/cmake)
[0.432s] -- Configuring done
[0.436s] [31mCMake Error at CMakeLists.txt:13 (add_executable):
[0.436s]   Cannot find source file:
[0.436s] 
[0.436s]     src/velodyne_description_node.cpp
[0.436s] 
[0.436s]   Tried extensions .c .C .c++ .cc .cpp .cxx .cu .mpp .m .M .mm .ixx .cppm .h
[0.436s]   .hh .h++ .hm .hpp .hxx .in .txx .f .F .for .f77 .f90 .f95 .f03 .hip .ispc
[0.436s] 
[0.436s] [0m
[0.437s] [31mCMake Error at CMakeLists.txt:13 (add_executable):
[0.437s]   No SOURCES given to target: velodyne_description_node
[0.437s] 
[0.437s] [0m
[0.437s] [0mCMake Generate step failed.  Build files cannot be regenerated correctly.[0m
[0.444s] Invoked command in '/home/chen/Task/navigation_ws/build/velodyne_description' returned '1': CONDA_PROMPT_MODIFIER=(base) /usr/bin/cmake /home/chen/Task/navigation_ws/src/velodyne_simulator/velodyne_description -DCATKIN_INSTALL_INTO_PREFIX_ROOT=0 -DCMAKE_INSTALL_PREFIX=/home/chen/Task/navigation_ws/install/velodyne_description
