[0.015s] Invoking command in '/home/chen/Task/navigation_ws/build/terrain_analysis': CONDA_PROMPT_MODIFIER=(base) /usr/bin/cmake /home/chen/Task/navigation_ws/src/terrain_analysis -DCATKIN_INSTALL_INTO_PREFIX_ROOT=0 -DCMAKE_INSTALL_PREFIX=/home/chen/Task/navigation_ws/install/terrain_analysis
[0.019s] [0mCMake Deprecation Warning at CMakeLists.txt:1 (cmake_minimum_required):
[0.020s]   Compatibility with CMake < 2.8.12 will be removed from a future version of
[0.020s]   CMake.
[0.020s] 
[0.020s]   Update the VERSION argument <min> value or use a ...<max> suffix to tell
[0.020s]   CMake that the project does not need compatibility with older versions.
[0.020s] 
[0.020s] [0m
[0.056s] -- The C compiler identification is GNU 11.4.0
[0.097s] -- The CXX compiler identification is GNU 11.4.0
[0.103s] -- Detecting C compiler ABI info
[0.155s] -- Detecting C compiler ABI info - done
[0.160s] -- Check for working C compiler: /usr/bin/cc - skipped
[0.160s] -- Detecting C compile features
[0.160s] -- Detecting C compile features - done
[0.162s] -- Detecting CXX compiler ABI info
[0.221s] -- Detecting CXX compiler ABI info - done
[0.226s] -- Check for working CXX compiler: /usr/bin/c++ - skipped
[0.226s] -- Detecting CXX compile features
[0.226s] -- Detecting CXX compile features - done
[0.235s] [31mCMake Error at CMakeLists.txt:10 (find_package):
[0.236s]   By not providing "Findcatkin.cmake" in CMAKE_MODULE_PATH this project has
[0.236s]   asked CMake to find a package configuration file provided by "catkin", but
[0.236s]   CMake did not find one.
[0.236s] 
[0.236s]   Could not find a package configuration file provided by "catkin" with any
[0.236s]   of the following names:
[0.236s] 
[0.236s]     catkinConfig.cmake
[0.236s]     catkin-config.cmake
[0.236s] 
[0.236s]   Add the installation prefix of "catkin" to CMAKE_PREFIX_PATH or set
[0.236s]   "catkin_DIR" to a directory containing one of the above files.  If "catkin"
[0.236s]   provides a separate development package or SDK, be sure it has been
[0.236s]   installed.
[0.236s] 
[0.236s] [0m
[0.236s] -- Configuring incomplete, errors occurred!
[0.236s] See also "/home/chen/Task/navigation_ws/build/terrain_analysis/CMakeFiles/CMakeOutput.log".
