running egg_info
creating ../../build/task_two/task_two.egg-info
writing ../../build/task_two/task_two.egg-info/PKG-INFO
writing dependency_links to ../../build/task_two/task_two.egg-info/dependency_links.txt
writing entry points to ../../build/task_two/task_two.egg-info/entry_points.txt
writing requirements to ../../build/task_two/task_two.egg-info/requires.txt
writing top-level names to ../../build/task_two/task_two.egg-info/top_level.txt
writing manifest file '../../build/task_two/task_two.egg-info/SOURCES.txt'
reading manifest file '../../build/task_two/task_two.egg-info/SOURCES.txt'
writing manifest file '../../build/task_two/task_two.egg-info/SOURCES.txt'
running build
running build_py
creating /home/chen/Task/navigation_ws/build/task_two/build
creating /home/chen/Task/navigation_ws/build/task_two/build/lib
creating /home/chen/Task/navigation_ws/build/task_two/build/lib/task_two
copying task_two/__init__.py -> /home/chen/Task/navigation_ws/build/task_two/build/lib/task_two
running install
running install_lib
creating /home/chen/Task/navigation_ws/install/task_two/lib/python3.10/site-packages/task_two
copying /home/chen/Task/navigation_ws/build/task_two/build/lib/task_two/__init__.py -> /home/chen/Task/navigation_ws/install/task_two/lib/python3.10/site-packages/task_two
byte-compiling /home/chen/Task/navigation_ws/install/task_two/lib/python3.10/site-packages/task_two/__init__.py to __init__.cpython-310.pyc
running install_data
creating /home/chen/Task/navigation_ws/install/task_two/share/ament_index
creating /home/chen/Task/navigation_ws/install/task_two/share/ament_index/resource_index
creating /home/chen/Task/navigation_ws/install/task_two/share/ament_index/resource_index/packages
copying resource/task_two -> /home/chen/Task/navigation_ws/install/task_two/share/ament_index/resource_index/packages
copying package.xml -> /home/chen/Task/navigation_ws/install/task_two/share/task_two
running install_egg_info
Copying ../../build/task_two/task_two.egg-info to /home/chen/Task/navigation_ws/install/task_two/lib/python3.10/site-packages/task_two-0.0.0-py3.10.egg-info
running install_scripts
writing list of installed files to '/home/chen/Task/navigation_ws/build/task_two/install.log'
