[0.020s] Invoking command in '/home/chen/Task/navigation_ws/build/velodyne_description': CONDA_PROMPT_MODIFIER=(base) /usr/bin/cmake --build /home/chen/Task/navigation_ws/build/velodyne_description -- -j16 -l16
[0.317s] Invoked command in '/home/chen/Task/navigation_ws/build/velodyne_description' returned '0': CONDA_PROMPT_MODIFIER=(base) /usr/bin/cmake --build /home/chen/Task/navigation_ws/build/velodyne_description -- -j16 -l16
[0.358s] Invoking command in '/home/chen/Task/navigation_ws/build/velodyne_description': CONDA_PROMPT_MODIFIER=(base) /usr/bin/cmake --install /home/chen/Task/navigation_ws/build/velodyne_description
[0.365s] -- Install configuration: ""
[0.365s] -- Up-to-date: /home/chen/Task/navigation_ws/install/velodyne_description/share/velodyne_description/urdf
[0.365s] -- Up-to-date: /home/chen/Task/navigation_ws/install/velodyne_description/share/velodyne_description/urdf/HDL-32E.urdf.xacro
[0.365s] -- Up-to-date: /home/chen/Task/navigation_ws/install/velodyne_description/share/velodyne_description/urdf/VLP-16.urdf.xacro
[0.365s] -- Up-to-date: /home/chen/Task/navigation_ws/install/velodyne_description/share/velodyne_description/urdf/example.urdf.xacro
[0.365s] -- Up-to-date: /home/chen/Task/navigation_ws/install/velodyne_description/share/velodyne_description/launch
[0.365s] -- Up-to-date: /home/chen/Task/navigation_ws/install/velodyne_description/share/velodyne_description/launch/example.launch
[0.365s] -- Up-to-date: /home/chen/Task/navigation_ws/install/velodyne_description/share/velodyne_description/meshes
[0.365s] -- Up-to-date: /home/chen/Task/navigation_ws/install/velodyne_description/share/velodyne_description/meshes/VLP16_base_1.dae
[0.365s] -- Up-to-date: /home/chen/Task/navigation_ws/install/velodyne_description/share/velodyne_description/meshes/HDL32E_base.stl
[0.365s] -- Up-to-date: /home/chen/Task/navigation_ws/install/velodyne_description/share/velodyne_description/meshes/VLP16_base_1.stl
[0.365s] -- Up-to-date: /home/chen/Task/navigation_ws/install/velodyne_description/share/velodyne_description/meshes/VLP16_base_2.dae
[0.365s] -- Up-to-date: /home/chen/Task/navigation_ws/install/velodyne_description/share/velodyne_description/meshes/VLP16_base_2.stl
[0.365s] -- Up-to-date: /home/chen/Task/navigation_ws/install/velodyne_description/share/velodyne_description/meshes/HDL32E_base.dae
[0.365s] -- Up-to-date: /home/chen/Task/navigation_ws/install/velodyne_description/share/velodyne_description/meshes/VLP16_scan.dae
[0.365s] -- Up-to-date: /home/chen/Task/navigation_ws/install/velodyne_description/share/velodyne_description/meshes/HDL32E_scan.stl
[0.365s] -- Up-to-date: /home/chen/Task/navigation_ws/install/velodyne_description/share/velodyne_description/meshes/VLP16_scan.stl
[0.365s] -- Up-to-date: /home/chen/Task/navigation_ws/install/velodyne_description/share/velodyne_description/meshes/HDL32E_scan.dae
[0.366s] -- Up-to-date: /home/chen/Task/navigation_ws/install/velodyne_description/share/velodyne_description/package.xml
[0.366s] -- Up-to-date: /home/chen/Task/navigation_ws/install/velodyne_description/share/velodyne_description/CMakeLists.txt
[0.372s] -- Up-to-date: /home/chen/Task/navigation_ws/install/velodyne_description/share/ament_index/resource_index/package_run_dependencies/velodyne_description
[0.372s] -- Up-to-date: /home/chen/Task/navigation_ws/install/velodyne_description/share/ament_index/resource_index/parent_prefix_path/velodyne_description
[0.372s] -- Up-to-date: /home/chen/Task/navigation_ws/install/velodyne_description/share/velodyne_description/environment/ament_prefix_path.sh
[0.372s] -- Up-to-date: /home/chen/Task/navigation_ws/install/velodyne_description/share/velodyne_description/environment/ament_prefix_path.dsv
[0.372s] -- Up-to-date: /home/chen/Task/navigation_ws/install/velodyne_description/share/velodyne_description/environment/path.sh
[0.372s] -- Up-to-date: /home/chen/Task/navigation_ws/install/velodyne_description/share/velodyne_description/environment/path.dsv
[0.372s] -- Up-to-date: /home/chen/Task/navigation_ws/install/velodyne_description/share/velodyne_description/local_setup.bash
[0.372s] -- Up-to-date: /home/chen/Task/navigation_ws/install/velodyne_description/share/velodyne_description/local_setup.sh
[0.373s] -- Up-to-date: /home/chen/Task/navigation_ws/install/velodyne_description/share/velodyne_description/local_setup.zsh
[0.373s] -- Up-to-date: /home/chen/Task/navigation_ws/install/velodyne_description/share/velodyne_description/local_setup.dsv
[0.373s] -- Up-to-date: /home/chen/Task/navigation_ws/install/velodyne_description/share/velodyne_description/package.dsv
[0.373s] -- Up-to-date: /home/chen/Task/navigation_ws/install/velodyne_description/share/ament_index/resource_index/packages/velodyne_description
[0.373s] -- Up-to-date: /home/chen/Task/navigation_ws/install/velodyne_description/share/velodyne_description/cmake/ament_cmake_export_dependencies-extras.cmake
[0.373s] -- Up-to-date: /home/chen/Task/navigation_ws/install/velodyne_description/share/velodyne_description/cmake/velodyne_descriptionConfig.cmake
[0.373s] -- Up-to-date: /home/chen/Task/navigation_ws/install/velodyne_description/share/velodyne_description/cmake/velodyne_descriptionConfig-version.cmake
[0.373s] -- Up-to-date: /home/chen/Task/navigation_ws/install/velodyne_description/share/velodyne_description/package.xml
[0.375s] Invoked command in '/home/chen/Task/navigation_ws/build/velodyne_description' returned '0': CONDA_PROMPT_MODIFIER=(base) /usr/bin/cmake --install /home/chen/Task/navigation_ws/build/velodyne_description
