[0.008s] Invoking command in '/home/chen/Task/navigation_ws/build/task_one_build_bot': CMAKE_PREFIX_PATH=/opt/ros/humble CONDA_PROMPT_MODIFIER=(base) /usr/bin/cmake /home/chen/Task/navigation_ws/src/task_one_build_bot -DCMAKE_INSTALL_PREFIX=/home/chen/Task/navigation_ws/install/task_one_build_bot
[0.018s] -- Found ament_cmake: 1.3.10 (/opt/ros/humble/share/ament_cmake/cmake)
[0.104s] -- Found urdf: 2.6.1 (/opt/ros/humble/share/urdf/cmake)
[0.126s] -- Found xacro: 2.0.8 (/opt/ros/humble/share/xacro/cmake)
[0.127s] -- Found rclcpp: 16.0.10 (/opt/ros/humble/share/rclcpp/cmake)
[0.137s] -- Found rosidl_generator_c: 3.1.5 (/opt/ros/humble/share/rosidl_generator_c/cmake)
[0.138s] -- Found rosidl_adapter: 3.1.5 (/opt/ros/humble/share/rosidl_adapter/cmake)
[0.142s] -- Found rosidl_generator_cpp: 3.1.5 (/opt/ros/humble/share/rosidl_generator_cpp/cmake)
[0.147s] -- Using all available rosidl_typesupport_c: rosidl_typesupport_fastrtps_c;rosidl_typesupport_introspection_c
[0.152s] -- Using all available rosidl_typesupport_cpp: rosidl_typesupport_fastrtps_cpp;rosidl_typesupport_introspection_cpp
[0.170s] -- Found rmw_implementation_cmake: 6.1.2 (/opt/ros/humble/share/rmw_implementation_cmake/cmake)
[0.170s] -- Found rmw_fastrtps_cpp: 6.2.7 (/opt/ros/humble/share/rmw_fastrtps_cpp/cmake)
[0.181s] -- Found TinyXML2 via Config file: TinyXML2_DIR-NOTFOUND
[0.187s] -- Found TinyXML2 via Config file: TinyXML2_DIR-NOTFOUND
[0.198s] -- Found TinyXML2 via Config file: TinyXML2_DIR-NOTFOUND
[0.203s] -- Found TinyXML2 via Config file: TinyXML2_DIR-NOTFOUND
[0.210s] -- Using RMW implementation 'rmw_fastrtps_cpp' as default
[0.239s] -- Found rclpy: 3.3.14 (/opt/ros/humble/share/rclpy/cmake)
[0.239s] -- Found robot_state_publisher: 3.0.3 (/opt/ros/humble/share/robot_state_publisher/cmake)
[0.248s] -- Found eigen3_cmake_module: 0.1.1 (/opt/ros/humble/share/eigen3_cmake_module/cmake)
[0.248s] -- Ensuring Eigen3 include directory is part of orocos-kdl CMake target
[0.312s] [31mCMake Error at CMakeLists.txt:15 (find_package):
[0.312s]   By not providing "Findjoint_state_publisher.cmake" in CMAKE_MODULE_PATH
[0.312s]   this project has asked CMake to find a package configuration file provided
[0.312s]   by "joint_state_publisher", but CMake did not find one.
[0.312s] 
[0.312s]   Could not find a package configuration file provided by
[0.312s]   "joint_state_publisher" with any of the following names:
[0.312s] 
[0.312s]     joint_state_publisherConfig.cmake
[0.312s]     joint_state_publisher-config.cmake
[0.312s] 
[0.312s]   Add the installation prefix of "joint_state_publisher" to CMAKE_PREFIX_PATH
[0.313s]   or set "joint_state_publisher_DIR" to a directory containing one of the
[0.313s]   above files.  If "joint_state_publisher" provides a separate development
[0.313s]   package or SDK, be sure it has been installed.
[0.313s] 
[0.313s] [0m
[0.313s] -- Configuring incomplete, errors occurred!
[0.313s] See also "/home/chen/Task/navigation_ws/build/task_one_build_bot/CMakeFiles/CMakeOutput.log".
[0.317s] Invoked command in '/home/chen/Task/navigation_ws/build/task_one_build_bot' returned '1': CMAKE_PREFIX_PATH=/opt/ros/humble CONDA_PROMPT_MODIFIER=(base) /usr/bin/cmake /home/chen/Task/navigation_ws/src/task_one_build_bot -DCMAKE_INSTALL_PREFIX=/home/chen/Task/navigation_ws/install/task_one_build_bot
